WARNING "GET /static/flags/__.gif HTTP/1.1" 404 1795
INFO Watching for file changes with StatReloader
INFO "GET /posts/all/ HTTP/1.1" 200 8108
INFO "GET /posts/all/ HTTP/1.1" 200 8108
INFO C:\Users\ebedr\Desktop\erin\agri_trade\agri_trade\settings.py changed, reloading.
2022-11-14 17:17:56,287 [INFO] Watching for file changes with StatReloader
2022-11-14 17:18:09,988 [INFO] "GET /marketplace/product-add/ HTTP/1.1" 200 32264
2022-11-14 17:18:10,019 [WARNING] "GET /static/flags/__.gif HTTP/1.1" 404 1795
2022-11-14 17:18:10,962 [INFO] "GET /messages/ HTTP/1.1" 200 6247
2022-11-14 17:18:12,259 [INFO] "GET / HTTP/1.1" 200 6427
2022-11-14 17:18:12,525 [INFO] "GET /posts/all/ HTTP/1.1" 200 8108
2022-11-14 17:19:10,849 [INFO] "GET / HTTP/1.1" 200 6427
2022-11-14 17:19:41,308 [INFO] "GET /marketplace/product-add/ HTTP/1.1" 200 32264
2022-11-14 17:19:41,362 [WARNING] "GET /static/flags/__.gif HTTP/1.1" 404 1795
2022-11-14 17:19:45,441 [INFO] "GET /messages/ HTTP/1.1" 200 6247
2022-11-14 17:19:48,279 [INFO] "GET /posts/all/ HTTP/1.1" 200 8108
2022-11-14 17:19:54,258 [INFO] "GET /posts/post/5/ HTTP/1.1" 200 8857
2022-11-14 17:19:58,906 [INFO] "GET /posts/post/5/comments/ HTTP/1.1" 200 5626
2022-11-14 17:20:03,499 [INFO] "POST /posts/post/5/comments/ HTTP/1.1" 302 0
2022-11-14 17:20:03,519 [INFO] "GET /posts/post/5/comments/ HTTP/1.1" 200 6445
2022-11-14 17:20:11,268 [INFO] "GET /posts/all/ HTTP/1.1" 200 8108
2022-11-14 17:20:12,980 [INFO] "GET / HTTP/1.1" 200 6427
2022-11-14 17:20:16,200 [INFO] "GET /accounts/logout/ HTTP/1.1" 302 0
2022-11-14 17:20:16,205 [INFO] "GET / HTTP/1.1" 200 5229
2022-11-14 17:21:16,226 [INFO] "GET /posts/all/ HTTP/1.1" 200 6589
2022-11-14 17:21:16,673 [INFO] C:\Users\ebedr\Desktop\erin\agri_trade\agri_trade\settings.py changed, reloading.
[2022-11-14 17:21:17,699] - [INFO] Watching for file changes with StatReloader
[2022-11-14 17:21:18,013] - [INFO] "GET /posts/all/ HTTP/1.1" 200 6589
[2022-11-14 17:21:18,356] - [INFO] "GET / HTTP/1.1" 200 4909
[2022-11-14 17:21:18,690] - [INFO] "GET / HTTP/1.1" 200 4909
[2022-11-14 17:21:57,439] - [INFO] "GET /accounts/login/ HTTP/1.1" 200 4543
[2022-11-14 17:21:59,162] - [INFO] "POST /accounts/login/ HTTP/1.1" 302 0
[2022-11-14 17:21:59,226] - [INFO] "GET /marketplace/ HTTP/1.1" 200 22017
[2022-11-14 17:22:33,172] - [INFO] "GET /posts/all/ HTTP/1.1" 200 8108
[2022-11-14 17:22:34,115] - [INFO] "GET / HTTP/1.1" 200 6427
[2022-11-16 14:06:16,835] - [INFO] Watching for file changes with StatReloader
[2022-11-16 14:06:24,176] - [WARNING] Not Found: /watch/all/
[2022-11-16 14:06:24,177] - [WARNING] "GET /watch/all/ HTTP/1.1" 404 3559
[2022-11-16 14:06:24,440] - [WARNING] Not Found: /favicon.ico
[2022-11-16 14:06:24,441] - [WARNING] "GET /favicon.ico HTTP/1.1" 404 3562
[2022-11-16 14:07:36,853] - [INFO] "GET / HTTP/1.1" 200 6427
[2022-11-16 14:07:36,876] - [INFO] "GET /static/img/logo.png HTTP/1.1" 304 0
[2022-11-16 14:07:36,877] - [INFO] "GET /static/css/style.css HTTP/1.1" 304 0
[2022-11-16 14:07:36,879] - [INFO] "GET /static/img/homepage_circle.png HTTP/1.1" 304 0
[2022-11-16 14:07:36,879] - [INFO] "GET /static/js/scripts.js HTTP/1.1" 304 0
[2022-11-16 14:07:37,470] - [INFO] "GET /static/img/flaticon.png HTTP/1.1" 200 11490
[2022-11-16 14:07:38,456] - [INFO] "GET /posts/all/ HTTP/1.1" 200 8113
[2022-11-16 14:07:39,175] - [INFO] "GET / HTTP/1.1" 200 6427
[2022-11-16 14:07:51,778] - [INFO] "GET /accounts/logout/ HTTP/1.1" 302 0
[2022-11-16 14:07:51,783] - [INFO] "GET / HTTP/1.1" 200 5229
[2022-11-16 14:07:59,690] - [INFO] "GET / HTTP/1.1" 200 4909
[2022-11-16 14:08:00,235] - [INFO] "GET /posts/all/ HTTP/1.1" 200 6594
[2022-11-16 14:08:01,264] - [INFO] "GET /posts/post/6/ HTTP/1.1" 200 7339
[2022-11-16 14:08:04,948] - [INFO] "GET / HTTP/1.1" 200 4909
[2022-11-16 14:08:06,010] - [INFO] "GET /accounts/login/ HTTP/1.1" 200 4543
[2022-11-16 14:08:09,873] - [INFO] "POST /accounts/login/ HTTP/1.1" 302 0
[2022-11-16 14:08:09,939] - [INFO] "GET /marketplace/ HTTP/1.1" 200 22815
[2022-11-16 14:08:20,712] - [INFO] "GET /marketplace/product-details/28 HTTP/1.1" 200 7102
[2022-11-16 14:08:20,739] - [INFO] "GET /media/produces/output-onlinepngtools.png HTTP/1.1" 200 14163
[2022-11-16 14:08:22,914] - [INFO] "GET / HTTP/1.1" 200 6431
[2022-11-16 14:08:24,294] - [INFO] "GET /marketplace/ HTTP/1.1" 200 22501
[2022-11-16 14:08:57,156] - [INFO] "GET /posts/all/ HTTP/1.1" 200 8117
[2022-11-16 14:08:58,229] - [INFO] "GET /posts/post/6/ HTTP/1.1" 200 8862
[2022-11-16 14:09:00,502] - [INFO] "GET /posts/post/6/comments/ HTTP/1.1" 200 13495
[2022-11-16 14:19:22,205] - [INFO] C:\Users\ebedr\Desktop\erin\agri_trade\agri_trade\posts\models.py changed, reloading.
[2022-11-16 14:19:22,873] - [INFO] Watching for file changes with StatReloader
[2022-11-16 14:20:32,746] - [INFO] C:\Users\ebedr\Desktop\erin\agri_trade\agri_trade\posts\views.py changed, reloading.
[2022-11-16 14:20:33,355] - [INFO] Watching for file changes with StatReloader
[2022-11-16 14:22:14,622] - [INFO] "GET /admin/ HTTP/1.1" 302 0
[2022-11-16 14:22:14,687] - [INFO] "GET /admin/login/?next=/admin/ HTTP/1.1" 200 2374
[2022-11-16 14:22:15,224] - [INFO] "GET /static/admin/css/dark_mode.css HTTP/1.1" 200 796
[2022-11-16 14:22:15,226] - [INFO] "GET /static/admin/css/nav_sidebar.css HTTP/1.1" 200 2619
[2022-11-16 14:22:15,226] - [INFO] "GET /static/admin/css/login.css HTTP/1.1" 200 958
[2022-11-16 14:22:15,226] - [INFO] "GET /static/admin/css/responsive.css HTTP/1.1" 200 18854
[2022-11-16 14:22:15,227] - [INFO] "GET /static/admin/css/base.css HTTP/1.1" 200 20344
[2022-11-16 14:22:15,229] - [INFO] "GET /static/admin/js/nav_sidebar.js HTTP/1.1" 200 3763
[2022-11-16 14:22:15,662] - [INFO] "GET /admin/ HTTP/1.1" 302 0
[2022-11-16 14:22:15,673] - [INFO] "GET /admin/login/?next=/admin/ HTTP/1.1" 200 2374
[2022-11-16 14:22:15,725] - [INFO] "GET /static/admin/css/fonts.css HTTP/1.1" 200 423
[2022-11-16 14:22:15,761] - [INFO] "GET /static/admin/fonts/Roboto-Light-webfont.woff HTTP/1.1" 200 85692
[2022-11-16 14:22:15,762] - [INFO] "GET /static/admin/fonts/Roboto-Regular-webfont.woff HTTP/1.1" 200 85876
[2022-11-16 14:22:15,762] - [INFO] "GET /static/admin/fonts/Roboto-Bold-webfont.woff HTTP/1.1" 200 86184
[2022-11-16 14:22:19,510] - [INFO] "POST /admin/login/?next=/admin/ HTTP/1.1" 200 2535
[2022-11-16 14:22:22,193] - [INFO] "POST /admin/login/?next=/admin/ HTTP/1.1" 302 0
[2022-11-16 14:22:22,227] - [INFO] "GET /admin/ HTTP/1.1" 200 9108
[2022-11-16 14:22:22,254] - [INFO] "GET /static/admin/css/dashboard.css HTTP/1.1" 200 380
[2022-11-16 14:22:22,284] - [INFO] "GET /static/admin/img/icon-changelink.svg HTTP/1.1" 200 380
[2022-11-16 14:22:22,284] - [INFO] "GET /static/admin/img/icon-addlink.svg HTTP/1.1" 200 331
[2022-11-16 14:22:22,284] - [INFO] "GET /static/admin/img/icon-deletelink.svg HTTP/1.1" 200 392
[2022-11-16 14:22:25,453] - [INFO] "GET /admin/auth/user/ HTTP/1.1" 200 12636
[2022-11-16 14:22:25,491] - [INFO] "GET /static/admin/css/changelists.css HTTP/1.1" 200 6395
[2022-11-16 14:22:25,496] - [INFO] "GET /admin/jsi18n/ HTTP/1.1" 200 3343
[2022-11-16 14:22:25,496] - [INFO] "GET /static/admin/js/jquery.init.js HTTP/1.1" 200 347
[2022-11-16 14:22:25,500] - [INFO] "GET /static/admin/js/core.js HTTP/1.1" 200 5698
[2022-11-16 14:22:25,501] - [INFO] "GET /static/admin/js/admin/RelatedObjectLookups.js HTTP/1.1" 200 8985
[2022-11-16 14:22:25,507] - [INFO] "GET /static/admin/js/actions.js HTTP/1.1" 200 7872
[2022-11-16 14:22:25,509] - [INFO] "GET /static/admin/js/urlify.js HTTP/1.1" 200 7902
[2022-11-16 14:22:25,509] - [INFO] "GET /static/admin/js/prepopulate.js HTTP/1.1" 200 1531
[2022-11-16 14:22:25,534] - [INFO] "GET /static/admin/js/vendor/jquery/jquery.js HTTP/1.1" 200 288580
[2022-11-16 14:22:25,543] - [INFO] "GET /static/admin/js/vendor/xregexp/xregexp.js HTTP/1.1" 200 232381
[2022-11-16 14:22:25,548] - [INFO] "GET /static/admin/js/filters.js HTTP/1.1" 200 966
[2022-11-16 14:22:25,554] - [INFO] "GET /static/admin/img/search.svg HTTP/1.1" 200 458
[2022-11-16 14:22:25,560] - [INFO] "GET /static/admin/img/icon-no.svg HTTP/1.1" 200 560
[2022-11-16 14:22:25,560] - [INFO] "GET /static/admin/img/icon-yes.svg HTTP/1.1" 200 436
[2022-11-16 14:22:25,571] - [INFO] "GET /static/admin/img/sorting-icons.svg HTTP/1.1" 200 1097
[2022-11-16 14:22:25,571] - [INFO] "GET /static/admin/img/tooltag-add.svg HTTP/1.1" 200 331
[2022-11-16 14:22:36,589] - [INFO] "GET /admin/marketplace/product/ HTTP/1.1" 200 20722
[2022-11-16 14:22:36,618] - [INFO] "GET /admin/jsi18n/ HTTP/1.1" 200 3343
[2022-11-16 14:22:44,796] - [INFO] "GET /admin/posts/post/ HTTP/1.1" 200 9444
[2022-11-16 14:22:44,829] - [INFO] "GET /admin/jsi18n/ HTTP/1.1" 200 3343
[2022-11-16 14:22:46,585] - [INFO] "GET /admin/user_messages/message/ HTTP/1.1" 200 15055
[2022-11-16 14:22:46,606] - [INFO] "GET /admin/jsi18n/ HTTP/1.1" 200 3343
[2022-11-16 14:22:48,679] - [INFO] "GET /admin/marketplace/product/ HTTP/1.1" 200 20722
[2022-11-16 14:22:48,713] - [INFO] "GET /admin/jsi18n/ HTTP/1.1" 200 3343
[2022-11-16 14:23:51,467] - [INFO] "GET /admin/marketplace/product/28/change/ HTTP/1.1" 200 37609
[2022-11-16 14:23:51,499] - [INFO] "GET /static/admin/css/forms.css HTTP/1.1" 200 8944
[2022-11-16 14:23:51,500] - [INFO] "GET /admin/jsi18n/ HTTP/1.1" 200 3343
[2022-11-16 14:23:51,526] - [INFO] "GET /static/admin/css/widgets.css HTTP/1.1" 200 11297
[2022-11-16 14:23:51,527] - [INFO] "GET /static/admin/js/prepopulate_init.js HTTP/1.1" 200 586
[2022-11-16 14:23:51,541] - [INFO] "GET /static/admin/img/icon-viewlink.svg HTTP/1.1" 200 581
[2022-11-16 14:23:51,542] - [INFO] "GET /static/admin/js/change_form.js HTTP/1.1" 200 606
[2022-11-16 14:24:12,002] - [INFO] "GET /admin/marketplace/product/ HTTP/1.1" 200 20722
[2022-11-16 14:26:42,938] - [INFO] C:\Users\ebedr\Desktop\erin\agri_trade\agri_trade\marketplace\admin.py changed, reloading.
[2022-11-16 14:26:43,883] - [INFO] Watching for file changes with StatReloader
[2022-11-16 14:27:03,110] - [INFO] C:\Users\ebedr\Desktop\erin\agri_trade\agri_trade\marketplace\admin.py changed, reloading.
[2022-11-16 14:27:03,804] - [INFO] Watching for file changes with StatReloader
[2022-11-16 14:27:04,082] - [INFO] "GET /admin/marketplace/product/ HTTP/1.1" 200 19552
[2022-11-16 14:27:04,116] - [INFO] "GET /admin/jsi18n/ HTTP/1.1" 200 3343
[2022-11-16 14:30:42,326] - [INFO] "GET /admin/posts/post/ HTTP/1.1" 200 9444
[2022-11-16 14:30:42,365] - [INFO] "GET /admin/jsi18n/ HTTP/1.1" 200 3343
[2022-11-16 14:31:10,499] - [INFO] C:\Users\ebedr\Desktop\erin\agri_trade\agri_trade\posts\admin.py changed, reloading.
[2022-11-16 14:31:11,168] - [INFO] Watching for file changes with StatReloader
[2022-11-16 14:31:11,958] - [INFO] "GET /admin/posts/post/ HTTP/1.1" 200 9533
[2022-11-16 14:31:11,995] - [INFO] "GET /admin/jsi18n/ HTTP/1.1" 200 3343
[2022-11-16 14:31:25,771] - [INFO] "GET /admin/posts/post/ HTTP/1.1" 200 9533
[2022-11-16 14:31:25,797] - [INFO] "GET /admin/jsi18n/ HTTP/1.1" 200 3343
[2022-11-16 14:31:26,081] - [INFO] C:\Users\ebedr\Desktop\erin\agri_trade\agri_trade\posts\admin.py changed, reloading.
[2022-11-16 14:31:27,104] - [INFO] Watching for file changes with StatReloader
[2022-11-16 14:31:27,840] - [INFO] "GET /admin/posts/post/ HTTP/1.1" 200 9533
[2022-11-16 14:31:27,869] - [INFO] "GET /admin/jsi18n/ HTTP/1.1" 200 3343
[2022-11-16 14:31:36,352] - [INFO] "GET /admin/posts/post/6/change/ HTTP/1.1" 200 16445
[2022-11-16 14:31:36,385] - [INFO] "GET /admin/jsi18n/ HTTP/1.1" 200 3343
[2022-11-16 14:31:36,580] - [INFO] "GET /static/ckeditor/ckeditor-init.js HTTP/1.1" 200 1526
[2022-11-16 14:31:36,706] - [INFO] "GET /static/ckeditor/ckeditor/ckeditor.js HTTP/1.1" 200 756028
[2022-11-16 14:31:36,779] - [INFO] "GET /static/ckeditor/ckeditor/config.js?t=M6K9 HTTP/1.1" 200 336
[2022-11-16 14:31:36,827] - [INFO] "GET /static/ckeditor/ckeditor/skins/moono-lisa/editor.css?t=M6K9 HTTP/1.1" 200 48309
[2022-11-16 14:31:36,828] - [INFO] "GET /static/ckeditor/ckeditor/lang/en.js?t=M6K9 HTTP/1.1" 200 17503
[2022-11-16 14:31:36,844] - [INFO] "GET /static/ckeditor/ckeditor/styles.js?t=M6K9 HTTP/1.1" 200 5577
[2022-11-16 14:31:36,855] - [INFO] "GET /static/ckeditor/ckeditor/plugins/scayt/skins/moono-lisa/scayt.css?t=M6K9 HTTP/1.1" 200 381
[2022-11-16 14:31:36,855] - [INFO] "GET /static/ckeditor/ckeditor/plugins/scayt/dialogs/dialog.css?t=M6K9 HTTP/1.1" 200 419
[2022-11-16 14:31:36,857] - [INFO] "GET /static/ckeditor/ckeditor/plugins/tableselection/styles/tableselection.css?t=M6K9 HTTP/1.1" 200 1145
[2022-11-16 14:31:36,858] - [INFO] "GET /static/ckeditor/ckeditor/plugins/dialog/styles/dialog.css?t=M6K9 HTTP/1.1" 200 249
[2022-11-16 14:31:36,862] - [INFO] "GET /static/ckeditor/ckeditor/plugins/copyformatting/styles/copyformatting.css?t=M6K9 HTTP/1.1" 200 1511
[2022-11-16 14:31:36,884] - [INFO] "GET /static/ckeditor/ckeditor/skins/moono-lisa/icons.png?t=445cf24ebd HTTP/1.1" 200 12237
[2022-11-16 14:31:36,925] - [INFO] "GET /static/ckeditor/ckeditor/contents.css?t=M6K9 HTTP/1.1" 200 3092
[2022-11-16 14:31:43,097] - [INFO] "GET /admin/posts/post/ HTTP/1.1" 200 9533
[2022-11-16 14:31:48,383] - [INFO] "GET /admin/user_messages/message/ HTTP/1.1" 200 15055
[2022-11-16 14:31:48,421] - [INFO] "GET /admin/jsi18n/ HTTP/1.1" 200 3343
[2022-11-16 14:32:18,941] - [INFO] "GET /admin/user_messages/message/ HTTP/1.1" 200 15055
[2022-11-16 14:32:18,964] - [INFO] "GET /admin/jsi18n/ HTTP/1.1" 200 3343
[2022-11-16 14:32:19,421] - [INFO] C:\Users\ebedr\Desktop\erin\agri_trade\agri_trade\user_messages\admin.py changed, reloading.
[2022-11-16 14:32:20,164] - [INFO] Watching for file changes with StatReloader
[2022-11-16 14:32:20,496] - [INFO] "GET /admin/user_messages/message/ HTTP/1.1" 200 15752
[2022-11-16 14:32:20,519] - [INFO] "GET /admin/jsi18n/ HTTP/1.1" 200 3343
[2022-11-16 14:32:33,559] - [INFO] "GET /admin/auth/group/ HTTP/1.1" 200 7355
[2022-11-16 14:32:33,583] - [INFO] "GET /admin/jsi18n/ HTTP/1.1" 200 3343
[2022-11-16 14:32:33,940] - [INFO] "GET /admin/auth/group/ HTTP/1.1" 200 7355
[2022-11-16 14:32:33,963] - [INFO] "GET /admin/jsi18n/ HTTP/1.1" 200 3343
[2022-11-16 14:32:35,033] - [INFO] "GET /admin/auth/user/ HTTP/1.1" 200 12636
[2022-11-16 14:32:35,067] - [INFO] "GET /admin/jsi18n/ HTTP/1.1" 200 3343
[2022-11-16 14:32:37,810] - [INFO] "GET /admin/accounts/company/ HTTP/1.1" 200 11540
[2022-11-16 14:32:37,841] - [INFO] "GET /admin/jsi18n/ HTTP/1.1" 200 3343
[2022-11-16 14:32:47,752] - [INFO] "GET /admin/auth/user/ HTTP/1.1" 200 12636
[2022-11-16 14:32:47,790] - [INFO] "GET /admin/jsi18n/ HTTP/1.1" 200 3343
[2022-11-16 14:32:56,852] - [INFO] "GET /admin/ HTTP/1.1" 200 9108
[2022-11-16 14:34:50,402] - [INFO] C:\Users\ebedr\Desktop\erin\agri_trade\agri_trade\urls.py changed, reloading.
[2022-11-16 14:34:51,396] - [INFO] Watching for file changes with StatReloader
[2022-11-16 14:34:51,788] - [INFO] "GET /admin/ HTTP/1.1" 200 9104
[2022-11-16 14:35:11,271] - [INFO] "GET /admin/ HTTP/1.1" 200 9104
[2022-11-16 14:35:11,497] - [INFO] C:\Users\ebedr\Desktop\erin\agri_trade\agri_trade\urls.py changed, reloading.
[2022-11-16 14:35:12,293] - [INFO] Watching for file changes with StatReloader
[2022-11-16 14:35:12,978] - [INFO] "GET /admin/ HTTP/1.1" 200 9112
[2022-11-16 14:36:17,881] - [INFO] "GET /admin/ HTTP/1.1" 200 9112
[2022-11-16 14:36:20,903] - [INFO] "POST /admin/logout/ HTTP/1.1" 200 1553
[2022-11-16 14:36:23,267] - [INFO] "GET /admin/ HTTP/1.1" 302 0
[2022-11-16 14:36:23,283] - [INFO] "GET /admin/login/?next=/admin/ HTTP/1.1" 200 2222
[2022-11-16 14:36:30,117] - [INFO] "POST /admin/login/?next=/admin/ HTTP/1.1" 302 0
[2022-11-16 14:36:30,135] - [INFO] "GET /admin/ HTTP/1.1" 200 9112
[2022-11-16 14:37:26,782] - [INFO] "POST /admin/logout/ HTTP/1.1" 200 1553
[2022-11-16 14:37:29,082] - [INFO] "GET / HTTP/1.1" 200 4909
[2022-11-16 14:37:30,317] - [INFO] "GET /accounts/login/ HTTP/1.1" 200 4543
[2022-11-16 14:37:35,591] - [INFO] "POST /accounts/login/ HTTP/1.1" 200 5105
[2022-11-16 14:37:44,351] - [INFO] "POST /accounts/login/ HTTP/1.1" 302 0
[2022-11-16 14:37:44,399] - [INFO] "GET /marketplace/ HTTP/1.1" 200 22815
[2022-11-16 14:41:22,138] - [INFO] "GET /marketplace/?q=In%20Conversion HTTP/1.1" 200 16393
[2022-11-16 14:41:25,270] - [INFO] "GET /marketplace/?q=ghjghk HTTP/1.1" 200 14457
[2022-11-16 14:41:29,753] - [INFO] "GET /marketplace/ HTTP/1.1" 200 22501
[2022-11-16 14:41:33,121] - [INFO] "GET /marketplace/favourites/ HTTP/1.1" 200 19365
[2022-11-16 14:45:08,114] - [INFO] C:\Users\ebedr\Desktop\erin\agri_trade\agri_trade\marketplace\views.py changed, reloading.
[2022-11-16 14:45:09,077] - [INFO] Watching for file changes with StatReloader
[2022-11-16 14:45:53,573] - [INFO] "GET /marketplace/favourites/ HTTP/1.1" 200 19667
[2022-11-16 14:45:55,648] - [INFO] "GET /marketplace/my-products/ HTTP/1.1" 200 0
[2022-11-16 14:46:40,680] - [INFO] "GET /marketplace/my-products/ HTTP/1.1" 200 4920
[2022-11-16 14:48:51,913] - [INFO] "GET /marketplace/my-products/ HTTP/1.1" 200 4920
[2022-11-16 14:48:52,555] - [INFO] C:\Users\ebedr\Desktop\erin\agri_trade\agri_trade\marketplace\views.py changed, reloading.
[2022-11-16 14:48:53,262] - [INFO] Watching for file changes with StatReloader
[2022-11-16 14:48:53,601] - [ERROR] Internal Server Error: /marketplace/my-products/
Traceback (most recent call last):
  File "C:\Users\ebedr\Desktop\erin\agri_trade\venv\lib\site-packages\django\core\handlers\exception.py", line 55, in inner
    response = get_response(request)
  File "C:\Users\ebedr\Desktop\erin\agri_trade\venv\lib\site-packages\django\core\handlers\base.py", line 197, in _get_response
    response = wrapped_callback(request, *callback_args, **callback_kwargs)
  File "C:\Users\ebedr\Desktop\erin\agri_trade\venv\lib\site-packages\django\contrib\auth\decorators.py", line 23, in _wrapped_view
    return view_func(request, *args, **kwargs)
  File "C:\Users\ebedr\Desktop\erin\agri_trade\agri_trade\marketplace\views.py", line 218, in show_my_products
    return render(request, 'marketplace/show_my_products.html', context)
  File "C:\Users\ebedr\Desktop\erin\agri_trade\venv\lib\site-packages\django\shortcuts.py", line 24, in render
    content = loader.render_to_string(template_name, context, request, using=using)
  File "C:\Users\ebedr\Desktop\erin\agri_trade\venv\lib\site-packages\django\template\loader.py", line 61, in render_to_string
    template = get_template(template_name, using=using)
  File "C:\Users\ebedr\Desktop\erin\agri_trade\venv\lib\site-packages\django\template\loader.py", line 15, in get_template
    return engine.get_template(template_name)
  File "C:\Users\ebedr\Desktop\erin\agri_trade\venv\lib\site-packages\django\template\backends\django.py", line 34, in get_template
    return Template(self.engine.get_template(template_name), self)
  File "C:\Users\ebedr\Desktop\erin\agri_trade\venv\lib\site-packages\django\template\engine.py", line 175, in get_template
    template, origin = self.find_template(template_name)
  File "C:\Users\ebedr\Desktop\erin\agri_trade\venv\lib\site-packages\django\template\engine.py", line 157, in find_template
    template = loader.get_template(name, skip=skip)
  File "C:\Users\ebedr\Desktop\erin\agri_trade\venv\lib\site-packages\django\template\loaders\cached.py", line 57, in get_template
    template = super().get_template(template_name, skip)
  File "C:\Users\ebedr\Desktop\erin\agri_trade\venv\lib\site-packages\django\template\loaders\base.py", line 28, in get_template
    return Template(
  File "C:\Users\ebedr\Desktop\erin\agri_trade\venv\lib\site-packages\django\template\base.py", line 154, in __init__
    self.nodelist = self.compile_nodelist()
  File "C:\Users\ebedr\Desktop\erin\agri_trade\venv\lib\site-packages\django\template\base.py", line 200, in compile_nodelist
    return parser.parse()
  File "C:\Users\ebedr\Desktop\erin\agri_trade\venv\lib\site-packages\django\template\base.py", line 513, in parse
    raise self.error(token, e)
  File "C:\Users\ebedr\Desktop\erin\agri_trade\venv\lib\site-packages\django\template\base.py", line 511, in parse
    compiled_result = compile_func(self, token)
  File "C:\Users\ebedr\Desktop\erin\agri_trade\venv\lib\site-packages\django\template\loader_tags.py", line 293, in do_extends
    nodelist = parser.parse()
  File "C:\Users\ebedr\Desktop\erin\agri_trade\venv\lib\site-packages\django\template\base.py", line 513, in parse
    raise self.error(token, e)
  File "C:\Users\ebedr\Desktop\erin\agri_trade\venv\lib\site-packages\django\template\base.py", line 511, in parse
    compiled_result = compile_func(self, token)
  File "C:\Users\ebedr\Desktop\erin\agri_trade\venv\lib\site-packages\django\template\loader_tags.py", line 232, in do_block
    nodelist = parser.parse(("endblock",))
  File "C:\Users\ebedr\Desktop\erin\agri_trade\venv\lib\site-packages\django\template\base.py", line 513, in parse
    raise self.error(token, e)
  File "C:\Users\ebedr\Desktop\erin\agri_trade\venv\lib\site-packages\django\template\base.py", line 511, in parse
    compiled_result = compile_func(self, token)
  File "C:\Users\ebedr\Desktop\erin\agri_trade\venv\lib\site-packages\django\template\defaulttags.py", line 854, in do_for
    nodelist_loop = parser.parse(
  File "C:\Users\ebedr\Desktop\erin\agri_trade\venv\lib\site-packages\django\template\base.py", line 484, in parse
    raise self.error(token, e)
  File "C:\Users\ebedr\Desktop\erin\agri_trade\venv\lib\site-packages\django\template\base.py", line 482, in parse
    filter_expression = self.compile_filter(token.contents)
  File "C:\Users\ebedr\Desktop\erin\agri_trade\venv\lib\site-packages\django\template\base.py", line 600, in compile_filter
    return FilterExpression(token, self)
  File "C:\Users\ebedr\Desktop\erin\agri_trade\venv\lib\site-packages\django\template\base.py", line 698, in __init__
    filter_func = parser.find_filter(filter_name)
  File "C:\Users\ebedr\Desktop\erin\agri_trade\venv\lib\site-packages\django\template\base.py", line 606, in find_filter
    raise TemplateSyntaxError("Invalid filter: '%s'" % filter_name)
django.template.exceptions.TemplateSyntaxError: Invalid filter: 'intcomma'
[2022-11-16 14:48:53,607] - [ERROR] "GET /marketplace/my-products/ HTTP/1.1" 500 216447
[2022-11-16 14:49:09,973] - [INFO] "GET /marketplace/my-products/ HTTP/1.1" 200 12467
[2022-11-16 14:49:13,558] - [INFO] "GET /marketplace/my-products/ HTTP/1.1" 200 12467
[2022-11-16 14:49:49,442] - [INFO] "GET /marketplace/my-products/ HTTP/1.1" 200 12543
[2022-11-16 14:49:50,015] - [INFO] "GET /marketplace/my-products/ HTTP/1.1" 200 12543
[2022-11-16 14:49:50,516] - [INFO] "GET /marketplace/my-products/ HTTP/1.1" 200 12543
[2022-11-16 14:49:50,767] - [INFO] "GET /marketplace/my-products/ HTTP/1.1" 200 12543
[2022-11-16 14:49:50,956] - [INFO] "GET /marketplace/my-products/ HTTP/1.1" 200 12543
[2022-11-16 14:51:46,185] - [INFO] "GET /marketplace/my-products/ HTTP/1.1" 200 12543
[2022-11-16 14:51:47,575] - [INFO] "GET /marketplace/my-products/ HTTP/1.1" 200 13219
[2022-11-16 14:51:48,197] - [INFO] "GET /marketplace/my-products/ HTTP/1.1" 200 13219
[2022-11-16 14:51:59,646] - [INFO] "GET /marketplace/my-products/ HTTP/1.1" 200 13219
[2022-11-16 14:52:00,178] - [INFO] "GET /marketplace/my-products/ HTTP/1.1" 200 13219
[2022-11-16 14:52:01,006] - [INFO] "GET /marketplace/my-products/ HTTP/1.1" 200 12710
[2022-11-16 14:52:04,041] - [INFO] "GET /marketplace/ HTTP/1.1" 200 22803
[2022-11-16 14:52:05,790] - [INFO] "GET /marketplace/my-products/ HTTP/1.1" 200 12710
[2022-11-16 14:52:43,153] - [INFO] "GET /marketplace/my-products/ HTTP/1.1" 200 12710
[2022-11-16 14:52:44,013] - [INFO] "GET /marketplace/my-products/ HTTP/1.1" 200 11559
[2022-11-16 14:52:44,678] - [INFO] "GET /marketplace/my-products/ HTTP/1.1" 200 11559
[2022-11-16 14:52:49,409] - [INFO] "GET /marketplace/ HTTP/1.1" 200 22803
[2022-11-16 14:52:51,685] - [INFO] "GET /marketplace/my-products/ HTTP/1.1" 200 11559
[2022-11-16 14:53:13,325] - [INFO] "GET /marketplace/my-products/ HTTP/1.1" 200 11559
[2022-11-16 14:53:14,045] - [INFO] "GET /marketplace/my-products/ HTTP/1.1" 200 11008
[2022-11-16 14:53:18,025] - [INFO] "GET /marketplace/product-details/19 HTTP/1.1" 200 7931
[2022-11-16 14:53:18,171] - [INFO] "GET /static/img/no_photo.jpg HTTP/1.1" 200 16804
[2022-11-16 14:53:29,956] - [INFO] "GET /marketplace/ HTTP/1.1" 200 22803
[2022-11-16 14:53:46,097] - [INFO] "GET /marketplace/favourites/ HTTP/1.1" 200 19667
[2022-11-16 14:53:51,868] - [INFO] "GET /accounts/account/ HTTP/1.1" 200 10565
[2022-11-16 14:54:01,115] - [INFO] "GET /marketplace/ HTTP/1.1" 200 22803
[2022-11-16 14:54:05,008] - [INFO] "GET /marketplace/favourites/ HTTP/1.1" 200 19667
[2022-11-16 14:54:06,222] - [INFO] "GET /marketplace/my-products/ HTTP/1.1" 200 11008
[2022-11-16 14:54:53,704] - [INFO] "GET /marketplace/my-products/ HTTP/1.1" 200 11004
[2022-11-16 14:54:54,201] - [INFO] "GET /marketplace/my-products/ HTTP/1.1" 200 11004
[2022-11-16 14:56:46,989] - [INFO] "GET /marketplace/my-products/ HTTP/1.1" 200 11004
[2022-11-16 14:56:47,081] - [INFO] C:\Users\ebedr\Desktop\erin\agri_trade\agri_trade\marketplace\views.py changed, reloading.
[2022-11-16 14:56:48,262] - [INFO] Watching for file changes with StatReloader
[2022-11-16 14:56:50,095] - [INFO] "GET /marketplace/my-products/ HTTP/1.1" 200 12111
[2022-11-16 14:57:13,869] - [INFO] "GET /marketplace/my-products/ HTTP/1.1" 200 12111
[2022-11-16 14:57:14,380] - [INFO] "GET /marketplace/my-products/ HTTP/1.1" 200 12111
[2022-11-16 14:57:14,594] - [INFO] "GET /marketplace/my-products/ HTTP/1.1" 200 12111
[2022-11-16 14:57:14,772] - [INFO] "GET /marketplace/my-products/ HTTP/1.1" 200 12111
[2022-11-16 14:57:14,813] - [INFO] C:\Users\ebedr\Desktop\erin\agri_trade\agri_trade\marketplace\views.py changed, reloading.
[2022-11-16 14:57:15,560] - [INFO] Watching for file changes with StatReloader
[2022-11-16 14:57:16,337] - [INFO] "GET /marketplace/my-products/ HTTP/1.1" 200 12113
[2022-11-16 14:57:21,729] - [INFO] "GET /marketplace/product-details/19 HTTP/1.1" 200 7931
[2022-11-16 15:01:19,458] - [INFO] "GET /marketplace/my-products/ HTTP/1.1" 200 12113
[2022-11-16 15:01:20,390] - [INFO] "GET /marketplace/my-products/ HTTP/1.1" 200 12133
[2022-11-16 15:01:22,980] - [INFO] "GET /marketplace/my-products/ HTTP/1.1" 200 12133
[2022-11-16 15:02:13,980] - [INFO] "GET /marketplace/my-products/ HTTP/1.1" 200 12454
[2022-11-16 15:02:14,795] - [INFO] "GET /marketplace/my-products/ HTTP/1.1" 200 12454
[2022-11-16 15:02:28,043] - [INFO] "GET /marketplace/my-products/ HTTP/1.1" 200 12454
[2022-11-16 15:02:28,527] - [INFO] "GET /marketplace/my-products/ HTTP/1.1" 200 12454
[2022-11-16 15:02:29,085] - [INFO] "GET /marketplace/my-products/ HTTP/1.1" 200 12356
[2022-11-16 15:02:29,705] - [INFO] "GET /marketplace/my-products/ HTTP/1.1" 200 12356
[2022-11-16 15:02:44,422] - [INFO] "GET /marketplace/my-products/ HTTP/1.1" 200 12356
[2022-11-16 15:02:46,752] - [INFO] "GET /marketplace/my-products/ HTTP/1.1" 200 12344
[2022-11-16 15:02:47,250] - [INFO] "GET /marketplace/my-products/ HTTP/1.1" 200 12344
[2022-11-16 15:03:27,891] - [INFO] "GET /marketplace/my-products/ HTTP/1.1" 200 12438
[2022-11-16 15:03:54,055] - [INFO] "GET / HTTP/1.1" 200 7066
[2022-11-16 15:03:56,008] - [INFO] "GET /imprint/ HTTP/1.1" 200 7450
[2022-11-16 15:04:20,192] - [INFO] "GET / HTTP/1.1" 200 7082
[2022-11-16 15:04:21,725] - [INFO] "GET /data-protection/ HTTP/1.1" 200 7474
[2022-11-16 15:04:44,011] - [INFO] "GET /data-protection/ HTTP/1.1" 200 7495
[2022-11-16 15:04:44,727] - [INFO] "GET /data-protection/ HTTP/1.1" 200 7495
[2022-11-16 15:04:45,357] - [INFO] "GET /data-protection/ HTTP/1.1" 200 7495
[2022-11-16 15:04:45,529] - [INFO] "GET /data-protection/ HTTP/1.1" 200 7495
[2022-11-16 15:04:46,053] - [INFO] "GET /data-protection/ HTTP/1.1" 200 7495
[2022-11-16 15:04:46,594] - [INFO] "GET /imprint/ HTTP/1.1" 200 7487
[2022-11-16 15:04:47,282] - [INFO] "GET /data-protection/ HTTP/1.1" 200 7495
[2022-11-16 15:04:48,037] - [INFO] "GET /terms-and-conditions/ HTTP/1.1" 200 7500
[2022-11-16 15:04:49,030] - [INFO] "GET /data-protection/ HTTP/1.1" 200 7495
[2022-11-16 15:04:50,094] - [INFO] "GET /imprint/ HTTP/1.1" 200 7487
[2022-11-16 15:04:52,060] - [INFO] "GET /posts/all/ HTTP/1.1" 200 8778
[2022-11-16 15:04:53,226] - [INFO] "GET / HTTP/1.1" 200 7103
[2022-11-16 15:05:05,254] - [INFO] "GET / HTTP/1.1" 200 7103
[2022-11-16 15:05:06,696] - [INFO] "GET /marketplace/ HTTP/1.1" 200 23173
[2022-11-16 15:05:41,435] - [INFO] "GET /posts/all/ HTTP/1.1" 200 8778
[2022-11-16 15:06:48,367] - [INFO] "GET /marketplace/ HTTP/1.1" 200 23173
[2022-11-16 15:21:44,671] - [INFO] "GET /marketplace/product-details/26 HTTP/1.1" 200 8359
[2022-11-16 15:21:44,847] - [INFO] "GET /media/produces/apple_g8xOzsi.jpg HTTP/1.1" 200 644462
[2022-11-16 15:22:17,383] - [INFO] C:\Users\ebedr\Desktop\erin\agri_trade\agri_trade\marketplace\models.py changed, reloading.
[2022-11-16 15:22:18,159] - [INFO] Watching for file changes with StatReloader
[2022-11-16 15:22:45,653] - [INFO] "GET /marketplace/product-edit/26 HTTP/1.1" 200 33288
[2022-11-16 15:22:45,764] - [WARNING] "GET /static/flags/fo.gif HTTP/1.1" 404 1795
[2022-11-16 15:22:45,764] - [WARNING] "GET /static/flags/mx.gif HTTP/1.1" 404 1795
[2022-11-16 15:22:59,431] - [INFO] "POST /marketplace/product-edit/26 HTTP/1.1" 302 0
[2022-11-16 15:22:59,499] - [INFO] "GET /marketplace/ HTTP/1.1" 200 23486
[2022-11-16 15:23:01,309] - [INFO] "GET /marketplace/product-details/26 HTTP/1.1" 200 9357
[2022-11-16 15:23:14,241] - [INFO] "GET /marketplace/ HTTP/1.1" 200 23173
[2022-11-16 15:23:15,179] - [INFO] "GET /marketplace/product-add/ HTTP/1.1" 200 32941
[2022-11-16 15:23:15,218] - [WARNING] "GET /static/flags/__.gif HTTP/1.1" 404 1795
[2022-11-16 15:23:31,379] - [INFO] "GET /marketplace/product-add/ HTTP/1.1" 200 32941
[2022-11-16 15:23:31,411] - [WARNING] "GET /static/flags/__.gif HTTP/1.1" 404 1795
[2022-11-16 15:23:31,640] - [INFO] C:\Users\ebedr\Desktop\erin\agri_trade\agri_trade\marketplace\forms.py changed, reloading.
[2022-11-16 15:23:32,351] - [INFO] Watching for file changes with StatReloader
[2022-11-16 15:23:32,753] - [INFO] "GET /marketplace/product-add/ HTTP/1.1" 200 32942
[2022-11-16 15:23:32,794] - [WARNING] "GET /static/flags/__.gif HTTP/1.1" 404 1795
[2022-11-16 15:23:53,558] - [INFO] C:\Users\ebedr\Desktop\erin\agri_trade\agri_trade\marketplace\forms.py changed, reloading.
[2022-11-16 15:23:54,308] - [INFO] Watching for file changes with StatReloader
[2022-11-16 15:23:54,766] - [INFO] "GET /marketplace/ HTTP/1.1" 200 23173
[2022-11-16 15:23:54,847] - [INFO] "GET /marketplace/ HTTP/1.1" 200 23173
[2022-11-16 15:23:56,198] - [INFO] "GET /marketplace/product-details/26 HTTP/1.1" 200 9357
[2022-11-16 15:23:56,973] - [INFO] "GET /marketplace/product-edit/26 HTTP/1.1" 200 34267
[2022-11-16 15:23:57,017] - [WARNING] "GET /static/flags/mx.gif HTTP/1.1" 404 1795
[2022-11-16 15:23:57,017] - [WARNING] "GET /static/flags/fo.gif HTTP/1.1" 404 1795
[2022-11-16 15:24:00,928] - [INFO] "GET /marketplace/product-edit/26 HTTP/1.1" 200 34267
[2022-11-16 15:24:00,962] - [WARNING] "GET /static/flags/mx.gif HTTP/1.1" 404 1795
[2022-11-16 15:24:00,963] - [WARNING] "GET /static/flags/fo.gif HTTP/1.1" 404 1795
[2022-11-16 15:24:02,743] - [INFO] "GET /marketplace/product-edit/26 HTTP/1.1" 200 34267
[2022-11-16 15:24:02,780] - [WARNING] "GET /static/flags/fo.gif HTTP/1.1" 404 1795
[2022-11-16 15:24:02,781] - [WARNING] "GET /static/flags/mx.gif HTTP/1.1" 404 1795
[2022-11-16 15:24:26,055] - [INFO] "GET /marketplace/ HTTP/1.1" 200 23173
[2022-11-16 15:25:05,443] - [INFO] "GET /marketplace/product-add/ HTTP/1.1" 200 32942
[2022-11-16 15:25:05,494] - [WARNING] "GET /static/flags/__.gif HTTP/1.1" 404 1795
[2022-11-16 15:25:25,918] - [INFO] "GET /marketplace/product-add/ HTTP/1.1" 200 32942
[2022-11-16 15:25:25,949] - [WARNING] "GET /static/flags/__.gif HTTP/1.1" 404 1795
[2022-11-16 15:25:26,763] - [INFO] "GET /messages/ HTTP/1.1" 200 7920
[2022-11-16 15:27:21,932] - [INFO] "GET /messages/message/40 HTTP/1.1" 200 5810
[2022-11-16 15:27:29,098] - [INFO] "GET /messages/reply-to/40 HTTP/1.1" 200 6525
[2022-11-16 15:27:33,366] - [INFO] "POST /messages/reply-to/40 HTTP/1.1" 302 0
[2022-11-16 15:27:33,387] - [INFO] "GET /messages/ HTTP/1.1" 200 9382
[2022-11-16 15:28:39,937] - [INFO] "GET /messages/message/40 HTTP/1.1" 200 6121
[2022-11-16 15:28:42,400] - [INFO] "GET /posts/all/ HTTP/1.1" 200 9089
[2022-11-16 15:28:43,568] - [INFO] "GET /posts/post/6/ HTTP/1.1" 200 9845
[2022-11-16 15:28:46,803] - [INFO] "GET /posts/post/6/comments/ HTTP/1.1" 200 14347
[2022-11-16 15:29:37,482] - [INFO] "GET /marketplace/ HTTP/1.1" 200 23484
[2022-11-16 15:29:38,337] - [INFO] "GET / HTTP/1.1" 200 7414
[2022-11-16 15:40:12,079] - [INFO] "GET /marketplace/ HTTP/1.1" 200 23484
[2022-11-16 15:40:38,205] - [INFO] "GET /marketplace/?q=Bulgaria HTTP/1.1" 200 17793
[2022-11-16 15:40:58,281] - [INFO] "GET /marketplace/?q=Organic HTTP/1.1" 200 19978
[2022-11-16 15:41:30,448] - [INFO] "GET /marketplace/?q=Faroe%20Islands HTTP/1.1" 200 16358
[2022-11-16 15:41:31,907] - [INFO] "GET /marketplace/product-details/26 HTTP/1.1" 200 9668
[2022-11-16 15:42:13,656] - [INFO] "GET /marketplace/my-products/ HTTP/1.1" 200 12794
[2022-11-16 15:42:18,886] - [INFO] "GET /marketplace/ HTTP/1.1" 200 23484
[2022-11-16 15:42:20,931] - [INFO] "GET /marketplace/favourites/ HTTP/1.1" 200 20348
[2022-11-16 15:42:25,177] - [INFO] "GET /marketplace/product-details/10 HTTP/1.1" 200 9835
[2022-11-16 15:42:29,144] - [INFO] "GET /marketplace/favourites/10/add HTTP/1.1" 302 0
[2022-11-16 15:42:29,161] - [INFO] "GET /marketplace/product-details/10 HTTP/1.1" 200 9831
[2022-11-16 15:42:31,822] - [INFO] "GET /marketplace/favourites/ HTTP/1.1" 200 20360
[2022-11-16 15:42:36,589] - [INFO] "GET /marketplace/product-details/21 HTTP/1.1" 200 9839
[2022-11-16 15:44:51,917] - [INFO] "GET /marketplace/ HTTP/1.1" 200 23484
[2022-11-16 15:44:57,811] - [INFO] "GET /accounts/account/ HTTP/1.1" 200 11246
[2022-11-16 15:44:59,556] - [INFO] "GET /accounts/account/edit HTTP/1.1" 200 21570
[2022-11-16 15:44:59,587] - [WARNING] "GET /static/flags/de.gif HTTP/1.1" 404 1795
[2022-11-16 15:47:48,904] - [INFO] "GET /accounts/account/edit HTTP/1.1" 200 21648
[2022-11-16 15:47:48,930] - [WARNING] "GET /static/flags/de.gif HTTP/1.1" 404 1795
[2022-11-16 15:47:55,399] - [INFO] "GET /accounts/account/edit HTTP/1.1" 200 21642
[2022-11-16 15:47:55,428] - [WARNING] "GET /static/flags/de.gif HTTP/1.1" 404 1795
[2022-11-16 15:48:02,758] - [INFO] "GET /accounts/account/edit HTTP/1.1" 200 21644
[2022-11-16 15:48:02,782] - [WARNING] "GET /static/flags/de.gif HTTP/1.1" 404 1795
[2022-11-16 15:48:03,479] - [INFO] "GET /accounts/account/edit HTTP/1.1" 200 21644
[2022-11-16 15:48:03,502] - [WARNING] "GET /static/flags/de.gif HTTP/1.1" 404 1795
[2022-11-16 15:48:03,962] - [INFO] "GET /accounts/account/edit HTTP/1.1" 200 21644
[2022-11-16 15:48:03,989] - [WARNING] "GET /static/flags/de.gif HTTP/1.1" 404 1795
[2022-11-16 15:48:05,010] - [INFO] "GET /accounts/account/edit HTTP/1.1" 200 21644
[2022-11-16 15:48:05,034] - [WARNING] "GET /static/flags/de.gif HTTP/1.1" 404 1795
[2022-11-16 15:48:11,286] - [INFO] "GET /accounts/account/edit HTTP/1.1" 200 21644
[2022-11-16 15:48:11,317] - [WARNING] "GET /static/flags/de.gif HTTP/1.1" 404 1795
[2022-11-16 15:48:11,923] - [INFO] "GET /accounts/account/edit HTTP/1.1" 200 21643
[2022-11-16 15:48:11,951] - [WARNING] "GET /static/flags/de.gif HTTP/1.1" 404 1795
[2022-11-16 15:48:12,336] - [INFO] "GET /accounts/account/edit HTTP/1.1" 200 21643
[2022-11-16 15:48:12,361] - [WARNING] "GET /static/flags/de.gif HTTP/1.1" 404 1795
[2022-11-16 15:48:12,866] - [INFO] "GET /accounts/account/edit HTTP/1.1" 200 21643
[2022-11-16 15:48:12,888] - [WARNING] "GET /static/flags/de.gif HTTP/1.1" 404 1795
[2022-11-16 15:49:05,185] - [INFO] "GET /accounts/account/edit HTTP/1.1" 200 21829
[2022-11-16 15:49:05,216] - [WARNING] "GET /static/flags/de.gif HTTP/1.1" 404 1795
[2022-11-16 15:49:42,276] - [INFO] "GET /accounts/account/edit HTTP/1.1" 200 21933
[2022-11-16 15:49:42,315] - [WARNING] "GET /static/flags/de.gif HTTP/1.1" 404 1795
[2022-11-16 15:49:56,978] - [INFO] "GET /accounts/account/edit HTTP/1.1" 200 21933
[2022-11-16 15:49:57,005] - [WARNING] "GET /static/flags/de.gif HTTP/1.1" 404 1795
[2022-11-16 15:50:08,392] - [INFO] "GET /marketplace/ HTTP/1.1" 200 23484
[2022-11-16 15:50:10,411] - [INFO] "GET /marketplace/product-details/7 HTTP/1.1" 200 9834
[2022-11-16 15:50:22,826] - [INFO] "GET /marketplace/product-add/ HTTP/1.1" 200 33253
[2022-11-16 15:50:22,867] - [WARNING] "GET /static/flags/__.gif HTTP/1.1" 404 1795
[2022-11-16 15:50:25,445] - [INFO] "GET /marketplace/my-products/ HTTP/1.1" 200 12794
[2022-11-16 15:50:26,587] - [INFO] "GET / HTTP/1.1" 200 7414
[2022-11-16 15:54:26,135] - [INFO] "GET /accounts/logout/ HTTP/1.1" 302 0
[2022-11-16 15:54:26,153] - [INFO] "GET / HTTP/1.1" 200 5599
[2022-11-16 15:54:41,155] - [INFO] "GET /data-protection/ HTTP/1.1" 200 5670
[2022-11-16 15:54:43,383] - [INFO] "GET /posts/all/ HTTP/1.1" 200 6940
[2022-11-16 15:54:43,698] - [INFO] "GET / HTTP/1.1" 200 5279
[2022-11-16 15:56:44,441] - [INFO] "GET /accounts/login/ HTTP/1.1" 200 4913
[2022-11-16 15:56:46,208] - [INFO] "POST /accounts/login/ HTTP/1.1" 302 0
[2022-11-16 15:56:46,256] - [INFO] "GET /marketplace/ HTTP/1.1" 200 23798
[2022-11-16 15:56:58,154] - [INFO] "GET /marketplace/ HTTP/1.1" 200 23484
[2022-11-16 15:56:58,790] - [INFO] "GET /marketplace/ HTTP/1.1" 200 23484
[2022-11-16 15:56:59,389] - [INFO] "GET /marketplace/ HTTP/1.1" 200 23671
[2022-11-16 15:57:20,067] - [INFO] "GET /marketplace/ HTTP/1.1" 200 23484
[2022-11-16 15:57:21,115] - [INFO] "GET /marketplace/ HTTP/1.1" 200 23484
[2022-11-16 15:57:21,951] - [INFO] "GET / HTTP/1.1" 200 7414
[2022-11-16 15:57:22,902] - [INFO] "GET /marketplace/ HTTP/1.1" 200 23484
[2022-11-17 10:55:41,814] - [INFO] Watching for file changes with StatReloader
[2022-11-17 10:55:43,735] - [INFO] "GET / HTTP/1.1" 200 7414
[2022-11-17 10:55:43,800] - [INFO] "GET /static/css/style.css HTTP/1.1" 304 0
[2022-11-17 10:55:43,817] - [INFO] "GET /static/js/scripts.js HTTP/1.1" 304 0
[2022-11-17 10:55:43,817] - [INFO] "GET /static/img/logo.png HTTP/1.1" 304 0
[2022-11-17 10:55:43,818] - [INFO] "GET /static/img/homepage_circle.png HTTP/1.1" 304 0
[2022-11-17 10:55:48,898] - [INFO] "GET /messages/ HTTP/1.1" 200 9081
[2022-11-17 10:55:51,915] - [INFO] "GET /accounts/logout/ HTTP/1.1" 302 0
[2022-11-17 10:55:51,922] - [INFO] "GET / HTTP/1.1" 200 5599
[2022-11-17 10:55:53,961] - [INFO] "GET /messages/ HTTP/1.1" 302 0
[2022-11-17 10:55:53,994] - [INFO] "GET /accounts/login/?next=/messages/ HTTP/1.1" 200 4913
[2022-11-17 10:55:59,750] - [INFO] "POST /accounts/login/ HTTP/1.1" 302 0
[2022-11-17 10:55:59,797] - [INFO] "GET /marketplace/ HTTP/1.1" 200 23798
[2022-11-17 11:05:22,384] - [WARNING] Not Found: /login/
[2022-11-17 11:05:36,496] - [WARNING] Not Found: /login
[2022-11-17 12:01:40,672] - [INFO] C:\Users\ebedr\Desktop\erin\agri_trade\agri_trade\settings.py changed, reloading.
[2022-11-17 12:01:41,417] - [INFO] Watching for file changes with StatReloader
[2022-11-17 12:04:29,122] - [INFO] C:\Users\ebedr\Desktop\erin\agri_trade\agri_trade\settings.py changed, reloading.
[2022-11-17 12:04:29,599] - [INFO] Watching for file changes with StatReloader
[2022-11-17 12:07:53,369] - [INFO] Watching for file changes with StatReloader
[2022-11-17 12:07:53,846] - [ERROR] Internal Server Error: /
Traceback (most recent call last):
  File "C:\Users\ebedr\Desktop\erin\agri_trade\venv\lib\site-packages\django\contrib\sessions\backends\base.py", line 187, in _get_session
    return self._session_cache
AttributeError: 'SessionStore' object has no attribute '_session_cache'

During handling of the above exception, another exception occurred:

Traceback (most recent call last):
  File "C:\Users\ebedr\Desktop\erin\agri_trade\venv\lib\site-packages\django\db\backends\utils.py", line 89, in _execute
    return self.cursor.execute(sql, params)
psycopg2.errors.UndefinedTable: relation "django_session" does not exist
LINE 1: ...ession_data", "django_session"."expire_date" FROM "django_se...
                                                             ^


The above exception was the direct cause of the following exception:

Traceback (most recent call last):
  File "C:\Users\ebedr\Desktop\erin\agri_trade\venv\lib\site-packages\django\core\handlers\exception.py", line 55, in inner
    response = get_response(request)
  File "C:\Users\ebedr\Desktop\erin\agri_trade\venv\lib\site-packages\django\utils\deprecation.py", line 135, in __call__
    response = self.process_request(request)
  File "C:\Users\ebedr\Desktop\erin\agri_trade\agri_trade\web\middlewares.py", line 8, in process_request
    if request.user.is_authenticated:
  File "C:\Users\ebedr\Desktop\erin\agri_trade\venv\lib\site-packages\django\utils\functional.py", line 266, in inner
    self._setup()
  File "C:\Users\ebedr\Desktop\erin\agri_trade\venv\lib\site-packages\django\utils\functional.py", line 419, in _setup
    self._wrapped = self._setupfunc()
  File "C:\Users\ebedr\Desktop\erin\agri_trade\venv\lib\site-packages\django\contrib\auth\middleware.py", line 25, in <lambda>
    request.user = SimpleLazyObject(lambda: get_user(request))
  File "C:\Users\ebedr\Desktop\erin\agri_trade\venv\lib\site-packages\django\contrib\auth\middleware.py", line 11, in get_user
    request._cached_user = auth.get_user(request)
  File "C:\Users\ebedr\Desktop\erin\agri_trade\venv\lib\site-packages\django\contrib\auth\__init__.py", line 191, in get_user
    user_id = _get_user_session_key(request)
  File "C:\Users\ebedr\Desktop\erin\agri_trade\venv\lib\site-packages\django\contrib\auth\__init__.py", line 60, in _get_user_session_key
    return get_user_model()._meta.pk.to_python(request.session[SESSION_KEY])
  File "C:\Users\ebedr\Desktop\erin\agri_trade\venv\lib\site-packages\django\contrib\sessions\backends\base.py", line 53, in __getitem__
    return self._session[key]
  File "C:\Users\ebedr\Desktop\erin\agri_trade\venv\lib\site-packages\django\contrib\sessions\backends\base.py", line 192, in _get_session
    self._session_cache = self.load()
  File "C:\Users\ebedr\Desktop\erin\agri_trade\venv\lib\site-packages\django\contrib\sessions\backends\db.py", line 42, in load
    s = self._get_session_from_db()
  File "C:\Users\ebedr\Desktop\erin\agri_trade\venv\lib\site-packages\django\contrib\sessions\backends\db.py", line 32, in _get_session_from_db
    return self.model.objects.get(
  File "C:\Users\ebedr\Desktop\erin\agri_trade\venv\lib\site-packages\django\db\models\manager.py", line 85, in manager_method
    return getattr(self.get_queryset(), name)(*args, **kwargs)
  File "C:\Users\ebedr\Desktop\erin\agri_trade\venv\lib\site-packages\django\db\models\query.py", line 646, in get
    num = len(clone)
  File "C:\Users\ebedr\Desktop\erin\agri_trade\venv\lib\site-packages\django\db\models\query.py", line 376, in __len__
    self._fetch_all()
  File "C:\Users\ebedr\Desktop\erin\agri_trade\venv\lib\site-packages\django\db\models\query.py", line 1866, in _fetch_all
    self._result_cache = list(self._iterable_class(self))
  File "C:\Users\ebedr\Desktop\erin\agri_trade\venv\lib\site-packages\django\db\models\query.py", line 87, in __iter__
    results = compiler.execute_sql(
  File "C:\Users\ebedr\Desktop\erin\agri_trade\venv\lib\site-packages\django\db\models\sql\compiler.py", line 1398, in execute_sql
    cursor.execute(sql, params)
  File "C:\Users\ebedr\Desktop\erin\agri_trade\venv\lib\site-packages\django\db\backends\utils.py", line 103, in execute
    return super().execute(sql, params)
  File "C:\Users\ebedr\Desktop\erin\agri_trade\venv\lib\site-packages\django\db\backends\utils.py", line 67, in execute
    return self._execute_with_wrappers(
  File "C:\Users\ebedr\Desktop\erin\agri_trade\venv\lib\site-packages\django\db\backends\utils.py", line 80, in _execute_with_wrappers
    return executor(sql, params, many, context)
  File "C:\Users\ebedr\Desktop\erin\agri_trade\venv\lib\site-packages\django\db\backends\utils.py", line 89, in _execute
    return self.cursor.execute(sql, params)
  File "C:\Users\ebedr\Desktop\erin\agri_trade\venv\lib\site-packages\django\db\utils.py", line 91, in __exit__
    raise dj_exc_value.with_traceback(traceback) from exc_value
  File "C:\Users\ebedr\Desktop\erin\agri_trade\venv\lib\site-packages\django\db\backends\utils.py", line 89, in _execute
    return self.cursor.execute(sql, params)
django.db.utils.ProgrammingError: relation "django_session" does not exist
LINE 1: ...ession_data", "django_session"."expire_date" FROM "django_se...
                                                             ^

[2022-11-17 12:07:53,853] - [ERROR] "GET / HTTP/1.1" 500 170863
[2022-11-17 12:07:54,202] - [ERROR] Internal Server Error: /favicon.ico
Traceback (most recent call last):
  File "C:\Users\ebedr\Desktop\erin\agri_trade\venv\lib\site-packages\django\contrib\sessions\backends\base.py", line 187, in _get_session
    return self._session_cache
AttributeError: 'SessionStore' object has no attribute '_session_cache'

During handling of the above exception, another exception occurred:

Traceback (most recent call last):
  File "C:\Users\ebedr\Desktop\erin\agri_trade\venv\lib\site-packages\django\db\backends\utils.py", line 89, in _execute
    return self.cursor.execute(sql, params)
psycopg2.errors.UndefinedTable: relation "django_session" does not exist
LINE 1: ...ession_data", "django_session"."expire_date" FROM "django_se...
                                                             ^


The above exception was the direct cause of the following exception:

Traceback (most recent call last):
  File "C:\Users\ebedr\Desktop\erin\agri_trade\venv\lib\site-packages\django\core\handlers\exception.py", line 55, in inner
    response = get_response(request)
  File "C:\Users\ebedr\Desktop\erin\agri_trade\venv\lib\site-packages\django\utils\deprecation.py", line 135, in __call__
    response = self.process_request(request)
  File "C:\Users\ebedr\Desktop\erin\agri_trade\agri_trade\web\middlewares.py", line 8, in process_request
    if request.user.is_authenticated:
  File "C:\Users\ebedr\Desktop\erin\agri_trade\venv\lib\site-packages\django\utils\functional.py", line 266, in inner
    self._setup()
  File "C:\Users\ebedr\Desktop\erin\agri_trade\venv\lib\site-packages\django\utils\functional.py", line 419, in _setup
    self._wrapped = self._setupfunc()
  File "C:\Users\ebedr\Desktop\erin\agri_trade\venv\lib\site-packages\django\contrib\auth\middleware.py", line 25, in <lambda>
    request.user = SimpleLazyObject(lambda: get_user(request))
  File "C:\Users\ebedr\Desktop\erin\agri_trade\venv\lib\site-packages\django\contrib\auth\middleware.py", line 11, in get_user
    request._cached_user = auth.get_user(request)
  File "C:\Users\ebedr\Desktop\erin\agri_trade\venv\lib\site-packages\django\contrib\auth\__init__.py", line 191, in get_user
    user_id = _get_user_session_key(request)
  File "C:\Users\ebedr\Desktop\erin\agri_trade\venv\lib\site-packages\django\contrib\auth\__init__.py", line 60, in _get_user_session_key
    return get_user_model()._meta.pk.to_python(request.session[SESSION_KEY])
  File "C:\Users\ebedr\Desktop\erin\agri_trade\venv\lib\site-packages\django\contrib\sessions\backends\base.py", line 53, in __getitem__
    return self._session[key]
  File "C:\Users\ebedr\Desktop\erin\agri_trade\venv\lib\site-packages\django\contrib\sessions\backends\base.py", line 192, in _get_session
    self._session_cache = self.load()
  File "C:\Users\ebedr\Desktop\erin\agri_trade\venv\lib\site-packages\django\contrib\sessions\backends\db.py", line 42, in load
    s = self._get_session_from_db()
  File "C:\Users\ebedr\Desktop\erin\agri_trade\venv\lib\site-packages\django\contrib\sessions\backends\db.py", line 32, in _get_session_from_db
    return self.model.objects.get(
  File "C:\Users\ebedr\Desktop\erin\agri_trade\venv\lib\site-packages\django\db\models\manager.py", line 85, in manager_method
    return getattr(self.get_queryset(), name)(*args, **kwargs)
  File "C:\Users\ebedr\Desktop\erin\agri_trade\venv\lib\site-packages\django\db\models\query.py", line 646, in get
    num = len(clone)
  File "C:\Users\ebedr\Desktop\erin\agri_trade\venv\lib\site-packages\django\db\models\query.py", line 376, in __len__
    self._fetch_all()
  File "C:\Users\ebedr\Desktop\erin\agri_trade\venv\lib\site-packages\django\db\models\query.py", line 1866, in _fetch_all
    self._result_cache = list(self._iterable_class(self))
  File "C:\Users\ebedr\Desktop\erin\agri_trade\venv\lib\site-packages\django\db\models\query.py", line 87, in __iter__
    results = compiler.execute_sql(
  File "C:\Users\ebedr\Desktop\erin\agri_trade\venv\lib\site-packages\django\db\models\sql\compiler.py", line 1398, in execute_sql
    cursor.execute(sql, params)
  File "C:\Users\ebedr\Desktop\erin\agri_trade\venv\lib\site-packages\django\db\backends\utils.py", line 103, in execute
    return super().execute(sql, params)
  File "C:\Users\ebedr\Desktop\erin\agri_trade\venv\lib\site-packages\django\db\backends\utils.py", line 67, in execute
    return self._execute_with_wrappers(
  File "C:\Users\ebedr\Desktop\erin\agri_trade\venv\lib\site-packages\django\db\backends\utils.py", line 80, in _execute_with_wrappers
    return executor(sql, params, many, context)
  File "C:\Users\ebedr\Desktop\erin\agri_trade\venv\lib\site-packages\django\db\backends\utils.py", line 89, in _execute
    return self.cursor.execute(sql, params)
  File "C:\Users\ebedr\Desktop\erin\agri_trade\venv\lib\site-packages\django\db\utils.py", line 91, in __exit__
    raise dj_exc_value.with_traceback(traceback) from exc_value
  File "C:\Users\ebedr\Desktop\erin\agri_trade\venv\lib\site-packages\django\db\backends\utils.py", line 89, in _execute
    return self.cursor.execute(sql, params)
django.db.utils.ProgrammingError: relation "django_session" does not exist
LINE 1: ...ession_data", "django_session"."expire_date" FROM "django_se...
                                                             ^

[2022-11-17 12:07:54,207] - [ERROR] "GET /favicon.ico HTTP/1.1" 500 170552
[2022-11-17 12:08:46,757] - [INFO] C:\Users\ebedr\Desktop\erin\agri_trade\agri_trade\settings.py changed, reloading.
[2022-11-17 12:08:47,365] - [INFO] Watching for file changes with StatReloader
[2022-11-17 12:09:23,377] - [INFO] "GET / HTTP/1.1" 200 5279
[2022-11-17 12:09:23,512] - [INFO] "GET /static/img/flaticon.png HTTP/1.1" 304 0
[2022-11-17 12:09:25,149] - [INFO] "GET /accounts/login/ HTTP/1.1" 200 4913
[2022-11-17 12:09:26,543] - [INFO] "POST /accounts/login/ HTTP/1.1" 200 5476
[2022-11-17 12:09:29,069] - [INFO] "GET /accounts/register/ HTTP/1.1" 200 6533
[2022-11-17 12:09:30,991] - [INFO] "GET / HTTP/1.1" 200 5279
[2022-11-17 12:10:06,892] - [INFO] "GET /accounts/login/ HTTP/1.1" 200 4913
[2022-11-17 12:10:10,260] - [INFO] "POST /accounts/login/ HTTP/1.1" 200 5472
[2022-11-17 12:10:17,338] - [INFO] "POST /accounts/login/ HTTP/1.1" 200 5472
[2022-11-17 12:10:29,344] - [INFO] "POST /accounts/login/ HTTP/1.1" 302 0
[2022-11-17 12:10:29,415] - [INFO] "GET /marketplace/ HTTP/1.1" 200 11075
[2022-11-17 12:10:34,508] - [INFO] "GET /marketplace/ HTTP/1.1" 200 10765
[2022-11-17 12:10:35,337] - [INFO] "GET /posts/all/ HTTP/1.1" 200 5473
[2022-11-17 12:10:39,865] - [INFO] "GET /marketplace/ HTTP/1.1" 200 10765
[2022-11-17 12:10:40,439] - [INFO] "GET /marketplace/product-add/ HTTP/1.1" 200 32938
[2022-11-17 12:10:40,497] - [WARNING] "GET /static/flags/__.gif HTTP/1.1" 404 1795
[2022-11-17 12:10:40,922] - [INFO] "GET /messages/ HTTP/1.1" 200 6919
[2022-11-17 12:10:42,477] - [INFO] "GET / HTTP/1.1" 200 7099
[2022-11-17 12:10:43,407] - [INFO] "GET /posts/all/ HTTP/1.1" 200 5473
[2022-11-17 12:11:18,403] - [INFO] "GET /posts/all/ HTTP/1.1" 200 5473
[2022-11-17 12:11:19,415] - [INFO] "GET /posts/all/ HTTP/1.1" 200 5496
[2022-11-17 12:11:19,991] - [INFO] "GET /posts/all/ HTTP/1.1" 200 5496
[2022-11-17 12:12:25,308] - [INFO] "GET /marketplace/ HTTP/1.1" 200 10765
[2022-11-17 12:12:27,857] - [INFO] "GET /marketplace/my-products/ HTTP/1.1" 200 7616
[2022-11-17 12:12:29,636] - [INFO] "GET /marketplace/favourites/ HTTP/1.1" 200 10534
[2022-11-17 12:12:31,041] - [INFO] "GET /accounts/account/ HTTP/1.1" 200 10335
[2022-11-17 12:12:32,392] - [INFO] "GET /messages/ HTTP/1.1" 200 6919
[2022-11-17 12:12:33,105] - [INFO] "GET /marketplace/product-add/ HTTP/1.1" 200 32938
[2022-11-17 12:12:33,135] - [WARNING] "GET /static/flags/__.gif HTTP/1.1" 404 1795
[2022-11-17 12:12:33,489] - [INFO] "GET /marketplace/ HTTP/1.1" 200 10765
[2022-11-17 12:12:34,682] - [INFO] "GET /marketplace/product-add/ HTTP/1.1" 200 32938
[2022-11-17 12:12:34,731] - [WARNING] "GET /static/flags/__.gif HTTP/1.1" 404 1795
[2022-11-17 12:12:35,554] - [INFO] "GET /marketplace/ HTTP/1.1" 200 10765
[2022-11-17 12:12:36,097] - [INFO] "GET /marketplace/product-add/ HTTP/1.1" 200 32938
[2022-11-17 12:12:36,133] - [WARNING] "GET /static/flags/__.gif HTTP/1.1" 404 1795
[2022-11-17 12:12:36,661] - [INFO] "GET /marketplace/ HTTP/1.1" 200 10765
[2022-11-17 12:12:37,282] - [INFO] "GET /marketplace/product-add/ HTTP/1.1" 200 32938
[2022-11-17 12:12:37,319] - [WARNING] "GET /static/flags/__.gif HTTP/1.1" 404 1795
[2022-11-17 12:12:39,478] - [INFO] "GET /marketplace/ HTTP/1.1" 200 10765
[2022-11-17 12:12:41,182] - [INFO] "GET / HTTP/1.1" 200 7099
[2022-11-17 13:36:34,620] - [INFO] "GET /accounts/account/ HTTP/1.1" 200 10335
[2022-11-17 13:36:39,427] - [INFO] "GET /accounts/account/edit HTTP/1.1" 200 21000
[2022-11-17 13:36:39,471] - [WARNING] "GET /static/flags/__.gif HTTP/1.1" 404 1795
[2022-11-17 13:36:41,818] - [WARNING] "GET /static/flags/de.gif HTTP/1.1" 404 1795
[2022-11-17 13:37:41,267] - [INFO] "POST /accounts/account/edit HTTP/1.1" 200 22163
[2022-11-17 13:37:41,309] - [WARNING] "GET /static/flags/de.gif HTTP/1.1" 404 1795
[2022-11-17 13:37:54,394] - [INFO] "POST /accounts/account/edit HTTP/1.1" 302 0
[2022-11-17 13:37:54,443] - [INFO] "GET /accounts/account/ HTTP/1.1" 200 11156
[2022-11-17 13:40:37,006] - [INFO] "GET /accounts/logout/ HTTP/1.1" 302 0
[2022-11-17 13:40:37,016] - [INFO] "GET / HTTP/1.1" 200 5599
[2022-11-17 13:40:38,460] - [INFO] "GET /accounts/register/ HTTP/1.1" 200 6533
[2022-11-17 13:40:46,621] - [INFO] "POST /accounts/register/ HTTP/1.1" 200 7202
[2022-11-17 13:40:54,562] - [INFO] "GET /accounts/login/ HTTP/1.1" 200 4913
[2022-11-17 13:40:56,190] - [INFO] "POST /accounts/login/ HTTP/1.1" 302 0
[2022-11-17 13:40:56,346] - [INFO] "GET /marketplace/ HTTP/1.1" 200 11075
[2022-11-17 13:41:03,527] - [INFO] "GET /accounts/account/ HTTP/1.1" 200 10852
[2022-11-17 13:41:04,408] - [INFO] "GET /accounts/account/edit HTTP/1.1" 200 21582
[2022-11-17 13:41:04,463] - [WARNING] "GET /static/flags/de.gif HTTP/1.1" 404 1795
[2022-11-17 13:41:19,931] - [INFO] "POST /accounts/account/edit HTTP/1.1" 302 0
[2022-11-17 13:41:19,982] - [INFO] "GET /accounts/account/ HTTP/1.1" 200 11156
[2022-11-17 13:41:21,226] - [INFO] "GET /accounts/account/edit HTTP/1.1" 200 21582
[2022-11-17 13:41:21,282] - [WARNING] "GET /static/flags/de.gif HTTP/1.1" 404 1795
[2022-11-17 13:41:27,797] - [INFO] "POST /accounts/account/edit HTTP/1.1" 302 0
[2022-11-17 13:41:27,845] - [INFO] "GET /accounts/account/ HTTP/1.1" 200 11156
[2022-11-17 13:41:29,019] - [INFO] "GET /accounts/account/edit HTTP/1.1" 200 21582
[2022-11-17 13:41:29,075] - [WARNING] "GET /static/flags/de.gif HTTP/1.1" 404 1795
[2022-11-17 13:42:12,726] - [INFO] "POST /accounts/account/edit HTTP/1.1" 200 22095
[2022-11-17 13:42:12,761] - [WARNING] "GET /static/flags/de.gif HTTP/1.1" 404 1795
[2022-11-17 13:42:24,095] - [INFO] "GET /posts/all/ HTTP/1.1" 200 5496
[2022-11-17 13:42:25,157] - [INFO] "GET /marketplace/ HTTP/1.1" 200 10765
[2022-11-17 13:42:41,039] - [INFO] "GET /accounts/logout/ HTTP/1.1" 302 0
[2022-11-17 13:42:41,047] - [INFO] "GET / HTTP/1.1" 200 5599
[2022-11-17 13:42:41,808] - [INFO] "GET /accounts/login/ HTTP/1.1" 200 4913
[2022-11-17 13:43:16,489] - [INFO] "POST /accounts/login/ HTTP/1.1" 200 5501
[2022-11-17 13:43:21,173] - [INFO] "POST /accounts/login/ HTTP/1.1" 200 5501
[2022-11-17 13:43:42,574] - [INFO] "POST /accounts/login/ HTTP/1.1" 200 5475
[2022-11-17 13:43:49,143] - [INFO] "POST /accounts/login/ HTTP/1.1" 302 0
[2022-11-17 13:43:49,202] - [INFO] "GET /marketplace/ HTTP/1.1" 200 11075
[2022-11-17 13:43:54,899] - [INFO] "GET /marketplace/product-add/ HTTP/1.1" 200 32938
[2022-11-17 13:43:54,944] - [WARNING] "GET /static/flags/__.gif HTTP/1.1" 404 1795
[2022-11-17 13:44:22,506] - [WARNING] "GET /static/flags/az.gif HTTP/1.1" 404 1795
[2022-11-17 13:44:23,345] - [WARNING] "GET /static/flags/ar.gif HTTP/1.1" 404 1795
[2022-11-17 13:44:24,333] - [INFO] "POST /marketplace/product-add/ HTTP/1.1" 200 33718
[2022-11-17 13:44:24,377] - [WARNING] "GET /static/flags/ar.gif HTTP/1.1" 404 1795
[2022-11-17 13:44:24,377] - [WARNING] "GET /static/flags/az.gif HTTP/1.1" 404 1795
[2022-11-17 13:44:32,373] - [INFO] "GET /marketplace/ HTTP/1.1" 200 10765
[2022-11-17 13:44:43,688] - [INFO] "GET /marketplace/ HTTP/1.1" 200 10765
[2022-11-17 13:47:20,676] - [INFO] "GET /data-protection/ HTTP/1.1" 200 7491
[2022-11-17 13:47:23,005] - [INFO] "GET /marketplace/product-add/ HTTP/1.1" 200 32938
[2022-11-17 13:47:23,059] - [WARNING] "GET /static/flags/__.gif HTTP/1.1" 404 1795
[2022-11-17 13:47:23,523] - [INFO] "GET /messages/ HTTP/1.1" 200 6919
[2022-11-17 13:47:41,194] - [INFO] "GET /posts/all/ HTTP/1.1" 200 5496
[2022-11-17 13:47:44,954] - [INFO] "GET / HTTP/1.1" 200 7099
[2022-11-17 13:47:57,836] - [INFO] "GET /marketplace/ HTTP/1.1" 200 10765
[2022-11-17 13:48:24,973] - [INFO] "GET /messages/ HTTP/1.1" 200 6919
[2022-11-17 13:48:27,287] - [INFO] "GET /accounts/account/ HTTP/1.1" 200 10852
[2022-11-17 13:51:13,526] - [INFO] "GET / HTTP/1.1" 200 7099
[2022-11-17 13:53:59,934] - [INFO] "GET / HTTP/1.1" 200 7198
[2022-11-17 13:54:30,436] - [INFO] "GET / HTTP/1.1" 200 7233
[2022-11-17 13:54:30,879] - [INFO] "GET / HTTP/1.1" 200 7233
[2022-11-17 13:55:04,843] - [INFO] "GET / HTTP/1.1" 200 7183
[2022-11-17 13:55:30,468] - [INFO] "GET / HTTP/1.1" 200 7211
[2022-11-17 13:55:30,941] - [INFO] "GET / HTTP/1.1" 200 7211
[2022-11-17 13:55:31,704] - [INFO] "GET / HTTP/1.1" 200 7211
[2022-11-17 13:55:39,375] - [INFO] "GET / HTTP/1.1" 200 7211
[2022-11-17 13:55:40,016] - [INFO] "GET / HTTP/1.1" 200 7220
[2022-11-17 13:55:40,599] - [INFO] "GET / HTTP/1.1" 200 7220
[2022-11-17 13:55:40,815] - [INFO] "GET / HTTP/1.1" 200 7220
[2022-11-17 13:55:41,100] - [INFO] "GET / HTTP/1.1" 200 7220
[2022-11-17 13:56:39,063] - [INFO] "GET / HTTP/1.1" 200 7220
[2022-11-17 13:56:39,365] - [INFO] "GET / HTTP/1.1" 200 7266
[2022-11-17 13:56:39,708] - [INFO] "GET / HTTP/1.1" 200 7266
[2022-11-17 13:56:53,893] - [INFO] "GET / HTTP/1.1" 200 7266
[2022-11-17 13:56:54,061] - [INFO] "GET / HTTP/1.1" 200 7266
[2022-11-17 13:56:54,270] - [INFO] "GET / HTTP/1.1" 200 7266
[2022-11-17 13:56:54,459] - [INFO] "GET / HTTP/1.1" 200 7266
[2022-11-17 13:56:54,857] - [INFO] "GET / HTTP/1.1" 200 7270
[2022-11-17 13:56:55,292] - [INFO] "GET / HTTP/1.1" 200 7270
[2022-11-17 13:57:19,175] - [INFO] "GET / HTTP/1.1" 200 7270
[2022-11-17 13:57:19,336] - [INFO] "GET / HTTP/1.1" 200 7270
[2022-11-17 13:57:19,532] - [INFO] "GET / HTTP/1.1" 200 7270
[2022-11-17 13:57:19,885] - [INFO] "GET / HTTP/1.1" 200 7258
[2022-11-17 13:57:20,384] - [INFO] "GET / HTTP/1.1" 200 7258
[2022-11-17 13:57:34,132] - [INFO] "GET / HTTP/1.1" 200 7258
[2022-11-17 13:57:34,563] - [INFO] "GET / HTTP/1.1" 200 7237
[2022-11-17 13:57:34,753] - [INFO] "GET / HTTP/1.1" 200 7237
[2022-11-17 13:57:34,915] - [INFO] "GET / HTTP/1.1" 200 7237
[2022-11-17 13:58:36,205] - [INFO] "GET / HTTP/1.1" 200 7237
[2022-11-17 13:58:36,690] - [INFO] "GET / HTTP/1.1" 200 7237
[2022-11-17 13:58:37,055] - [INFO] "GET / HTTP/1.1" 200 7254
[2022-11-17 13:58:37,339] - [INFO] "GET / HTTP/1.1" 200 7254
[2022-11-17 13:59:43,864] - [INFO] "GET / HTTP/1.1" 200 7254
[2022-11-17 13:59:44,337] - [INFO] "GET / HTTP/1.1" 200 7254
[2022-11-17 13:59:44,867] - [INFO] "GET / HTTP/1.1" 200 7233
[2022-11-17 13:59:45,295] - [INFO] "GET / HTTP/1.1" 200 7233
[2022-11-17 13:59:45,763] - [INFO] "GET / HTTP/1.1" 200 7233
[2022-11-17 13:59:50,539] - [INFO] "GET /posts/all/ HTTP/1.1" 200 5496
[2022-11-17 14:00:00,366] - [INFO] "GET /marketplace/ HTTP/1.1" 200 10765
[2022-11-17 14:00:03,122] - [INFO] "GET /marketplace/product-add/ HTTP/1.1" 200 32938
[2022-11-17 14:00:03,180] - [WARNING] "GET /static/flags/__.gif HTTP/1.1" 404 1795
[2022-11-17 14:03:05,339] - [INFO] "GET / HTTP/1.1" 200 7233
[2022-11-17 14:03:05,514] - [INFO] C:\Users\ebedr\Desktop\erin\agri_trade\agri_trade\web\urls.py changed, reloading.
[2022-11-17 14:03:06,286] - [INFO] Watching for file changes with StatReloader
[2022-11-17 14:03:08,168] - [INFO] "GET /posts/all/ HTTP/1.1" 200 5496
[2022-11-17 14:03:08,723] - [INFO] "GET / HTTP/1.1" 200 7233
[2022-11-17 14:05:33,535] - [INFO] "GET / HTTP/1.1" 200 7233
[2022-11-17 14:05:33,561] - [INFO] C:\Users\ebedr\Desktop\erin\agri_trade\agri_trade\web\views.py changed, reloading.
[2022-11-17 14:05:34,481] - [INFO] Watching for file changes with StatReloader
[2022-11-17 14:05:34,911] - [INFO] "GET / HTTP/1.1" 200 7233
[2022-11-17 14:05:36,421] - [INFO] "GET /data-protection/ HTTP/1.1" 200 7491
[2022-11-17 14:05:37,746] - [INFO] "GET /terms-and-conditions/ HTTP/1.1" 200 7496
[2022-11-17 14:05:38,724] - [INFO] "GET /imprint/ HTTP/1.1" 200 7483
[2022-11-17 14:05:39,961] - [INFO] "GET /marketplace/ HTTP/1.1" 200 10765
[2022-11-17 14:05:40,560] - [INFO] "GET / HTTP/1.1" 200 7233
[2022-11-17 14:05:48,606] - [INFO] C:\Users\ebedr\Desktop\erin\agri_trade\agri_trade\web\views.py changed, reloading.
[2022-11-17 14:05:49,213] - [INFO] Watching for file changes with StatReloader
