WARNING "GET /static/flags/__.gif HTTP/1.1" 404 1795
INFO Watching for file changes with StatReloader
INFO "GET /posts/all/ HTTP/1.1" 200 8108
INFO "GET /posts/all/ HTTP/1.1" 200 8108
INFO C:\Users\ebedr\Desktop\erin\agri_trade\agri_trade\settings.py changed, reloading.
2022-11-14 17:17:56,287 [INFO] Watching for file changes with StatReloader
2022-11-14 17:18:09,988 [INFO] "GET /marketplace/product-add/ HTTP/1.1" 200 32264
2022-11-14 17:18:10,019 [WARNING] "GET /static/flags/__.gif HTTP/1.1" 404 1795
2022-11-14 17:18:10,962 [INFO] "GET /messages/ HTTP/1.1" 200 6247
2022-11-14 17:18:12,259 [INFO] "GET / HTTP/1.1" 200 6427
2022-11-14 17:18:12,525 [INFO] "GET /posts/all/ HTTP/1.1" 200 8108
2022-11-14 17:19:10,849 [INFO] "GET / HTTP/1.1" 200 6427
2022-11-14 17:19:41,308 [INFO] "GET /marketplace/product-add/ HTTP/1.1" 200 32264
2022-11-14 17:19:41,362 [WARNING] "GET /static/flags/__.gif HTTP/1.1" 404 1795
2022-11-14 17:19:45,441 [INFO] "GET /messages/ HTTP/1.1" 200 6247
2022-11-14 17:19:48,279 [INFO] "GET /posts/all/ HTTP/1.1" 200 8108
2022-11-14 17:19:54,258 [INFO] "GET /posts/post/5/ HTTP/1.1" 200 8857
2022-11-14 17:19:58,906 [INFO] "GET /posts/post/5/comments/ HTTP/1.1" 200 5626
2022-11-14 17:20:03,499 [INFO] "POST /posts/post/5/comments/ HTTP/1.1" 302 0
2022-11-14 17:20:03,519 [INFO] "GET /posts/post/5/comments/ HTTP/1.1" 200 6445
2022-11-14 17:20:11,268 [INFO] "GET /posts/all/ HTTP/1.1" 200 8108
2022-11-14 17:20:12,980 [INFO] "GET / HTTP/1.1" 200 6427
2022-11-14 17:20:16,200 [INFO] "GET /accounts/logout/ HTTP/1.1" 302 0
2022-11-14 17:20:16,205 [INFO] "GET / HTTP/1.1" 200 5229
2022-11-14 17:21:16,226 [INFO] "GET /posts/all/ HTTP/1.1" 200 6589
2022-11-14 17:21:16,673 [INFO] C:\Users\ebedr\Desktop\erin\agri_trade\agri_trade\settings.py changed, reloading.
[2022-11-14 17:21:17,699] - [INFO] Watching for file changes with StatReloader
[2022-11-14 17:21:18,013] - [INFO] "GET /posts/all/ HTTP/1.1" 200 6589
[2022-11-14 17:21:18,356] - [INFO] "GET / HTTP/1.1" 200 4909
[2022-11-14 17:21:18,690] - [INFO] "GET / HTTP/1.1" 200 4909
[2022-11-14 17:21:57,439] - [INFO] "GET /accounts/login/ HTTP/1.1" 200 4543
[2022-11-14 17:21:59,162] - [INFO] "POST /accounts/login/ HTTP/1.1" 302 0
[2022-11-14 17:21:59,226] - [INFO] "GET /marketplace/ HTTP/1.1" 200 22017
[2022-11-14 17:22:33,172] - [INFO] "GET /posts/all/ HTTP/1.1" 200 8108
[2022-11-14 17:22:34,115] - [INFO] "GET / HTTP/1.1" 200 6427
[2022-11-16 14:06:16,835] - [INFO] Watching for file changes with StatReloader
[2022-11-16 14:06:24,176] - [WARNING] Not Found: /watch/all/
[2022-11-16 14:06:24,177] - [WARNING] "GET /watch/all/ HTTP/1.1" 404 3559
[2022-11-16 14:06:24,440] - [WARNING] Not Found: /favicon.ico
[2022-11-16 14:06:24,441] - [WARNING] "GET /favicon.ico HTTP/1.1" 404 3562
[2022-11-16 14:07:36,853] - [INFO] "GET / HTTP/1.1" 200 6427
[2022-11-16 14:07:36,876] - [INFO] "GET /static/img/logo.png HTTP/1.1" 304 0
[2022-11-16 14:07:36,877] - [INFO] "GET /static/css/style.css HTTP/1.1" 304 0
[2022-11-16 14:07:36,879] - [INFO] "GET /static/img/homepage_circle.png HTTP/1.1" 304 0
[2022-11-16 14:07:36,879] - [INFO] "GET /static/js/scripts.js HTTP/1.1" 304 0
[2022-11-16 14:07:37,470] - [INFO] "GET /static/img/flaticon.png HTTP/1.1" 200 11490
[2022-11-16 14:07:38,456] - [INFO] "GET /posts/all/ HTTP/1.1" 200 8113
[2022-11-16 14:07:39,175] - [INFO] "GET / HTTP/1.1" 200 6427
[2022-11-16 14:07:51,778] - [INFO] "GET /accounts/logout/ HTTP/1.1" 302 0
[2022-11-16 14:07:51,783] - [INFO] "GET / HTTP/1.1" 200 5229
[2022-11-16 14:07:59,690] - [INFO] "GET / HTTP/1.1" 200 4909
[2022-11-16 14:08:00,235] - [INFO] "GET /posts/all/ HTTP/1.1" 200 6594
[2022-11-16 14:08:01,264] - [INFO] "GET /posts/post/6/ HTTP/1.1" 200 7339
[2022-11-16 14:08:04,948] - [INFO] "GET / HTTP/1.1" 200 4909
[2022-11-16 14:08:06,010] - [INFO] "GET /accounts/login/ HTTP/1.1" 200 4543
[2022-11-16 14:08:09,873] - [INFO] "POST /accounts/login/ HTTP/1.1" 302 0
[2022-11-16 14:08:09,939] - [INFO] "GET /marketplace/ HTTP/1.1" 200 22815
[2022-11-16 14:08:20,712] - [INFO] "GET /marketplace/product-details/28 HTTP/1.1" 200 7102
[2022-11-16 14:08:20,739] - [INFO] "GET /media/produces/output-onlinepngtools.png HTTP/1.1" 200 14163
[2022-11-16 14:08:22,914] - [INFO] "GET / HTTP/1.1" 200 6431
[2022-11-16 14:08:24,294] - [INFO] "GET /marketplace/ HTTP/1.1" 200 22501
[2022-11-16 14:08:57,156] - [INFO] "GET /posts/all/ HTTP/1.1" 200 8117
[2022-11-16 14:08:58,229] - [INFO] "GET /posts/post/6/ HTTP/1.1" 200 8862
[2022-11-16 14:09:00,502] - [INFO] "GET /posts/post/6/comments/ HTTP/1.1" 200 13495
[2022-11-16 14:19:22,205] - [INFO] C:\Users\ebedr\Desktop\erin\agri_trade\agri_trade\posts\models.py changed, reloading.
[2022-11-16 14:19:22,873] - [INFO] Watching for file changes with StatReloader
[2022-11-16 14:20:32,746] - [INFO] C:\Users\ebedr\Desktop\erin\agri_trade\agri_trade\posts\views.py changed, reloading.
[2022-11-16 14:20:33,355] - [INFO] Watching for file changes with StatReloader
[2022-11-16 14:22:14,622] - [INFO] "GET /admin/ HTTP/1.1" 302 0
[2022-11-16 14:22:14,687] - [INFO] "GET /admin/login/?next=/admin/ HTTP/1.1" 200 2374
[2022-11-16 14:22:15,224] - [INFO] "GET /static/admin/css/dark_mode.css HTTP/1.1" 200 796
[2022-11-16 14:22:15,226] - [INFO] "GET /static/admin/css/nav_sidebar.css HTTP/1.1" 200 2619
[2022-11-16 14:22:15,226] - [INFO] "GET /static/admin/css/login.css HTTP/1.1" 200 958
[2022-11-16 14:22:15,226] - [INFO] "GET /static/admin/css/responsive.css HTTP/1.1" 200 18854
[2022-11-16 14:22:15,227] - [INFO] "GET /static/admin/css/base.css HTTP/1.1" 200 20344
[2022-11-16 14:22:15,229] - [INFO] "GET /static/admin/js/nav_sidebar.js HTTP/1.1" 200 3763
[2022-11-16 14:22:15,662] - [INFO] "GET /admin/ HTTP/1.1" 302 0
[2022-11-16 14:22:15,673] - [INFO] "GET /admin/login/?next=/admin/ HTTP/1.1" 200 2374
[2022-11-16 14:22:15,725] - [INFO] "GET /static/admin/css/fonts.css HTTP/1.1" 200 423
[2022-11-16 14:22:15,761] - [INFO] "GET /static/admin/fonts/Roboto-Light-webfont.woff HTTP/1.1" 200 85692
[2022-11-16 14:22:15,762] - [INFO] "GET /static/admin/fonts/Roboto-Regular-webfont.woff HTTP/1.1" 200 85876
[2022-11-16 14:22:15,762] - [INFO] "GET /static/admin/fonts/Roboto-Bold-webfont.woff HTTP/1.1" 200 86184
[2022-11-16 14:22:19,510] - [INFO] "POST /admin/login/?next=/admin/ HTTP/1.1" 200 2535
[2022-11-16 14:22:22,193] - [INFO] "POST /admin/login/?next=/admin/ HTTP/1.1" 302 0
[2022-11-16 14:22:22,227] - [INFO] "GET /admin/ HTTP/1.1" 200 9108
[2022-11-16 14:22:22,254] - [INFO] "GET /static/admin/css/dashboard.css HTTP/1.1" 200 380
[2022-11-16 14:22:22,284] - [INFO] "GET /static/admin/img/icon-changelink.svg HTTP/1.1" 200 380
[2022-11-16 14:22:22,284] - [INFO] "GET /static/admin/img/icon-addlink.svg HTTP/1.1" 200 331
[2022-11-16 14:22:22,284] - [INFO] "GET /static/admin/img/icon-deletelink.svg HTTP/1.1" 200 392
[2022-11-16 14:22:25,453] - [INFO] "GET /admin/auth/user/ HTTP/1.1" 200 12636
[2022-11-16 14:22:25,491] - [INFO] "GET /static/admin/css/changelists.css HTTP/1.1" 200 6395
[2022-11-16 14:22:25,496] - [INFO] "GET /admin/jsi18n/ HTTP/1.1" 200 3343
[2022-11-16 14:22:25,496] - [INFO] "GET /static/admin/js/jquery.init.js HTTP/1.1" 200 347
[2022-11-16 14:22:25,500] - [INFO] "GET /static/admin/js/core.js HTTP/1.1" 200 5698
[2022-11-16 14:22:25,501] - [INFO] "GET /static/admin/js/admin/RelatedObjectLookups.js HTTP/1.1" 200 8985
[2022-11-16 14:22:25,507] - [INFO] "GET /static/admin/js/actions.js HTTP/1.1" 200 7872
[2022-11-16 14:22:25,509] - [INFO] "GET /static/admin/js/urlify.js HTTP/1.1" 200 7902
[2022-11-16 14:22:25,509] - [INFO] "GET /static/admin/js/prepopulate.js HTTP/1.1" 200 1531
[2022-11-16 14:22:25,534] - [INFO] "GET /static/admin/js/vendor/jquery/jquery.js HTTP/1.1" 200 288580
[2022-11-16 14:22:25,543] - [INFO] "GET /static/admin/js/vendor/xregexp/xregexp.js HTTP/1.1" 200 232381
[2022-11-16 14:22:25,548] - [INFO] "GET /static/admin/js/filters.js HTTP/1.1" 200 966
[2022-11-16 14:22:25,554] - [INFO] "GET /static/admin/img/search.svg HTTP/1.1" 200 458
[2022-11-16 14:22:25,560] - [INFO] "GET /static/admin/img/icon-no.svg HTTP/1.1" 200 560
[2022-11-16 14:22:25,560] - [INFO] "GET /static/admin/img/icon-yes.svg HTTP/1.1" 200 436
[2022-11-16 14:22:25,571] - [INFO] "GET /static/admin/img/sorting-icons.svg HTTP/1.1" 200 1097
[2022-11-16 14:22:25,571] - [INFO] "GET /static/admin/img/tooltag-add.svg HTTP/1.1" 200 331
[2022-11-16 14:22:36,589] - [INFO] "GET /admin/marketplace/product/ HTTP/1.1" 200 20722
[2022-11-16 14:22:36,618] - [INFO] "GET /admin/jsi18n/ HTTP/1.1" 200 3343
[2022-11-16 14:22:44,796] - [INFO] "GET /admin/posts/post/ HTTP/1.1" 200 9444
[2022-11-16 14:22:44,829] - [INFO] "GET /admin/jsi18n/ HTTP/1.1" 200 3343
[2022-11-16 14:22:46,585] - [INFO] "GET /admin/user_messages/message/ HTTP/1.1" 200 15055
[2022-11-16 14:22:46,606] - [INFO] "GET /admin/jsi18n/ HTTP/1.1" 200 3343
[2022-11-16 14:22:48,679] - [INFO] "GET /admin/marketplace/product/ HTTP/1.1" 200 20722
[2022-11-16 14:22:48,713] - [INFO] "GET /admin/jsi18n/ HTTP/1.1" 200 3343
[2022-11-16 14:23:51,467] - [INFO] "GET /admin/marketplace/product/28/change/ HTTP/1.1" 200 37609
[2022-11-16 14:23:51,499] - [INFO] "GET /static/admin/css/forms.css HTTP/1.1" 200 8944
[2022-11-16 14:23:51,500] - [INFO] "GET /admin/jsi18n/ HTTP/1.1" 200 3343
[2022-11-16 14:23:51,526] - [INFO] "GET /static/admin/css/widgets.css HTTP/1.1" 200 11297
[2022-11-16 14:23:51,527] - [INFO] "GET /static/admin/js/prepopulate_init.js HTTP/1.1" 200 586
[2022-11-16 14:23:51,541] - [INFO] "GET /static/admin/img/icon-viewlink.svg HTTP/1.1" 200 581
[2022-11-16 14:23:51,542] - [INFO] "GET /static/admin/js/change_form.js HTTP/1.1" 200 606
[2022-11-16 14:24:12,002] - [INFO] "GET /admin/marketplace/product/ HTTP/1.1" 200 20722
[2022-11-16 14:26:42,938] - [INFO] C:\Users\ebedr\Desktop\erin\agri_trade\agri_trade\marketplace\admin.py changed, reloading.
[2022-11-16 14:26:43,883] - [INFO] Watching for file changes with StatReloader
[2022-11-16 14:27:03,110] - [INFO] C:\Users\ebedr\Desktop\erin\agri_trade\agri_trade\marketplace\admin.py changed, reloading.
[2022-11-16 14:27:03,804] - [INFO] Watching for file changes with StatReloader
[2022-11-16 14:27:04,082] - [INFO] "GET /admin/marketplace/product/ HTTP/1.1" 200 19552
[2022-11-16 14:27:04,116] - [INFO] "GET /admin/jsi18n/ HTTP/1.1" 200 3343
[2022-11-16 14:30:42,326] - [INFO] "GET /admin/posts/post/ HTTP/1.1" 200 9444
[2022-11-16 14:30:42,365] - [INFO] "GET /admin/jsi18n/ HTTP/1.1" 200 3343
[2022-11-16 14:31:10,499] - [INFO] C:\Users\ebedr\Desktop\erin\agri_trade\agri_trade\posts\admin.py changed, reloading.
[2022-11-16 14:31:11,168] - [INFO] Watching for file changes with StatReloader
[2022-11-16 14:31:11,958] - [INFO] "GET /admin/posts/post/ HTTP/1.1" 200 9533
[2022-11-16 14:31:11,995] - [INFO] "GET /admin/jsi18n/ HTTP/1.1" 200 3343
[2022-11-16 14:31:25,771] - [INFO] "GET /admin/posts/post/ HTTP/1.1" 200 9533
[2022-11-16 14:31:25,797] - [INFO] "GET /admin/jsi18n/ HTTP/1.1" 200 3343
[2022-11-16 14:31:26,081] - [INFO] C:\Users\ebedr\Desktop\erin\agri_trade\agri_trade\posts\admin.py changed, reloading.
[2022-11-16 14:31:27,104] - [INFO] Watching for file changes with StatReloader
[2022-11-16 14:31:27,840] - [INFO] "GET /admin/posts/post/ HTTP/1.1" 200 9533
[2022-11-16 14:31:27,869] - [INFO] "GET /admin/jsi18n/ HTTP/1.1" 200 3343
[2022-11-16 14:31:36,352] - [INFO] "GET /admin/posts/post/6/change/ HTTP/1.1" 200 16445
[2022-11-16 14:31:36,385] - [INFO] "GET /admin/jsi18n/ HTTP/1.1" 200 3343
[2022-11-16 14:31:36,580] - [INFO] "GET /static/ckeditor/ckeditor-init.js HTTP/1.1" 200 1526
[2022-11-16 14:31:36,706] - [INFO] "GET /static/ckeditor/ckeditor/ckeditor.js HTTP/1.1" 200 756028
[2022-11-16 14:31:36,779] - [INFO] "GET /static/ckeditor/ckeditor/config.js?t=M6K9 HTTP/1.1" 200 336
[2022-11-16 14:31:36,827] - [INFO] "GET /static/ckeditor/ckeditor/skins/moono-lisa/editor.css?t=M6K9 HTTP/1.1" 200 48309
[2022-11-16 14:31:36,828] - [INFO] "GET /static/ckeditor/ckeditor/lang/en.js?t=M6K9 HTTP/1.1" 200 17503
[2022-11-16 14:31:36,844] - [INFO] "GET /static/ckeditor/ckeditor/styles.js?t=M6K9 HTTP/1.1" 200 5577
[2022-11-16 14:31:36,855] - [INFO] "GET /static/ckeditor/ckeditor/plugins/scayt/skins/moono-lisa/scayt.css?t=M6K9 HTTP/1.1" 200 381
[2022-11-16 14:31:36,855] - [INFO] "GET /static/ckeditor/ckeditor/plugins/scayt/dialogs/dialog.css?t=M6K9 HTTP/1.1" 200 419
[2022-11-16 14:31:36,857] - [INFO] "GET /static/ckeditor/ckeditor/plugins/tableselection/styles/tableselection.css?t=M6K9 HTTP/1.1" 200 1145
[2022-11-16 14:31:36,858] - [INFO] "GET /static/ckeditor/ckeditor/plugins/dialog/styles/dialog.css?t=M6K9 HTTP/1.1" 200 249
[2022-11-16 14:31:36,862] - [INFO] "GET /static/ckeditor/ckeditor/plugins/copyformatting/styles/copyformatting.css?t=M6K9 HTTP/1.1" 200 1511
[2022-11-16 14:31:36,884] - [INFO] "GET /static/ckeditor/ckeditor/skins/moono-lisa/icons.png?t=445cf24ebd HTTP/1.1" 200 12237
[2022-11-16 14:31:36,925] - [INFO] "GET /static/ckeditor/ckeditor/contents.css?t=M6K9 HTTP/1.1" 200 3092
[2022-11-16 14:31:43,097] - [INFO] "GET /admin/posts/post/ HTTP/1.1" 200 9533
[2022-11-16 14:31:48,383] - [INFO] "GET /admin/user_messages/message/ HTTP/1.1" 200 15055
[2022-11-16 14:31:48,421] - [INFO] "GET /admin/jsi18n/ HTTP/1.1" 200 3343
[2022-11-16 14:32:18,941] - [INFO] "GET /admin/user_messages/message/ HTTP/1.1" 200 15055
[2022-11-16 14:32:18,964] - [INFO] "GET /admin/jsi18n/ HTTP/1.1" 200 3343
[2022-11-16 14:32:19,421] - [INFO] C:\Users\ebedr\Desktop\erin\agri_trade\agri_trade\user_messages\admin.py changed, reloading.
[2022-11-16 14:32:20,164] - [INFO] Watching for file changes with StatReloader
[2022-11-16 14:32:20,496] - [INFO] "GET /admin/user_messages/message/ HTTP/1.1" 200 15752
[2022-11-16 14:32:20,519] - [INFO] "GET /admin/jsi18n/ HTTP/1.1" 200 3343
[2022-11-16 14:32:33,559] - [INFO] "GET /admin/auth/group/ HTTP/1.1" 200 7355
[2022-11-16 14:32:33,583] - [INFO] "GET /admin/jsi18n/ HTTP/1.1" 200 3343
[2022-11-16 14:32:33,940] - [INFO] "GET /admin/auth/group/ HTTP/1.1" 200 7355
[2022-11-16 14:32:33,963] - [INFO] "GET /admin/jsi18n/ HTTP/1.1" 200 3343
[2022-11-16 14:32:35,033] - [INFO] "GET /admin/auth/user/ HTTP/1.1" 200 12636
[2022-11-16 14:32:35,067] - [INFO] "GET /admin/jsi18n/ HTTP/1.1" 200 3343
[2022-11-16 14:32:37,810] - [INFO] "GET /admin/accounts/company/ HTTP/1.1" 200 11540
[2022-11-16 14:32:37,841] - [INFO] "GET /admin/jsi18n/ HTTP/1.1" 200 3343
[2022-11-16 14:32:47,752] - [INFO] "GET /admin/auth/user/ HTTP/1.1" 200 12636
[2022-11-16 14:32:47,790] - [INFO] "GET /admin/jsi18n/ HTTP/1.1" 200 3343
[2022-11-16 14:32:56,852] - [INFO] "GET /admin/ HTTP/1.1" 200 9108
[2022-11-16 14:34:50,402] - [INFO] C:\Users\ebedr\Desktop\erin\agri_trade\agri_trade\urls.py changed, reloading.
[2022-11-16 14:34:51,396] - [INFO] Watching for file changes with StatReloader
[2022-11-16 14:34:51,788] - [INFO] "GET /admin/ HTTP/1.1" 200 9104
[2022-11-16 14:35:11,271] - [INFO] "GET /admin/ HTTP/1.1" 200 9104
[2022-11-16 14:35:11,497] - [INFO] C:\Users\ebedr\Desktop\erin\agri_trade\agri_trade\urls.py changed, reloading.
[2022-11-16 14:35:12,293] - [INFO] Watching for file changes with StatReloader
[2022-11-16 14:35:12,978] - [INFO] "GET /admin/ HTTP/1.1" 200 9112
[2022-11-16 14:36:17,881] - [INFO] "GET /admin/ HTTP/1.1" 200 9112
[2022-11-16 14:36:20,903] - [INFO] "POST /admin/logout/ HTTP/1.1" 200 1553
[2022-11-16 14:36:23,267] - [INFO] "GET /admin/ HTTP/1.1" 302 0
[2022-11-16 14:36:23,283] - [INFO] "GET /admin/login/?next=/admin/ HTTP/1.1" 200 2222
[2022-11-16 14:36:30,117] - [INFO] "POST /admin/login/?next=/admin/ HTTP/1.1" 302 0
[2022-11-16 14:36:30,135] - [INFO] "GET /admin/ HTTP/1.1" 200 9112
[2022-11-16 14:37:26,782] - [INFO] "POST /admin/logout/ HTTP/1.1" 200 1553
[2022-11-16 14:37:29,082] - [INFO] "GET / HTTP/1.1" 200 4909
[2022-11-16 14:37:30,317] - [INFO] "GET /accounts/login/ HTTP/1.1" 200 4543
[2022-11-16 14:37:35,591] - [INFO] "POST /accounts/login/ HTTP/1.1" 200 5105
[2022-11-16 14:37:44,351] - [INFO] "POST /accounts/login/ HTTP/1.1" 302 0
[2022-11-16 14:37:44,399] - [INFO] "GET /marketplace/ HTTP/1.1" 200 22815
[2022-11-16 14:41:22,138] - [INFO] "GET /marketplace/?q=In%20Conversion HTTP/1.1" 200 16393
[2022-11-16 14:41:25,270] - [INFO] "GET /marketplace/?q=ghjghk HTTP/1.1" 200 14457
[2022-11-16 14:41:29,753] - [INFO] "GET /marketplace/ HTTP/1.1" 200 22501
[2022-11-16 14:41:33,121] - [INFO] "GET /marketplace/favourites/ HTTP/1.1" 200 19365
[2022-11-16 14:45:08,114] - [INFO] C:\Users\ebedr\Desktop\erin\agri_trade\agri_trade\marketplace\views.py changed, reloading.
[2022-11-16 14:45:09,077] - [INFO] Watching for file changes with StatReloader
[2022-11-16 14:45:53,573] - [INFO] "GET /marketplace/favourites/ HTTP/1.1" 200 19667
[2022-11-16 14:45:55,648] - [INFO] "GET /marketplace/my-products/ HTTP/1.1" 200 0
[2022-11-16 14:46:40,680] - [INFO] "GET /marketplace/my-products/ HTTP/1.1" 200 4920
[2022-11-16 14:48:51,913] - [INFO] "GET /marketplace/my-products/ HTTP/1.1" 200 4920
[2022-11-16 14:48:52,555] - [INFO] C:\Users\ebedr\Desktop\erin\agri_trade\agri_trade\marketplace\views.py changed, reloading.
[2022-11-16 14:48:53,262] - [INFO] Watching for file changes with StatReloader
[2022-11-16 14:48:53,601] - [ERROR] Internal Server Error: /marketplace/my-products/
Traceback (most recent call last):
  File "C:\Users\ebedr\Desktop\erin\agri_trade\venv\lib\site-packages\django\core\handlers\exception.py", line 55, in inner
    response = get_response(request)
  File "C:\Users\ebedr\Desktop\erin\agri_trade\venv\lib\site-packages\django\core\handlers\base.py", line 197, in _get_response
    response = wrapped_callback(request, *callback_args, **callback_kwargs)
  File "C:\Users\ebedr\Desktop\erin\agri_trade\venv\lib\site-packages\django\contrib\auth\decorators.py", line 23, in _wrapped_view
    return view_func(request, *args, **kwargs)
  File "C:\Users\ebedr\Desktop\erin\agri_trade\agri_trade\marketplace\views.py", line 218, in show_my_products
    return render(request, 'marketplace/show_my_products.html', context)
  File "C:\Users\ebedr\Desktop\erin\agri_trade\venv\lib\site-packages\django\shortcuts.py", line 24, in render
    content = loader.render_to_string(template_name, context, request, using=using)
  File "C:\Users\ebedr\Desktop\erin\agri_trade\venv\lib\site-packages\django\template\loader.py", line 61, in render_to_string
    template = get_template(template_name, using=using)
  File "C:\Users\ebedr\Desktop\erin\agri_trade\venv\lib\site-packages\django\template\loader.py", line 15, in get_template
    return engine.get_template(template_name)
  File "C:\Users\ebedr\Desktop\erin\agri_trade\venv\lib\site-packages\django\template\backends\django.py", line 34, in get_template
    return Template(self.engine.get_template(template_name), self)
  File "C:\Users\ebedr\Desktop\erin\agri_trade\venv\lib\site-packages\django\template\engine.py", line 175, in get_template
    template, origin = self.find_template(template_name)
  File "C:\Users\ebedr\Desktop\erin\agri_trade\venv\lib\site-packages\django\template\engine.py", line 157, in find_template
    template = loader.get_template(name, skip=skip)
  File "C:\Users\ebedr\Desktop\erin\agri_trade\venv\lib\site-packages\django\template\loaders\cached.py", line 57, in get_template
    template = super().get_template(template_name, skip)
  File "C:\Users\ebedr\Desktop\erin\agri_trade\venv\lib\site-packages\django\template\loaders\base.py", line 28, in get_template
    return Template(
  File "C:\Users\ebedr\Desktop\erin\agri_trade\venv\lib\site-packages\django\template\base.py", line 154, in __init__
    self.nodelist = self.compile_nodelist()
  File "C:\Users\ebedr\Desktop\erin\agri_trade\venv\lib\site-packages\django\template\base.py", line 200, in compile_nodelist
    return parser.parse()
  File "C:\Users\ebedr\Desktop\erin\agri_trade\venv\lib\site-packages\django\template\base.py", line 513, in parse
    raise self.error(token, e)
  File "C:\Users\ebedr\Desktop\erin\agri_trade\venv\lib\site-packages\django\template\base.py", line 511, in parse
    compiled_result = compile_func(self, token)
  File "C:\Users\ebedr\Desktop\erin\agri_trade\venv\lib\site-packages\django\template\loader_tags.py", line 293, in do_extends
    nodelist = parser.parse()
  File "C:\Users\ebedr\Desktop\erin\agri_trade\venv\lib\site-packages\django\template\base.py", line 513, in parse
    raise self.error(token, e)
  File "C:\Users\ebedr\Desktop\erin\agri_trade\venv\lib\site-packages\django\template\base.py", line 511, in parse
    compiled_result = compile_func(self, token)
  File "C:\Users\ebedr\Desktop\erin\agri_trade\venv\lib\site-packages\django\template\loader_tags.py", line 232, in do_block
    nodelist = parser.parse(("endblock",))
  File "C:\Users\ebedr\Desktop\erin\agri_trade\venv\lib\site-packages\django\template\base.py", line 513, in parse
    raise self.error(token, e)
  File "C:\Users\ebedr\Desktop\erin\agri_trade\venv\lib\site-packages\django\template\base.py", line 511, in parse
    compiled_result = compile_func(self, token)
  File "C:\Users\ebedr\Desktop\erin\agri_trade\venv\lib\site-packages\django\template\defaulttags.py", line 854, in do_for
    nodelist_loop = parser.parse(
  File "C:\Users\ebedr\Desktop\erin\agri_trade\venv\lib\site-packages\django\template\base.py", line 484, in parse
    raise self.error(token, e)
  File "C:\Users\ebedr\Desktop\erin\agri_trade\venv\lib\site-packages\django\template\base.py", line 482, in parse
    filter_expression = self.compile_filter(token.contents)
  File "C:\Users\ebedr\Desktop\erin\agri_trade\venv\lib\site-packages\django\template\base.py", line 600, in compile_filter
    return FilterExpression(token, self)
  File "C:\Users\ebedr\Desktop\erin\agri_trade\venv\lib\site-packages\django\template\base.py", line 698, in __init__
    filter_func = parser.find_filter(filter_name)
  File "C:\Users\ebedr\Desktop\erin\agri_trade\venv\lib\site-packages\django\template\base.py", line 606, in find_filter
    raise TemplateSyntaxError("Invalid filter: '%s'" % filter_name)
django.template.exceptions.TemplateSyntaxError: Invalid filter: 'intcomma'
[2022-11-16 14:48:53,607] - [ERROR] "GET /marketplace/my-products/ HTTP/1.1" 500 216447
[2022-11-16 14:49:09,973] - [INFO] "GET /marketplace/my-products/ HTTP/1.1" 200 12467
[2022-11-16 14:49:13,558] - [INFO] "GET /marketplace/my-products/ HTTP/1.1" 200 12467
[2022-11-16 14:49:49,442] - [INFO] "GET /marketplace/my-products/ HTTP/1.1" 200 12543
[2022-11-16 14:49:50,015] - [INFO] "GET /marketplace/my-products/ HTTP/1.1" 200 12543
[2022-11-16 14:49:50,516] - [INFO] "GET /marketplace/my-products/ HTTP/1.1" 200 12543
[2022-11-16 14:49:50,767] - [INFO] "GET /marketplace/my-products/ HTTP/1.1" 200 12543
[2022-11-16 14:49:50,956] - [INFO] "GET /marketplace/my-products/ HTTP/1.1" 200 12543
[2022-11-16 14:51:46,185] - [INFO] "GET /marketplace/my-products/ HTTP/1.1" 200 12543
[2022-11-16 14:51:47,575] - [INFO] "GET /marketplace/my-products/ HTTP/1.1" 200 13219
[2022-11-16 14:51:48,197] - [INFO] "GET /marketplace/my-products/ HTTP/1.1" 200 13219
[2022-11-16 14:51:59,646] - [INFO] "GET /marketplace/my-products/ HTTP/1.1" 200 13219
[2022-11-16 14:52:00,178] - [INFO] "GET /marketplace/my-products/ HTTP/1.1" 200 13219
[2022-11-16 14:52:01,006] - [INFO] "GET /marketplace/my-products/ HTTP/1.1" 200 12710
[2022-11-16 14:52:04,041] - [INFO] "GET /marketplace/ HTTP/1.1" 200 22803
[2022-11-16 14:52:05,790] - [INFO] "GET /marketplace/my-products/ HTTP/1.1" 200 12710
[2022-11-16 14:52:43,153] - [INFO] "GET /marketplace/my-products/ HTTP/1.1" 200 12710
[2022-11-16 14:52:44,013] - [INFO] "GET /marketplace/my-products/ HTTP/1.1" 200 11559
[2022-11-16 14:52:44,678] - [INFO] "GET /marketplace/my-products/ HTTP/1.1" 200 11559
[2022-11-16 14:52:49,409] - [INFO] "GET /marketplace/ HTTP/1.1" 200 22803
[2022-11-16 14:52:51,685] - [INFO] "GET /marketplace/my-products/ HTTP/1.1" 200 11559
[2022-11-16 14:53:13,325] - [INFO] "GET /marketplace/my-products/ HTTP/1.1" 200 11559
[2022-11-16 14:53:14,045] - [INFO] "GET /marketplace/my-products/ HTTP/1.1" 200 11008
[2022-11-16 14:53:18,025] - [INFO] "GET /marketplace/product-details/19 HTTP/1.1" 200 7931
[2022-11-16 14:53:18,171] - [INFO] "GET /static/img/no_photo.jpg HTTP/1.1" 200 16804
[2022-11-16 14:53:29,956] - [INFO] "GET /marketplace/ HTTP/1.1" 200 22803
[2022-11-16 14:53:46,097] - [INFO] "GET /marketplace/favourites/ HTTP/1.1" 200 19667
[2022-11-16 14:53:51,868] - [INFO] "GET /accounts/account/ HTTP/1.1" 200 10565
[2022-11-16 14:54:01,115] - [INFO] "GET /marketplace/ HTTP/1.1" 200 22803
[2022-11-16 14:54:05,008] - [INFO] "GET /marketplace/favourites/ HTTP/1.1" 200 19667
[2022-11-16 14:54:06,222] - [INFO] "GET /marketplace/my-products/ HTTP/1.1" 200 11008
[2022-11-16 14:54:53,704] - [INFO] "GET /marketplace/my-products/ HTTP/1.1" 200 11004
[2022-11-16 14:54:54,201] - [INFO] "GET /marketplace/my-products/ HTTP/1.1" 200 11004
[2022-11-16 14:56:46,989] - [INFO] "GET /marketplace/my-products/ HTTP/1.1" 200 11004
[2022-11-16 14:56:47,081] - [INFO] C:\Users\ebedr\Desktop\erin\agri_trade\agri_trade\marketplace\views.py changed, reloading.
[2022-11-16 14:56:48,262] - [INFO] Watching for file changes with StatReloader
[2022-11-16 14:56:50,095] - [INFO] "GET /marketplace/my-products/ HTTP/1.1" 200 12111
[2022-11-16 14:57:13,869] - [INFO] "GET /marketplace/my-products/ HTTP/1.1" 200 12111
[2022-11-16 14:57:14,380] - [INFO] "GET /marketplace/my-products/ HTTP/1.1" 200 12111
[2022-11-16 14:57:14,594] - [INFO] "GET /marketplace/my-products/ HTTP/1.1" 200 12111
[2022-11-16 14:57:14,772] - [INFO] "GET /marketplace/my-products/ HTTP/1.1" 200 12111
[2022-11-16 14:57:14,813] - [INFO] C:\Users\ebedr\Desktop\erin\agri_trade\agri_trade\marketplace\views.py changed, reloading.
[2022-11-16 14:57:15,560] - [INFO] Watching for file changes with StatReloader
[2022-11-16 14:57:16,337] - [INFO] "GET /marketplace/my-products/ HTTP/1.1" 200 12113
[2022-11-16 14:57:21,729] - [INFO] "GET /marketplace/product-details/19 HTTP/1.1" 200 7931
[2022-11-16 15:01:19,458] - [INFO] "GET /marketplace/my-products/ HTTP/1.1" 200 12113
[2022-11-16 15:01:20,390] - [INFO] "GET /marketplace/my-products/ HTTP/1.1" 200 12133
[2022-11-16 15:01:22,980] - [INFO] "GET /marketplace/my-products/ HTTP/1.1" 200 12133
[2022-11-16 15:02:13,980] - [INFO] "GET /marketplace/my-products/ HTTP/1.1" 200 12454
[2022-11-16 15:02:14,795] - [INFO] "GET /marketplace/my-products/ HTTP/1.1" 200 12454
[2022-11-16 15:02:28,043] - [INFO] "GET /marketplace/my-products/ HTTP/1.1" 200 12454
[2022-11-16 15:02:28,527] - [INFO] "GET /marketplace/my-products/ HTTP/1.1" 200 12454
[2022-11-16 15:02:29,085] - [INFO] "GET /marketplace/my-products/ HTTP/1.1" 200 12356
[2022-11-16 15:02:29,705] - [INFO] "GET /marketplace/my-products/ HTTP/1.1" 200 12356
[2022-11-16 15:02:44,422] - [INFO] "GET /marketplace/my-products/ HTTP/1.1" 200 12356
[2022-11-16 15:02:46,752] - [INFO] "GET /marketplace/my-products/ HTTP/1.1" 200 12344
[2022-11-16 15:02:47,250] - [INFO] "GET /marketplace/my-products/ HTTP/1.1" 200 12344
[2022-11-16 15:03:27,891] - [INFO] "GET /marketplace/my-products/ HTTP/1.1" 200 12438
[2022-11-16 15:03:54,055] - [INFO] "GET / HTTP/1.1" 200 7066
[2022-11-16 15:03:56,008] - [INFO] "GET /imprint/ HTTP/1.1" 200 7450
[2022-11-16 15:04:20,192] - [INFO] "GET / HTTP/1.1" 200 7082
[2022-11-16 15:04:21,725] - [INFO] "GET /data-protection/ HTTP/1.1" 200 7474
[2022-11-16 15:04:44,011] - [INFO] "GET /data-protection/ HTTP/1.1" 200 7495
[2022-11-16 15:04:44,727] - [INFO] "GET /data-protection/ HTTP/1.1" 200 7495
[2022-11-16 15:04:45,357] - [INFO] "GET /data-protection/ HTTP/1.1" 200 7495
[2022-11-16 15:04:45,529] - [INFO] "GET /data-protection/ HTTP/1.1" 200 7495
[2022-11-16 15:04:46,053] - [INFO] "GET /data-protection/ HTTP/1.1" 200 7495
[2022-11-16 15:04:46,594] - [INFO] "GET /imprint/ HTTP/1.1" 200 7487
[2022-11-16 15:04:47,282] - [INFO] "GET /data-protection/ HTTP/1.1" 200 7495
[2022-11-16 15:04:48,037] - [INFO] "GET /terms-and-conditions/ HTTP/1.1" 200 7500
[2022-11-16 15:04:49,030] - [INFO] "GET /data-protection/ HTTP/1.1" 200 7495
[2022-11-16 15:04:50,094] - [INFO] "GET /imprint/ HTTP/1.1" 200 7487
[2022-11-16 15:04:52,060] - [INFO] "GET /posts/all/ HTTP/1.1" 200 8778
[2022-11-16 15:04:53,226] - [INFO] "GET / HTTP/1.1" 200 7103
[2022-11-16 15:05:05,254] - [INFO] "GET / HTTP/1.1" 200 7103
[2022-11-16 15:05:06,696] - [INFO] "GET /marketplace/ HTTP/1.1" 200 23173
[2022-11-16 15:05:41,435] - [INFO] "GET /posts/all/ HTTP/1.1" 200 8778
[2022-11-16 15:06:48,367] - [INFO] "GET /marketplace/ HTTP/1.1" 200 23173
[2022-11-16 15:21:44,671] - [INFO] "GET /marketplace/product-details/26 HTTP/1.1" 200 8359
[2022-11-16 15:21:44,847] - [INFO] "GET /media/produces/apple_g8xOzsi.jpg HTTP/1.1" 200 644462
[2022-11-16 15:22:17,383] - [INFO] C:\Users\ebedr\Desktop\erin\agri_trade\agri_trade\marketplace\models.py changed, reloading.
[2022-11-16 15:22:18,159] - [INFO] Watching for file changes with StatReloader
[2022-11-16 15:22:45,653] - [INFO] "GET /marketplace/product-edit/26 HTTP/1.1" 200 33288
[2022-11-16 15:22:45,764] - [WARNING] "GET /static/flags/fo.gif HTTP/1.1" 404 1795
[2022-11-16 15:22:45,764] - [WARNING] "GET /static/flags/mx.gif HTTP/1.1" 404 1795
[2022-11-16 15:22:59,431] - [INFO] "POST /marketplace/product-edit/26 HTTP/1.1" 302 0
[2022-11-16 15:22:59,499] - [INFO] "GET /marketplace/ HTTP/1.1" 200 23486
[2022-11-16 15:23:01,309] - [INFO] "GET /marketplace/product-details/26 HTTP/1.1" 200 9357
[2022-11-16 15:23:14,241] - [INFO] "GET /marketplace/ HTTP/1.1" 200 23173
[2022-11-16 15:23:15,179] - [INFO] "GET /marketplace/product-add/ HTTP/1.1" 200 32941
[2022-11-16 15:23:15,218] - [WARNING] "GET /static/flags/__.gif HTTP/1.1" 404 1795
[2022-11-16 15:23:31,379] - [INFO] "GET /marketplace/product-add/ HTTP/1.1" 200 32941
[2022-11-16 15:23:31,411] - [WARNING] "GET /static/flags/__.gif HTTP/1.1" 404 1795
[2022-11-16 15:23:31,640] - [INFO] C:\Users\ebedr\Desktop\erin\agri_trade\agri_trade\marketplace\forms.py changed, reloading.
[2022-11-16 15:23:32,351] - [INFO] Watching for file changes with StatReloader
[2022-11-16 15:23:32,753] - [INFO] "GET /marketplace/product-add/ HTTP/1.1" 200 32942
[2022-11-16 15:23:32,794] - [WARNING] "GET /static/flags/__.gif HTTP/1.1" 404 1795
[2022-11-16 15:23:53,558] - [INFO] C:\Users\ebedr\Desktop\erin\agri_trade\agri_trade\marketplace\forms.py changed, reloading.
[2022-11-16 15:23:54,308] - [INFO] Watching for file changes with StatReloader
[2022-11-16 15:23:54,766] - [INFO] "GET /marketplace/ HTTP/1.1" 200 23173
[2022-11-16 15:23:54,847] - [INFO] "GET /marketplace/ HTTP/1.1" 200 23173
[2022-11-16 15:23:56,198] - [INFO] "GET /marketplace/product-details/26 HTTP/1.1" 200 9357
[2022-11-16 15:23:56,973] - [INFO] "GET /marketplace/product-edit/26 HTTP/1.1" 200 34267
[2022-11-16 15:23:57,017] - [WARNING] "GET /static/flags/mx.gif HTTP/1.1" 404 1795
[2022-11-16 15:23:57,017] - [WARNING] "GET /static/flags/fo.gif HTTP/1.1" 404 1795
[2022-11-16 15:24:00,928] - [INFO] "GET /marketplace/product-edit/26 HTTP/1.1" 200 34267
[2022-11-16 15:24:00,962] - [WARNING] "GET /static/flags/mx.gif HTTP/1.1" 404 1795
[2022-11-16 15:24:00,963] - [WARNING] "GET /static/flags/fo.gif HTTP/1.1" 404 1795
[2022-11-16 15:24:02,743] - [INFO] "GET /marketplace/product-edit/26 HTTP/1.1" 200 34267
[2022-11-16 15:24:02,780] - [WARNING] "GET /static/flags/fo.gif HTTP/1.1" 404 1795
[2022-11-16 15:24:02,781] - [WARNING] "GET /static/flags/mx.gif HTTP/1.1" 404 1795
[2022-11-16 15:24:26,055] - [INFO] "GET /marketplace/ HTTP/1.1" 200 23173
[2022-11-16 15:25:05,443] - [INFO] "GET /marketplace/product-add/ HTTP/1.1" 200 32942
[2022-11-16 15:25:05,494] - [WARNING] "GET /static/flags/__.gif HTTP/1.1" 404 1795
[2022-11-16 15:25:25,918] - [INFO] "GET /marketplace/product-add/ HTTP/1.1" 200 32942
[2022-11-16 15:25:25,949] - [WARNING] "GET /static/flags/__.gif HTTP/1.1" 404 1795
[2022-11-16 15:25:26,763] - [INFO] "GET /messages/ HTTP/1.1" 200 7920
[2022-11-16 15:27:21,932] - [INFO] "GET /messages/message/40 HTTP/1.1" 200 5810
[2022-11-16 15:27:29,098] - [INFO] "GET /messages/reply-to/40 HTTP/1.1" 200 6525
[2022-11-16 15:27:33,366] - [INFO] "POST /messages/reply-to/40 HTTP/1.1" 302 0
[2022-11-16 15:27:33,387] - [INFO] "GET /messages/ HTTP/1.1" 200 9382
[2022-11-16 15:28:39,937] - [INFO] "GET /messages/message/40 HTTP/1.1" 200 6121
[2022-11-16 15:28:42,400] - [INFO] "GET /posts/all/ HTTP/1.1" 200 9089
[2022-11-16 15:28:43,568] - [INFO] "GET /posts/post/6/ HTTP/1.1" 200 9845
[2022-11-16 15:28:46,803] - [INFO] "GET /posts/post/6/comments/ HTTP/1.1" 200 14347
[2022-11-16 15:29:37,482] - [INFO] "GET /marketplace/ HTTP/1.1" 200 23484
[2022-11-16 15:29:38,337] - [INFO] "GET / HTTP/1.1" 200 7414
[2022-11-16 15:40:12,079] - [INFO] "GET /marketplace/ HTTP/1.1" 200 23484
[2022-11-16 15:40:38,205] - [INFO] "GET /marketplace/?q=Bulgaria HTTP/1.1" 200 17793
[2022-11-16 15:40:58,281] - [INFO] "GET /marketplace/?q=Organic HTTP/1.1" 200 19978
[2022-11-16 15:41:30,448] - [INFO] "GET /marketplace/?q=Faroe%20Islands HTTP/1.1" 200 16358
[2022-11-16 15:41:31,907] - [INFO] "GET /marketplace/product-details/26 HTTP/1.1" 200 9668
[2022-11-16 15:42:13,656] - [INFO] "GET /marketplace/my-products/ HTTP/1.1" 200 12794
[2022-11-16 15:42:18,886] - [INFO] "GET /marketplace/ HTTP/1.1" 200 23484
[2022-11-16 15:42:20,931] - [INFO] "GET /marketplace/favourites/ HTTP/1.1" 200 20348
[2022-11-16 15:42:25,177] - [INFO] "GET /marketplace/product-details/10 HTTP/1.1" 200 9835
[2022-11-16 15:42:29,144] - [INFO] "GET /marketplace/favourites/10/add HTTP/1.1" 302 0
[2022-11-16 15:42:29,161] - [INFO] "GET /marketplace/product-details/10 HTTP/1.1" 200 9831
[2022-11-16 15:42:31,822] - [INFO] "GET /marketplace/favourites/ HTTP/1.1" 200 20360
[2022-11-16 15:42:36,589] - [INFO] "GET /marketplace/product-details/21 HTTP/1.1" 200 9839
[2022-11-16 15:44:51,917] - [INFO] "GET /marketplace/ HTTP/1.1" 200 23484
[2022-11-16 15:44:57,811] - [INFO] "GET /accounts/account/ HTTP/1.1" 200 11246
[2022-11-16 15:44:59,556] - [INFO] "GET /accounts/account/edit HTTP/1.1" 200 21570
[2022-11-16 15:44:59,587] - [WARNING] "GET /static/flags/de.gif HTTP/1.1" 404 1795
[2022-11-16 15:47:48,904] - [INFO] "GET /accounts/account/edit HTTP/1.1" 200 21648
[2022-11-16 15:47:48,930] - [WARNING] "GET /static/flags/de.gif HTTP/1.1" 404 1795
[2022-11-16 15:47:55,399] - [INFO] "GET /accounts/account/edit HTTP/1.1" 200 21642
[2022-11-16 15:47:55,428] - [WARNING] "GET /static/flags/de.gif HTTP/1.1" 404 1795
[2022-11-16 15:48:02,758] - [INFO] "GET /accounts/account/edit HTTP/1.1" 200 21644
[2022-11-16 15:48:02,782] - [WARNING] "GET /static/flags/de.gif HTTP/1.1" 404 1795
[2022-11-16 15:48:03,479] - [INFO] "GET /accounts/account/edit HTTP/1.1" 200 21644
[2022-11-16 15:48:03,502] - [WARNING] "GET /static/flags/de.gif HTTP/1.1" 404 1795
[2022-11-16 15:48:03,962] - [INFO] "GET /accounts/account/edit HTTP/1.1" 200 21644
[2022-11-16 15:48:03,989] - [WARNING] "GET /static/flags/de.gif HTTP/1.1" 404 1795
[2022-11-16 15:48:05,010] - [INFO] "GET /accounts/account/edit HTTP/1.1" 200 21644
[2022-11-16 15:48:05,034] - [WARNING] "GET /static/flags/de.gif HTTP/1.1" 404 1795
[2022-11-16 15:48:11,286] - [INFO] "GET /accounts/account/edit HTTP/1.1" 200 21644
[2022-11-16 15:48:11,317] - [WARNING] "GET /static/flags/de.gif HTTP/1.1" 404 1795
[2022-11-16 15:48:11,923] - [INFO] "GET /accounts/account/edit HTTP/1.1" 200 21643
[2022-11-16 15:48:11,951] - [WARNING] "GET /static/flags/de.gif HTTP/1.1" 404 1795
[2022-11-16 15:48:12,336] - [INFO] "GET /accounts/account/edit HTTP/1.1" 200 21643
[2022-11-16 15:48:12,361] - [WARNING] "GET /static/flags/de.gif HTTP/1.1" 404 1795
[2022-11-16 15:48:12,866] - [INFO] "GET /accounts/account/edit HTTP/1.1" 200 21643
[2022-11-16 15:48:12,888] - [WARNING] "GET /static/flags/de.gif HTTP/1.1" 404 1795
[2022-11-16 15:49:05,185] - [INFO] "GET /accounts/account/edit HTTP/1.1" 200 21829
[2022-11-16 15:49:05,216] - [WARNING] "GET /static/flags/de.gif HTTP/1.1" 404 1795
[2022-11-16 15:49:42,276] - [INFO] "GET /accounts/account/edit HTTP/1.1" 200 21933
[2022-11-16 15:49:42,315] - [WARNING] "GET /static/flags/de.gif HTTP/1.1" 404 1795
[2022-11-16 15:49:56,978] - [INFO] "GET /accounts/account/edit HTTP/1.1" 200 21933
[2022-11-16 15:49:57,005] - [WARNING] "GET /static/flags/de.gif HTTP/1.1" 404 1795
[2022-11-16 15:50:08,392] - [INFO] "GET /marketplace/ HTTP/1.1" 200 23484
[2022-11-16 15:50:10,411] - [INFO] "GET /marketplace/product-details/7 HTTP/1.1" 200 9834
[2022-11-16 15:50:22,826] - [INFO] "GET /marketplace/product-add/ HTTP/1.1" 200 33253
[2022-11-16 15:50:22,867] - [WARNING] "GET /static/flags/__.gif HTTP/1.1" 404 1795
[2022-11-16 15:50:25,445] - [INFO] "GET /marketplace/my-products/ HTTP/1.1" 200 12794
[2022-11-16 15:50:26,587] - [INFO] "GET / HTTP/1.1" 200 7414
[2022-11-16 15:54:26,135] - [INFO] "GET /accounts/logout/ HTTP/1.1" 302 0
[2022-11-16 15:54:26,153] - [INFO] "GET / HTTP/1.1" 200 5599
[2022-11-16 15:54:41,155] - [INFO] "GET /data-protection/ HTTP/1.1" 200 5670
[2022-11-16 15:54:43,383] - [INFO] "GET /posts/all/ HTTP/1.1" 200 6940
[2022-11-16 15:54:43,698] - [INFO] "GET / HTTP/1.1" 200 5279
[2022-11-16 15:56:44,441] - [INFO] "GET /accounts/login/ HTTP/1.1" 200 4913
[2022-11-16 15:56:46,208] - [INFO] "POST /accounts/login/ HTTP/1.1" 302 0
[2022-11-16 15:56:46,256] - [INFO] "GET /marketplace/ HTTP/1.1" 200 23798
[2022-11-16 15:56:58,154] - [INFO] "GET /marketplace/ HTTP/1.1" 200 23484
[2022-11-16 15:56:58,790] - [INFO] "GET /marketplace/ HTTP/1.1" 200 23484
[2022-11-16 15:56:59,389] - [INFO] "GET /marketplace/ HTTP/1.1" 200 23671
[2022-11-16 15:57:20,067] - [INFO] "GET /marketplace/ HTTP/1.1" 200 23484
[2022-11-16 15:57:21,115] - [INFO] "GET /marketplace/ HTTP/1.1" 200 23484
[2022-11-16 15:57:21,951] - [INFO] "GET / HTTP/1.1" 200 7414
[2022-11-16 15:57:22,902] - [INFO] "GET /marketplace/ HTTP/1.1" 200 23484
[2022-11-17 10:55:41,814] - [INFO] Watching for file changes with StatReloader
[2022-11-17 10:55:43,735] - [INFO] "GET / HTTP/1.1" 200 7414
[2022-11-17 10:55:43,800] - [INFO] "GET /static/css/style.css HTTP/1.1" 304 0
[2022-11-17 10:55:43,817] - [INFO] "GET /static/js/scripts.js HTTP/1.1" 304 0
[2022-11-17 10:55:43,817] - [INFO] "GET /static/img/logo.png HTTP/1.1" 304 0
[2022-11-17 10:55:43,818] - [INFO] "GET /static/img/homepage_circle.png HTTP/1.1" 304 0
[2022-11-17 10:55:48,898] - [INFO] "GET /messages/ HTTP/1.1" 200 9081
[2022-11-17 10:55:51,915] - [INFO] "GET /accounts/logout/ HTTP/1.1" 302 0
[2022-11-17 10:55:51,922] - [INFO] "GET / HTTP/1.1" 200 5599
[2022-11-17 10:55:53,961] - [INFO] "GET /messages/ HTTP/1.1" 302 0
[2022-11-17 10:55:53,994] - [INFO] "GET /accounts/login/?next=/messages/ HTTP/1.1" 200 4913
[2022-11-17 10:55:59,750] - [INFO] "POST /accounts/login/ HTTP/1.1" 302 0
[2022-11-17 10:55:59,797] - [INFO] "GET /marketplace/ HTTP/1.1" 200 23798
[2022-11-17 11:05:22,384] - [WARNING] Not Found: /login/
[2022-11-17 11:05:36,496] - [WARNING] Not Found: /login
[2022-11-17 12:01:40,672] - [INFO] C:\Users\ebedr\Desktop\erin\agri_trade\agri_trade\settings.py changed, reloading.
[2022-11-17 12:01:41,417] - [INFO] Watching for file changes with StatReloader
[2022-11-17 12:04:29,122] - [INFO] C:\Users\ebedr\Desktop\erin\agri_trade\agri_trade\settings.py changed, reloading.
[2022-11-17 12:04:29,599] - [INFO] Watching for file changes with StatReloader
[2022-11-17 12:07:53,369] - [INFO] Watching for file changes with StatReloader
[2022-11-17 12:07:53,846] - [ERROR] Internal Server Error: /
Traceback (most recent call last):
  File "C:\Users\ebedr\Desktop\erin\agri_trade\venv\lib\site-packages\django\contrib\sessions\backends\base.py", line 187, in _get_session
    return self._session_cache
AttributeError: 'SessionStore' object has no attribute '_session_cache'

During handling of the above exception, another exception occurred:

Traceback (most recent call last):
  File "C:\Users\ebedr\Desktop\erin\agri_trade\venv\lib\site-packages\django\db\backends\utils.py", line 89, in _execute
    return self.cursor.execute(sql, params)
psycopg2.errors.UndefinedTable: relation "django_session" does not exist
LINE 1: ...ession_data", "django_session"."expire_date" FROM "django_se...
                                                             ^


The above exception was the direct cause of the following exception:

Traceback (most recent call last):
  File "C:\Users\ebedr\Desktop\erin\agri_trade\venv\lib\site-packages\django\core\handlers\exception.py", line 55, in inner
    response = get_response(request)
  File "C:\Users\ebedr\Desktop\erin\agri_trade\venv\lib\site-packages\django\utils\deprecation.py", line 135, in __call__
    response = self.process_request(request)
  File "C:\Users\ebedr\Desktop\erin\agri_trade\agri_trade\web\middlewares.py", line 8, in process_request
    if request.user.is_authenticated:
  File "C:\Users\ebedr\Desktop\erin\agri_trade\venv\lib\site-packages\django\utils\functional.py", line 266, in inner
    self._setup()
  File "C:\Users\ebedr\Desktop\erin\agri_trade\venv\lib\site-packages\django\utils\functional.py", line 419, in _setup
    self._wrapped = self._setupfunc()
  File "C:\Users\ebedr\Desktop\erin\agri_trade\venv\lib\site-packages\django\contrib\auth\middleware.py", line 25, in <lambda>
    request.user = SimpleLazyObject(lambda: get_user(request))
  File "C:\Users\ebedr\Desktop\erin\agri_trade\venv\lib\site-packages\django\contrib\auth\middleware.py", line 11, in get_user
    request._cached_user = auth.get_user(request)
  File "C:\Users\ebedr\Desktop\erin\agri_trade\venv\lib\site-packages\django\contrib\auth\__init__.py", line 191, in get_user
    user_id = _get_user_session_key(request)
  File "C:\Users\ebedr\Desktop\erin\agri_trade\venv\lib\site-packages\django\contrib\auth\__init__.py", line 60, in _get_user_session_key
    return get_user_model()._meta.pk.to_python(request.session[SESSION_KEY])
  File "C:\Users\ebedr\Desktop\erin\agri_trade\venv\lib\site-packages\django\contrib\sessions\backends\base.py", line 53, in __getitem__
    return self._session[key]
  File "C:\Users\ebedr\Desktop\erin\agri_trade\venv\lib\site-packages\django\contrib\sessions\backends\base.py", line 192, in _get_session
    self._session_cache = self.load()
  File "C:\Users\ebedr\Desktop\erin\agri_trade\venv\lib\site-packages\django\contrib\sessions\backends\db.py", line 42, in load
    s = self._get_session_from_db()
  File "C:\Users\ebedr\Desktop\erin\agri_trade\venv\lib\site-packages\django\contrib\sessions\backends\db.py", line 32, in _get_session_from_db
    return self.model.objects.get(
  File "C:\Users\ebedr\Desktop\erin\agri_trade\venv\lib\site-packages\django\db\models\manager.py", line 85, in manager_method
    return getattr(self.get_queryset(), name)(*args, **kwargs)
  File "C:\Users\ebedr\Desktop\erin\agri_trade\venv\lib\site-packages\django\db\models\query.py", line 646, in get
    num = len(clone)
  File "C:\Users\ebedr\Desktop\erin\agri_trade\venv\lib\site-packages\django\db\models\query.py", line 376, in __len__
    self._fetch_all()
  File "C:\Users\ebedr\Desktop\erin\agri_trade\venv\lib\site-packages\django\db\models\query.py", line 1866, in _fetch_all
    self._result_cache = list(self._iterable_class(self))
  File "C:\Users\ebedr\Desktop\erin\agri_trade\venv\lib\site-packages\django\db\models\query.py", line 87, in __iter__
    results = compiler.execute_sql(
  File "C:\Users\ebedr\Desktop\erin\agri_trade\venv\lib\site-packages\django\db\models\sql\compiler.py", line 1398, in execute_sql
    cursor.execute(sql, params)
  File "C:\Users\ebedr\Desktop\erin\agri_trade\venv\lib\site-packages\django\db\backends\utils.py", line 103, in execute
    return super().execute(sql, params)
  File "C:\Users\ebedr\Desktop\erin\agri_trade\venv\lib\site-packages\django\db\backends\utils.py", line 67, in execute
    return self._execute_with_wrappers(
  File "C:\Users\ebedr\Desktop\erin\agri_trade\venv\lib\site-packages\django\db\backends\utils.py", line 80, in _execute_with_wrappers
    return executor(sql, params, many, context)
  File "C:\Users\ebedr\Desktop\erin\agri_trade\venv\lib\site-packages\django\db\backends\utils.py", line 89, in _execute
    return self.cursor.execute(sql, params)
  File "C:\Users\ebedr\Desktop\erin\agri_trade\venv\lib\site-packages\django\db\utils.py", line 91, in __exit__
    raise dj_exc_value.with_traceback(traceback) from exc_value
  File "C:\Users\ebedr\Desktop\erin\agri_trade\venv\lib\site-packages\django\db\backends\utils.py", line 89, in _execute
    return self.cursor.execute(sql, params)
django.db.utils.ProgrammingError: relation "django_session" does not exist
LINE 1: ...ession_data", "django_session"."expire_date" FROM "django_se...
                                                             ^

[2022-11-17 12:07:53,853] - [ERROR] "GET / HTTP/1.1" 500 170863
[2022-11-17 12:07:54,202] - [ERROR] Internal Server Error: /favicon.ico
Traceback (most recent call last):
  File "C:\Users\ebedr\Desktop\erin\agri_trade\venv\lib\site-packages\django\contrib\sessions\backends\base.py", line 187, in _get_session
    return self._session_cache
AttributeError: 'SessionStore' object has no attribute '_session_cache'

During handling of the above exception, another exception occurred:

Traceback (most recent call last):
  File "C:\Users\ebedr\Desktop\erin\agri_trade\venv\lib\site-packages\django\db\backends\utils.py", line 89, in _execute
    return self.cursor.execute(sql, params)
psycopg2.errors.UndefinedTable: relation "django_session" does not exist
LINE 1: ...ession_data", "django_session"."expire_date" FROM "django_se...
                                                             ^


The above exception was the direct cause of the following exception:

Traceback (most recent call last):
  File "C:\Users\ebedr\Desktop\erin\agri_trade\venv\lib\site-packages\django\core\handlers\exception.py", line 55, in inner
    response = get_response(request)
  File "C:\Users\ebedr\Desktop\erin\agri_trade\venv\lib\site-packages\django\utils\deprecation.py", line 135, in __call__
    response = self.process_request(request)
  File "C:\Users\ebedr\Desktop\erin\agri_trade\agri_trade\web\middlewares.py", line 8, in process_request
    if request.user.is_authenticated:
  File "C:\Users\ebedr\Desktop\erin\agri_trade\venv\lib\site-packages\django\utils\functional.py", line 266, in inner
    self._setup()
  File "C:\Users\ebedr\Desktop\erin\agri_trade\venv\lib\site-packages\django\utils\functional.py", line 419, in _setup
    self._wrapped = self._setupfunc()
  File "C:\Users\ebedr\Desktop\erin\agri_trade\venv\lib\site-packages\django\contrib\auth\middleware.py", line 25, in <lambda>
    request.user = SimpleLazyObject(lambda: get_user(request))
  File "C:\Users\ebedr\Desktop\erin\agri_trade\venv\lib\site-packages\django\contrib\auth\middleware.py", line 11, in get_user
    request._cached_user = auth.get_user(request)
  File "C:\Users\ebedr\Desktop\erin\agri_trade\venv\lib\site-packages\django\contrib\auth\__init__.py", line 191, in get_user
    user_id = _get_user_session_key(request)
  File "C:\Users\ebedr\Desktop\erin\agri_trade\venv\lib\site-packages\django\contrib\auth\__init__.py", line 60, in _get_user_session_key
    return get_user_model()._meta.pk.to_python(request.session[SESSION_KEY])
  File "C:\Users\ebedr\Desktop\erin\agri_trade\venv\lib\site-packages\django\contrib\sessions\backends\base.py", line 53, in __getitem__
    return self._session[key]
  File "C:\Users\ebedr\Desktop\erin\agri_trade\venv\lib\site-packages\django\contrib\sessions\backends\base.py", line 192, in _get_session
    self._session_cache = self.load()
  File "C:\Users\ebedr\Desktop\erin\agri_trade\venv\lib\site-packages\django\contrib\sessions\backends\db.py", line 42, in load
    s = self._get_session_from_db()
  File "C:\Users\ebedr\Desktop\erin\agri_trade\venv\lib\site-packages\django\contrib\sessions\backends\db.py", line 32, in _get_session_from_db
    return self.model.objects.get(
  File "C:\Users\ebedr\Desktop\erin\agri_trade\venv\lib\site-packages\django\db\models\manager.py", line 85, in manager_method
    return getattr(self.get_queryset(), name)(*args, **kwargs)
  File "C:\Users\ebedr\Desktop\erin\agri_trade\venv\lib\site-packages\django\db\models\query.py", line 646, in get
    num = len(clone)
  File "C:\Users\ebedr\Desktop\erin\agri_trade\venv\lib\site-packages\django\db\models\query.py", line 376, in __len__
    self._fetch_all()
  File "C:\Users\ebedr\Desktop\erin\agri_trade\venv\lib\site-packages\django\db\models\query.py", line 1866, in _fetch_all
    self._result_cache = list(self._iterable_class(self))
  File "C:\Users\ebedr\Desktop\erin\agri_trade\venv\lib\site-packages\django\db\models\query.py", line 87, in __iter__
    results = compiler.execute_sql(
  File "C:\Users\ebedr\Desktop\erin\agri_trade\venv\lib\site-packages\django\db\models\sql\compiler.py", line 1398, in execute_sql
    cursor.execute(sql, params)
  File "C:\Users\ebedr\Desktop\erin\agri_trade\venv\lib\site-packages\django\db\backends\utils.py", line 103, in execute
    return super().execute(sql, params)
  File "C:\Users\ebedr\Desktop\erin\agri_trade\venv\lib\site-packages\django\db\backends\utils.py", line 67, in execute
    return self._execute_with_wrappers(
  File "C:\Users\ebedr\Desktop\erin\agri_trade\venv\lib\site-packages\django\db\backends\utils.py", line 80, in _execute_with_wrappers
    return executor(sql, params, many, context)
  File "C:\Users\ebedr\Desktop\erin\agri_trade\venv\lib\site-packages\django\db\backends\utils.py", line 89, in _execute
    return self.cursor.execute(sql, params)
  File "C:\Users\ebedr\Desktop\erin\agri_trade\venv\lib\site-packages\django\db\utils.py", line 91, in __exit__
    raise dj_exc_value.with_traceback(traceback) from exc_value
  File "C:\Users\ebedr\Desktop\erin\agri_trade\venv\lib\site-packages\django\db\backends\utils.py", line 89, in _execute
    return self.cursor.execute(sql, params)
django.db.utils.ProgrammingError: relation "django_session" does not exist
LINE 1: ...ession_data", "django_session"."expire_date" FROM "django_se...
                                                             ^

[2022-11-17 12:07:54,207] - [ERROR] "GET /favicon.ico HTTP/1.1" 500 170552
[2022-11-17 12:08:46,757] - [INFO] C:\Users\ebedr\Desktop\erin\agri_trade\agri_trade\settings.py changed, reloading.
[2022-11-17 12:08:47,365] - [INFO] Watching for file changes with StatReloader
[2022-11-17 12:09:23,377] - [INFO] "GET / HTTP/1.1" 200 5279
[2022-11-17 12:09:23,512] - [INFO] "GET /static/img/flaticon.png HTTP/1.1" 304 0
[2022-11-17 12:09:25,149] - [INFO] "GET /accounts/login/ HTTP/1.1" 200 4913
[2022-11-17 12:09:26,543] - [INFO] "POST /accounts/login/ HTTP/1.1" 200 5476
[2022-11-17 12:09:29,069] - [INFO] "GET /accounts/register/ HTTP/1.1" 200 6533
[2022-11-17 12:09:30,991] - [INFO] "GET / HTTP/1.1" 200 5279
[2022-11-17 12:10:06,892] - [INFO] "GET /accounts/login/ HTTP/1.1" 200 4913
[2022-11-17 12:10:10,260] - [INFO] "POST /accounts/login/ HTTP/1.1" 200 5472
[2022-11-17 12:10:17,338] - [INFO] "POST /accounts/login/ HTTP/1.1" 200 5472
[2022-11-17 12:10:29,344] - [INFO] "POST /accounts/login/ HTTP/1.1" 302 0
[2022-11-17 12:10:29,415] - [INFO] "GET /marketplace/ HTTP/1.1" 200 11075
[2022-11-17 12:10:34,508] - [INFO] "GET /marketplace/ HTTP/1.1" 200 10765
[2022-11-17 12:10:35,337] - [INFO] "GET /posts/all/ HTTP/1.1" 200 5473
[2022-11-17 12:10:39,865] - [INFO] "GET /marketplace/ HTTP/1.1" 200 10765
[2022-11-17 12:10:40,439] - [INFO] "GET /marketplace/product-add/ HTTP/1.1" 200 32938
[2022-11-17 12:10:40,497] - [WARNING] "GET /static/flags/__.gif HTTP/1.1" 404 1795
[2022-11-17 12:10:40,922] - [INFO] "GET /messages/ HTTP/1.1" 200 6919
[2022-11-17 12:10:42,477] - [INFO] "GET / HTTP/1.1" 200 7099
[2022-11-17 12:10:43,407] - [INFO] "GET /posts/all/ HTTP/1.1" 200 5473
[2022-11-17 12:11:18,403] - [INFO] "GET /posts/all/ HTTP/1.1" 200 5473
[2022-11-17 12:11:19,415] - [INFO] "GET /posts/all/ HTTP/1.1" 200 5496
[2022-11-17 12:11:19,991] - [INFO] "GET /posts/all/ HTTP/1.1" 200 5496
[2022-11-17 12:12:25,308] - [INFO] "GET /marketplace/ HTTP/1.1" 200 10765
[2022-11-17 12:12:27,857] - [INFO] "GET /marketplace/my-products/ HTTP/1.1" 200 7616
[2022-11-17 12:12:29,636] - [INFO] "GET /marketplace/favourites/ HTTP/1.1" 200 10534
[2022-11-17 12:12:31,041] - [INFO] "GET /accounts/account/ HTTP/1.1" 200 10335
[2022-11-17 12:12:32,392] - [INFO] "GET /messages/ HTTP/1.1" 200 6919
[2022-11-17 12:12:33,105] - [INFO] "GET /marketplace/product-add/ HTTP/1.1" 200 32938
[2022-11-17 12:12:33,135] - [WARNING] "GET /static/flags/__.gif HTTP/1.1" 404 1795
[2022-11-17 12:12:33,489] - [INFO] "GET /marketplace/ HTTP/1.1" 200 10765
[2022-11-17 12:12:34,682] - [INFO] "GET /marketplace/product-add/ HTTP/1.1" 200 32938
[2022-11-17 12:12:34,731] - [WARNING] "GET /static/flags/__.gif HTTP/1.1" 404 1795
[2022-11-17 12:12:35,554] - [INFO] "GET /marketplace/ HTTP/1.1" 200 10765
[2022-11-17 12:12:36,097] - [INFO] "GET /marketplace/product-add/ HTTP/1.1" 200 32938
[2022-11-17 12:12:36,133] - [WARNING] "GET /static/flags/__.gif HTTP/1.1" 404 1795
[2022-11-17 12:12:36,661] - [INFO] "GET /marketplace/ HTTP/1.1" 200 10765
[2022-11-17 12:12:37,282] - [INFO] "GET /marketplace/product-add/ HTTP/1.1" 200 32938
[2022-11-17 12:12:37,319] - [WARNING] "GET /static/flags/__.gif HTTP/1.1" 404 1795
[2022-11-17 12:12:39,478] - [INFO] "GET /marketplace/ HTTP/1.1" 200 10765
[2022-11-17 12:12:41,182] - [INFO] "GET / HTTP/1.1" 200 7099
[2022-11-17 13:36:34,620] - [INFO] "GET /accounts/account/ HTTP/1.1" 200 10335
[2022-11-17 13:36:39,427] - [INFO] "GET /accounts/account/edit HTTP/1.1" 200 21000
[2022-11-17 13:36:39,471] - [WARNING] "GET /static/flags/__.gif HTTP/1.1" 404 1795
[2022-11-17 13:36:41,818] - [WARNING] "GET /static/flags/de.gif HTTP/1.1" 404 1795
[2022-11-17 13:37:41,267] - [INFO] "POST /accounts/account/edit HTTP/1.1" 200 22163
[2022-11-17 13:37:41,309] - [WARNING] "GET /static/flags/de.gif HTTP/1.1" 404 1795
[2022-11-17 13:37:54,394] - [INFO] "POST /accounts/account/edit HTTP/1.1" 302 0
[2022-11-17 13:37:54,443] - [INFO] "GET /accounts/account/ HTTP/1.1" 200 11156
[2022-11-17 13:40:37,006] - [INFO] "GET /accounts/logout/ HTTP/1.1" 302 0
[2022-11-17 13:40:37,016] - [INFO] "GET / HTTP/1.1" 200 5599
[2022-11-17 13:40:38,460] - [INFO] "GET /accounts/register/ HTTP/1.1" 200 6533
[2022-11-17 13:40:46,621] - [INFO] "POST /accounts/register/ HTTP/1.1" 200 7202
[2022-11-17 13:40:54,562] - [INFO] "GET /accounts/login/ HTTP/1.1" 200 4913
[2022-11-17 13:40:56,190] - [INFO] "POST /accounts/login/ HTTP/1.1" 302 0
[2022-11-17 13:40:56,346] - [INFO] "GET /marketplace/ HTTP/1.1" 200 11075
[2022-11-17 13:41:03,527] - [INFO] "GET /accounts/account/ HTTP/1.1" 200 10852
[2022-11-17 13:41:04,408] - [INFO] "GET /accounts/account/edit HTTP/1.1" 200 21582
[2022-11-17 13:41:04,463] - [WARNING] "GET /static/flags/de.gif HTTP/1.1" 404 1795
[2022-11-17 13:41:19,931] - [INFO] "POST /accounts/account/edit HTTP/1.1" 302 0
[2022-11-17 13:41:19,982] - [INFO] "GET /accounts/account/ HTTP/1.1" 200 11156
[2022-11-17 13:41:21,226] - [INFO] "GET /accounts/account/edit HTTP/1.1" 200 21582
[2022-11-17 13:41:21,282] - [WARNING] "GET /static/flags/de.gif HTTP/1.1" 404 1795
[2022-11-17 13:41:27,797] - [INFO] "POST /accounts/account/edit HTTP/1.1" 302 0
[2022-11-17 13:41:27,845] - [INFO] "GET /accounts/account/ HTTP/1.1" 200 11156
[2022-11-17 13:41:29,019] - [INFO] "GET /accounts/account/edit HTTP/1.1" 200 21582
[2022-11-17 13:41:29,075] - [WARNING] "GET /static/flags/de.gif HTTP/1.1" 404 1795
[2022-11-17 13:42:12,726] - [INFO] "POST /accounts/account/edit HTTP/1.1" 200 22095
[2022-11-17 13:42:12,761] - [WARNING] "GET /static/flags/de.gif HTTP/1.1" 404 1795
[2022-11-17 13:42:24,095] - [INFO] "GET /posts/all/ HTTP/1.1" 200 5496
[2022-11-17 13:42:25,157] - [INFO] "GET /marketplace/ HTTP/1.1" 200 10765
[2022-11-17 13:42:41,039] - [INFO] "GET /accounts/logout/ HTTP/1.1" 302 0
[2022-11-17 13:42:41,047] - [INFO] "GET / HTTP/1.1" 200 5599
[2022-11-17 13:42:41,808] - [INFO] "GET /accounts/login/ HTTP/1.1" 200 4913
[2022-11-17 13:43:16,489] - [INFO] "POST /accounts/login/ HTTP/1.1" 200 5501
[2022-11-17 13:43:21,173] - [INFO] "POST /accounts/login/ HTTP/1.1" 200 5501
[2022-11-17 13:43:42,574] - [INFO] "POST /accounts/login/ HTTP/1.1" 200 5475
[2022-11-17 13:43:49,143] - [INFO] "POST /accounts/login/ HTTP/1.1" 302 0
[2022-11-17 13:43:49,202] - [INFO] "GET /marketplace/ HTTP/1.1" 200 11075
[2022-11-17 13:43:54,899] - [INFO] "GET /marketplace/product-add/ HTTP/1.1" 200 32938
[2022-11-17 13:43:54,944] - [WARNING] "GET /static/flags/__.gif HTTP/1.1" 404 1795
[2022-11-17 13:44:22,506] - [WARNING] "GET /static/flags/az.gif HTTP/1.1" 404 1795
[2022-11-17 13:44:23,345] - [WARNING] "GET /static/flags/ar.gif HTTP/1.1" 404 1795
[2022-11-17 13:44:24,333] - [INFO] "POST /marketplace/product-add/ HTTP/1.1" 200 33718
[2022-11-17 13:44:24,377] - [WARNING] "GET /static/flags/ar.gif HTTP/1.1" 404 1795
[2022-11-17 13:44:24,377] - [WARNING] "GET /static/flags/az.gif HTTP/1.1" 404 1795
[2022-11-17 13:44:32,373] - [INFO] "GET /marketplace/ HTTP/1.1" 200 10765
[2022-11-17 13:44:43,688] - [INFO] "GET /marketplace/ HTTP/1.1" 200 10765
[2022-11-17 13:47:20,676] - [INFO] "GET /data-protection/ HTTP/1.1" 200 7491
[2022-11-17 13:47:23,005] - [INFO] "GET /marketplace/product-add/ HTTP/1.1" 200 32938
[2022-11-17 13:47:23,059] - [WARNING] "GET /static/flags/__.gif HTTP/1.1" 404 1795
[2022-11-17 13:47:23,523] - [INFO] "GET /messages/ HTTP/1.1" 200 6919
[2022-11-17 13:47:41,194] - [INFO] "GET /posts/all/ HTTP/1.1" 200 5496
[2022-11-17 13:47:44,954] - [INFO] "GET / HTTP/1.1" 200 7099
[2022-11-17 13:47:57,836] - [INFO] "GET /marketplace/ HTTP/1.1" 200 10765
[2022-11-17 13:48:24,973] - [INFO] "GET /messages/ HTTP/1.1" 200 6919
[2022-11-17 13:48:27,287] - [INFO] "GET /accounts/account/ HTTP/1.1" 200 10852
[2022-11-17 13:51:13,526] - [INFO] "GET / HTTP/1.1" 200 7099
[2022-11-17 13:53:59,934] - [INFO] "GET / HTTP/1.1" 200 7198
[2022-11-17 13:54:30,436] - [INFO] "GET / HTTP/1.1" 200 7233
[2022-11-17 13:54:30,879] - [INFO] "GET / HTTP/1.1" 200 7233
[2022-11-17 13:55:04,843] - [INFO] "GET / HTTP/1.1" 200 7183
[2022-11-17 13:55:30,468] - [INFO] "GET / HTTP/1.1" 200 7211
[2022-11-17 13:55:30,941] - [INFO] "GET / HTTP/1.1" 200 7211
[2022-11-17 13:55:31,704] - [INFO] "GET / HTTP/1.1" 200 7211
[2022-11-17 13:55:39,375] - [INFO] "GET / HTTP/1.1" 200 7211
[2022-11-17 13:55:40,016] - [INFO] "GET / HTTP/1.1" 200 7220
[2022-11-17 13:55:40,599] - [INFO] "GET / HTTP/1.1" 200 7220
[2022-11-17 13:55:40,815] - [INFO] "GET / HTTP/1.1" 200 7220
[2022-11-17 13:55:41,100] - [INFO] "GET / HTTP/1.1" 200 7220
[2022-11-17 13:56:39,063] - [INFO] "GET / HTTP/1.1" 200 7220
[2022-11-17 13:56:39,365] - [INFO] "GET / HTTP/1.1" 200 7266
[2022-11-17 13:56:39,708] - [INFO] "GET / HTTP/1.1" 200 7266
[2022-11-17 13:56:53,893] - [INFO] "GET / HTTP/1.1" 200 7266
[2022-11-17 13:56:54,061] - [INFO] "GET / HTTP/1.1" 200 7266
[2022-11-17 13:56:54,270] - [INFO] "GET / HTTP/1.1" 200 7266
[2022-11-17 13:56:54,459] - [INFO] "GET / HTTP/1.1" 200 7266
[2022-11-17 13:56:54,857] - [INFO] "GET / HTTP/1.1" 200 7270
[2022-11-17 13:56:55,292] - [INFO] "GET / HTTP/1.1" 200 7270
[2022-11-17 13:57:19,175] - [INFO] "GET / HTTP/1.1" 200 7270
[2022-11-17 13:57:19,336] - [INFO] "GET / HTTP/1.1" 200 7270
[2022-11-17 13:57:19,532] - [INFO] "GET / HTTP/1.1" 200 7270
[2022-11-17 13:57:19,885] - [INFO] "GET / HTTP/1.1" 200 7258
[2022-11-17 13:57:20,384] - [INFO] "GET / HTTP/1.1" 200 7258
[2022-11-17 13:57:34,132] - [INFO] "GET / HTTP/1.1" 200 7258
[2022-11-17 13:57:34,563] - [INFO] "GET / HTTP/1.1" 200 7237
[2022-11-17 13:57:34,753] - [INFO] "GET / HTTP/1.1" 200 7237
[2022-11-17 13:57:34,915] - [INFO] "GET / HTTP/1.1" 200 7237
[2022-11-17 13:58:36,205] - [INFO] "GET / HTTP/1.1" 200 7237
[2022-11-17 13:58:36,690] - [INFO] "GET / HTTP/1.1" 200 7237
[2022-11-17 13:58:37,055] - [INFO] "GET / HTTP/1.1" 200 7254
[2022-11-17 13:58:37,339] - [INFO] "GET / HTTP/1.1" 200 7254
[2022-11-17 13:59:43,864] - [INFO] "GET / HTTP/1.1" 200 7254
[2022-11-17 13:59:44,337] - [INFO] "GET / HTTP/1.1" 200 7254
[2022-11-17 13:59:44,867] - [INFO] "GET / HTTP/1.1" 200 7233
[2022-11-17 13:59:45,295] - [INFO] "GET / HTTP/1.1" 200 7233
[2022-11-17 13:59:45,763] - [INFO] "GET / HTTP/1.1" 200 7233
[2022-11-17 13:59:50,539] - [INFO] "GET /posts/all/ HTTP/1.1" 200 5496
[2022-11-17 14:00:00,366] - [INFO] "GET /marketplace/ HTTP/1.1" 200 10765
[2022-11-17 14:00:03,122] - [INFO] "GET /marketplace/product-add/ HTTP/1.1" 200 32938
[2022-11-17 14:00:03,180] - [WARNING] "GET /static/flags/__.gif HTTP/1.1" 404 1795
[2022-11-17 14:03:05,339] - [INFO] "GET / HTTP/1.1" 200 7233
[2022-11-17 14:03:05,514] - [INFO] C:\Users\ebedr\Desktop\erin\agri_trade\agri_trade\web\urls.py changed, reloading.
[2022-11-17 14:03:06,286] - [INFO] Watching for file changes with StatReloader
[2022-11-17 14:03:08,168] - [INFO] "GET /posts/all/ HTTP/1.1" 200 5496
[2022-11-17 14:03:08,723] - [INFO] "GET / HTTP/1.1" 200 7233
[2022-11-17 14:05:33,535] - [INFO] "GET / HTTP/1.1" 200 7233
[2022-11-17 14:05:33,561] - [INFO] C:\Users\ebedr\Desktop\erin\agri_trade\agri_trade\web\views.py changed, reloading.
[2022-11-17 14:05:34,481] - [INFO] Watching for file changes with StatReloader
[2022-11-17 14:05:34,911] - [INFO] "GET / HTTP/1.1" 200 7233
[2022-11-17 14:05:36,421] - [INFO] "GET /data-protection/ HTTP/1.1" 200 7491
[2022-11-17 14:05:37,746] - [INFO] "GET /terms-and-conditions/ HTTP/1.1" 200 7496
[2022-11-17 14:05:38,724] - [INFO] "GET /imprint/ HTTP/1.1" 200 7483
[2022-11-17 14:05:39,961] - [INFO] "GET /marketplace/ HTTP/1.1" 200 10765
[2022-11-17 14:05:40,560] - [INFO] "GET / HTTP/1.1" 200 7233
[2022-11-17 14:05:48,606] - [INFO] C:\Users\ebedr\Desktop\erin\agri_trade\agri_trade\web\views.py changed, reloading.
[2022-11-17 14:05:49,213] - [INFO] Watching for file changes with StatReloader
[2022-11-17 14:10:58,119] - [INFO] "GET /posts/all/ HTTP/1.1" 200 5496
[2022-11-17 14:10:58,659] - [INFO] "GET / HTTP/1.1" 200 7233
[2022-11-17 14:10:59,470] - [INFO] "GET /marketplace/ HTTP/1.1" 200 10765
[2022-11-17 14:11:00,717] - [INFO] "GET /messages/ HTTP/1.1" 200 6919
[2022-11-17 14:11:01,741] - [INFO] "GET / HTTP/1.1" 200 7233
[2022-11-17 14:29:36,874] - [INFO] "GET /accounts/logout/ HTTP/1.1" 302 0
[2022-11-17 14:29:36,880] - [INFO] "GET / HTTP/1.1" 200 5733
[2022-11-17 14:30:59,147] - [INFO] "GET /posts/all/ HTTP/1.1" 200 3675
[2022-11-17 14:31:07,442] - [INFO] "GET / HTTP/1.1" 200 5413
[2022-11-17 14:32:08,804] - [INFO] "GET / HTTP/1.1" 200 5415
[2022-11-17 14:33:53,456] - [INFO] "GET / HTTP/1.1" 200 5415
[2022-11-17 14:33:53,971] - [INFO] "GET / HTTP/1.1" 200 5415
[2022-11-17 14:33:54,401] - [INFO] "GET / HTTP/1.1" 200 5225
[2022-11-17 14:34:24,858] - [INFO] "GET / HTTP/1.1" 200 5225
[2022-11-17 14:34:25,330] - [INFO] "GET / HTTP/1.1" 200 5188
[2022-11-17 14:35:15,193] - [INFO] "GET / HTTP/1.1" 200 5188
[2022-11-17 14:35:15,689] - [INFO] "GET / HTTP/1.1" 200 5211
[2022-11-17 14:35:16,043] - [INFO] "GET / HTTP/1.1" 200 5211
[2022-11-17 14:35:51,045] - [INFO] "GET / HTTP/1.1" 200 5211
[2022-11-17 14:35:51,508] - [INFO] "GET / HTTP/1.1" 200 5211
[2022-11-17 14:35:51,746] - [INFO] "GET / HTTP/1.1" 200 5341
[2022-11-17 14:35:52,128] - [INFO] "GET / HTTP/1.1" 200 5341
[2022-11-17 14:36:10,896] - [INFO] "GET / HTTP/1.1" 200 5341
[2022-11-17 14:36:11,203] - [INFO] "GET / HTTP/1.1" 200 5341
[2022-11-17 14:36:11,400] - [INFO] "GET / HTTP/1.1" 200 5341
[2022-11-17 14:36:11,594] - [INFO] "GET / HTTP/1.1" 200 5427
[2022-11-17 14:36:11,815] - [INFO] "GET / HTTP/1.1" 200 5427
[2022-11-17 14:36:18,172] - [INFO] "GET / HTTP/1.1" 200 5427
[2022-11-17 14:36:18,358] - [INFO] "GET / HTTP/1.1" 200 5427
[2022-11-17 14:36:18,529] - [INFO] "GET / HTTP/1.1" 200 5427
[2022-11-17 14:36:18,703] - [INFO] "GET / HTTP/1.1" 200 5427
[2022-11-17 14:36:18,879] - [INFO] "GET / HTTP/1.1" 200 5436
[2022-11-17 14:36:19,077] - [INFO] "GET / HTTP/1.1" 200 5436
[2022-11-17 14:36:19,561] - [INFO] "GET / HTTP/1.1" 200 5436
[2022-11-17 14:37:05,930] - [INFO] "GET / HTTP/1.1" 200 5436
[2022-11-17 14:37:06,662] - [INFO] "GET / HTTP/1.1" 200 5436
[2022-11-17 14:37:07,094] - [INFO] "GET / HTTP/1.1" 200 5438
[2022-11-17 14:38:50,645] - [INFO] "GET / HTTP/1.1" 200 5438
[2022-11-17 14:38:51,168] - [INFO] "GET / HTTP/1.1" 200 5262
[2022-11-17 14:38:51,541] - [INFO] "GET / HTTP/1.1" 200 5262
[2022-11-17 14:39:41,418] - [INFO] "GET / HTTP/1.1" 200 5262
[2022-11-17 14:39:42,195] - [INFO] "GET / HTTP/1.1" 200 5327
[2022-11-17 14:40:02,343] - [INFO] "GET / HTTP/1.1" 200 5327
[2022-11-17 14:40:02,766] - [INFO] "GET / HTTP/1.1" 200 5327
[2022-11-17 14:40:03,100] - [INFO] "GET / HTTP/1.1" 200 5444
[2022-11-17 14:40:03,444] - [INFO] "GET / HTTP/1.1" 200 5444
[2022-11-17 14:40:50,207] - [INFO] "GET /accounts/login/ HTTP/1.1" 200 4913
[2022-11-17 14:40:51,997] - [INFO] "POST /accounts/login/ HTTP/1.1" 302 0
[2022-11-17 14:40:52,063] - [INFO] "GET /marketplace/ HTTP/1.1" 200 11075
[2022-11-17 14:40:53,901] - [INFO] "GET /marketplace/product-add/ HTTP/1.1" 200 32938
[2022-11-17 14:40:53,992] - [WARNING] "GET /static/flags/__.gif HTTP/1.1" 404 1795
[2022-11-17 14:41:06,635] - [WARNING] "GET /static/flags/bh.gif HTTP/1.1" 404 1795
[2022-11-17 14:41:07,484] - [WARNING] "GET /static/flags/at.gif HTTP/1.1" 404 1795
[2022-11-17 14:41:08,335] - [INFO] "POST /marketplace/product-add/ HTTP/1.1" 302 0
[2022-11-17 14:41:08,408] - [INFO] "GET /marketplace/ HTTP/1.1" 200 12825
[2022-11-17 14:41:09,535] - [INFO] "GET /marketplace/product-details/1 HTTP/1.1" 200 7747
[2022-11-17 14:42:21,383] - [INFO] "GET / HTTP/1.1" 200 7428
[2022-11-17 14:43:06,982] - [INFO] "GET / HTTP/1.1" 200 7428
[2022-11-17 14:43:07,461] - [INFO] "GET / HTTP/1.1" 200 7536
[2022-11-17 14:43:07,707] - [INFO] "GET / HTTP/1.1" 200 7536
[2022-11-17 14:43:48,470] - [INFO] "GET / HTTP/1.1" 200 7536
[2022-11-17 14:44:55,182] - [INFO] "GET / HTTP/1.1" 200 7428
[2022-11-17 14:44:55,505] - [INFO] "GET / HTTP/1.1" 200 7428
[2022-11-17 14:44:55,667] - [INFO] "GET / HTTP/1.1" 200 7428
[2022-11-17 14:44:55,982] - [INFO] "GET / HTTP/1.1" 200 7428
[2022-11-17 14:45:16,245] - [INFO] "GET / HTTP/1.1" 200 7428
[2022-11-17 14:45:16,586] - [INFO] "GET / HTTP/1.1" 200 7428
[2022-11-17 14:45:16,826] - [INFO] "GET / HTTP/1.1" 200 7428
[2022-11-17 14:45:17,351] - [INFO] "GET / HTTP/1.1" 200 7428
[2022-11-17 14:45:20,675] - [INFO] "GET /accounts/logout/ HTTP/1.1" 302 0
[2022-11-17 14:45:20,682] - [INFO] "GET / HTTP/1.1" 200 5928
[2022-11-17 14:45:35,756] - [INFO] "GET / HTTP/1.1" 200 5608
[2022-11-17 14:45:36,014] - [INFO] "GET / HTTP/1.1" 200 5608
[2022-11-17 14:45:36,185] - [INFO] "GET / HTTP/1.1" 200 5608
[2022-11-17 14:45:36,371] - [INFO] "GET / HTTP/1.1" 200 5608
[2022-11-17 14:45:36,532] - [INFO] "GET / HTTP/1.1" 200 5608
[2022-11-17 14:45:36,702] - [INFO] "GET / HTTP/1.1" 200 5608
[2022-11-17 14:47:09,456] - [INFO] "GET / HTTP/1.1" 200 5598
[2022-11-17 14:47:09,829] - [INFO] "GET / HTTP/1.1" 200 5598
[2022-11-17 14:47:10,001] - [INFO] "GET / HTTP/1.1" 200 5598
[2022-11-17 14:47:10,160] - [INFO] "GET / HTTP/1.1" 200 5598
[2022-11-17 14:48:30,750] - [INFO] "GET / HTTP/1.1" 200 6006
[2022-11-17 14:48:31,127] - [INFO] "GET / HTTP/1.1" 200 6006
[2022-11-17 14:48:37,432] - [INFO] "GET / HTTP/1.1" 200 6066
[2022-11-17 14:48:37,600] - [INFO] "GET / HTTP/1.1" 200 6066
[2022-11-17 14:48:37,768] - [INFO] "GET / HTTP/1.1" 200 6066
[2022-11-17 14:48:54,361] - [INFO] "GET / HTTP/1.1" 200 6228
[2022-11-17 14:49:03,415] - [INFO] "GET / HTTP/1.1" 200 6066
[2022-11-17 14:49:03,669] - [INFO] "GET / HTTP/1.1" 200 6066
[2022-11-17 14:49:03,825] - [INFO] "GET / HTTP/1.1" 200 6066
[2022-11-17 14:49:16,843] - [INFO] "GET / HTTP/1.1" 200 5757
[2022-11-17 14:49:17,220] - [INFO] "GET / HTTP/1.1" 200 5757
[2022-11-17 14:50:00,624] - [INFO] "GET / HTTP/1.1" 200 5757
[2022-11-17 14:50:00,769] - [INFO] "GET / HTTP/1.1" 200 5757
[2022-11-17 14:50:00,936] - [INFO] "GET / HTTP/1.1" 200 5757
[2022-11-17 14:50:01,119] - [INFO] "GET / HTTP/1.1" 200 5757
[2022-11-17 14:50:01,307] - [INFO] "GET / HTTP/1.1" 200 6044
[2022-11-17 14:50:01,458] - [INFO] "GET / HTTP/1.1" 200 6044
[2022-11-17 14:50:01,642] - [INFO] "GET / HTTP/1.1" 200 6044
[2022-11-17 14:50:08,657] - [INFO] "GET / HTTP/1.1" 200 6044
[2022-11-17 14:50:08,806] - [INFO] "GET / HTTP/1.1" 200 6044
[2022-11-17 14:50:08,941] - [INFO] "GET / HTTP/1.1" 200 6044
[2022-11-17 14:50:09,110] - [INFO] "GET / HTTP/1.1" 200 6044
[2022-11-17 14:50:09,277] - [INFO] "GET / HTTP/1.1" 200 6044
[2022-11-17 14:50:09,472] - [INFO] "GET / HTTP/1.1" 200 5736
[2022-11-17 14:50:09,629] - [INFO] "GET / HTTP/1.1" 200 5736
[2022-11-17 14:50:09,775] - [INFO] "GET / HTTP/1.1" 200 5736
[2022-11-17 14:50:40,773] - [INFO] "GET / HTTP/1.1" 200 5736
[2022-11-17 14:50:41,160] - [INFO] "GET / HTTP/1.1" 200 5736
[2022-11-17 14:50:41,327] - [INFO] "GET / HTTP/1.1" 200 5736
[2022-11-17 14:50:41,660] - [INFO] "GET / HTTP/1.1" 200 5736
[2022-11-17 14:50:41,834] - [INFO] "GET / HTTP/1.1" 200 5736
[2022-11-17 14:50:42,003] - [INFO] "GET / HTTP/1.1" 200 5736
[2022-11-17 14:50:42,174] - [INFO] "GET / HTTP/1.1" 200 5736
[2022-11-17 14:50:43,505] - [INFO] "GET /accounts/register/ HTTP/1.1" 200 6533
[2022-11-17 14:50:51,626] - [INFO] "GET /accounts/login/ HTTP/1.1" 200 4913
[2022-11-17 14:50:56,481] - [INFO] "GET / HTTP/1.1" 200 5736
[2022-11-17 14:50:58,719] - [INFO] "GET /accounts/login/ HTTP/1.1" 200 4913
[2022-11-17 14:51:05,413] - [INFO] "GET /accounts/register/ HTTP/1.1" 200 6533
[2022-11-17 14:51:07,207] - [INFO] "GET /accounts/login/ HTTP/1.1" 200 4913
[2022-11-17 14:52:39,067] - [INFO] "GET /accounts/login/ HTTP/1.1" 200 4913
[2022-11-17 14:52:39,430] - [INFO] "GET /accounts/login/ HTTP/1.1" 200 5001
[2022-11-17 14:52:40,228] - [INFO] "GET /accounts/login/ HTTP/1.1" 200 5001
[2022-11-17 14:52:40,996] - [INFO] "GET /accounts/login/ HTTP/1.1" 200 5001
[2022-11-17 14:52:41,706] - [INFO] "GET /accounts/login/ HTTP/1.1" 200 5001
[2022-11-17 14:52:42,309] - [INFO] "GET /accounts/login/ HTTP/1.1" 200 5001
[2022-11-17 14:52:42,755] - [INFO] "GET /accounts/login/ HTTP/1.1" 200 5001
[2022-11-17 14:52:42,946] - [INFO] "GET /accounts/login/ HTTP/1.1" 200 5001
[2022-11-17 14:52:45,971] - [INFO] "GET /accounts/login/ HTTP/1.1" 200 5001
[2022-11-17 14:52:57,786] - [INFO] "GET /accounts/login/ HTTP/1.1" 200 5001
[2022-11-17 14:52:57,998] - [INFO] "GET /accounts/login/ HTTP/1.1" 200 5001
[2022-11-17 14:52:58,164] - [INFO] "GET /accounts/login/ HTTP/1.1" 200 4986
[2022-11-17 14:52:58,792] - [INFO] "GET / HTTP/1.1" 200 5736
[2022-11-17 14:52:59,985] - [INFO] "GET /accounts/login/ HTTP/1.1" 200 4986
[2022-11-17 14:53:14,150] - [INFO] "GET /accounts/register/ HTTP/1.1" 200 6606
[2022-11-17 14:53:14,914] - [INFO] "GET / HTTP/1.1" 200 5736
[2022-11-17 14:53:16,187] - [INFO] "GET /accounts/register/ HTTP/1.1" 200 6606
[2022-11-17 14:53:19,738] - [INFO] "GET / HTTP/1.1" 200 5736
[2022-11-17 14:54:01,965] - [INFO] "GET / HTTP/1.1" 200 5736
[2022-11-17 14:54:02,170] - [INFO] "GET / HTTP/1.1" 200 5736
[2022-11-17 14:54:02,349] - [INFO] "GET / HTTP/1.1" 200 5736
[2022-11-17 14:54:02,522] - [INFO] "GET / HTTP/1.1" 200 5736
[2022-11-17 14:54:02,687] - [INFO] "GET / HTTP/1.1" 200 5736
[2022-11-17 14:54:02,844] - [INFO] "GET / HTTP/1.1" 200 5736
[2022-11-17 14:54:03,047] - [INFO] "GET / HTTP/1.1" 200 5736
[2022-11-17 14:54:04,488] - [INFO] "GET /accounts/login/ HTTP/1.1" 200 4986
[2022-11-17 14:54:05,247] - [INFO] "GET /accounts/register/ HTTP/1.1" 200 6606
[2022-11-17 14:54:06,427] - [INFO] "GET / HTTP/1.1" 200 5736
[2022-11-17 16:38:35,764] - [INFO] "GET / HTTP/1.1" 200 5736
[2022-11-17 16:38:36,955] - [INFO] "GET /accounts/login/ HTTP/1.1" 200 4986
[2022-11-17 16:38:37,425] - [INFO] "GET /accounts/register/ HTTP/1.1" 200 6606
[2022-11-17 16:38:38,914] - [INFO] "GET /accounts/login/ HTTP/1.1" 200 4986
[2022-11-17 16:38:41,601] - [INFO] "GET / HTTP/1.1" 200 5736
[2022-11-17 16:39:03,015] - [INFO] "GET /posts/all/ HTTP/1.1" 200 3675
[2022-11-17 16:39:04,228] - [INFO] "GET / HTTP/1.1" 200 5736
[2022-11-17 16:49:21,096] - [INFO] "GET /accounts/login/ HTTP/1.1" 200 4986
[2022-11-17 16:49:21,713] - [INFO] "GET /accounts/register/ HTTP/1.1" 200 6606
[2022-11-17 16:49:24,380] - [INFO] "GET /accounts/login/ HTTP/1.1" 200 4986
[2022-11-17 16:52:25,410] - [INFO] C:\Users\ebedr\Desktop\erin\agri_trade\agri_trade\accounts\urls.py changed, reloading.
[2022-11-17 16:52:26,078] - [INFO] Watching for file changes with StatReloader
[2022-11-17 16:53:00,626] - [INFO] C:\Users\ebedr\Desktop\erin\agri_trade\agri_trade\accounts\urls.py changed, reloading.
[2022-11-17 16:53:01,255] - [INFO] Watching for file changes with StatReloader
[2022-11-17 16:53:30,652] - [INFO] C:\Users\ebedr\Desktop\erin\agri_trade\agri_trade\urls.py changed, reloading.
[2022-11-17 16:53:31,328] - [INFO] Watching for file changes with StatReloader
[2022-11-17 16:53:31,653] - [INFO] "GET / HTTP/1.1" 200 5769
[2022-11-17 16:53:33,006] - [INFO] "GET /accounts-management/login/ HTTP/1.1" 200 5030
[2022-11-17 16:53:40,050] - [INFO] C:\Users\ebedr\Desktop\erin\agri_trade\agri_trade\urls.py changed, reloading.
[2022-11-17 16:53:40,688] - [INFO] Watching for file changes with StatReloader
[2022-11-17 16:53:46,174] - [INFO] C:\Users\ebedr\Desktop\erin\agri_trade\agri_trade\urls.py changed, reloading.
[2022-11-17 16:53:46,813] - [INFO] Watching for file changes with StatReloader
[2022-11-17 16:53:47,054] - [WARNING] Not Found: /accounts-management/login/
[2022-11-17 16:53:47,054] - [WARNING] "GET /accounts-management/login/ HTTP/1.1" 404 3612
[2022-11-17 16:53:47,137] - [WARNING] Not Found: /favicon.ico
[2022-11-17 16:53:47,138] - [WARNING] "GET /favicon.ico HTTP/1.1" 404 3567
[2022-11-17 16:53:51,009] - [WARNING] Not Found: /accounts-management/login/
[2022-11-17 16:53:51,009] - [WARNING] "GET /accounts-management/login/ HTTP/1.1" 404 3612
[2022-11-17 16:53:53,489] - [INFO] "GET /posts/all/ HTTP/1.1" 200 3685
[2022-11-17 16:53:53,927] - [INFO] "GET / HTTP/1.1" 200 5751
[2022-11-17 16:53:54,863] - [INFO] "GET /user-accounts/login/ HTTP/1.1" 200 5006
[2022-11-17 16:53:56,439] - [INFO] "GET /user-accounts/register/ HTTP/1.1" 200 6626
[2022-11-17 16:53:57,312] - [INFO] "GET /user-accounts/login/ HTTP/1.1" 200 5006
[2022-11-17 16:53:58,740] - [INFO] "POST /user-accounts/login/ HTTP/1.1" 302 0
[2022-11-17 16:53:58,807] - [INFO] "GET /marketplace/ HTTP/1.1" 200 12824
[2022-11-17 16:54:02,674] - [INFO] "GET /marketplace/product-details/1 HTTP/1.1" 200 7757
[2022-11-17 16:54:02,840] - [INFO] "GET /static/img/no_photo.jpg HTTP/1.1" 200 16804
[2022-11-17 16:54:04,325] - [INFO] "GET /marketplace/product-delete/1 HTTP/1.1" 200 5985
[2022-11-17 16:54:05,329] - [INFO] "POST /marketplace/product-delete/1 HTTP/1.1" 302 0
[2022-11-17 16:54:05,384] - [INFO] "GET /marketplace/ HTTP/1.1" 200 10775
[2022-11-17 16:59:32,478] - [INFO] C:\Users\ebedr\Desktop\erin\agri_trade\agri_trade\urls.py changed, reloading.
[2022-11-17 16:59:33,179] - [INFO] Watching for file changes with StatReloader
[2022-11-17 17:14:09,352] - [WARNING] Not Found: /user-accounts/logout/
[2022-11-17 17:14:09,353] - [WARNING] "GET /user-accounts/logout/ HTTP/1.1" 404 3592
[2022-11-17 17:14:15,890] - [WARNING] Not Found: /user-accounts/logout/
[2022-11-17 17:14:15,890] - [WARNING] "GET /user-accounts/logout/ HTTP/1.1" 404 3592
[2022-11-17 17:14:20,934] - [WARNING] Not Found: /user-accounts/logout/
[2022-11-17 17:14:20,934] - [WARNING] "GET /user-accounts/logout/ HTTP/1.1" 404 3592
[2022-11-17 17:14:23,957] - [WARNING] Not Found: /user-accounts/logout/
[2022-11-17 17:14:23,958] - [WARNING] "GET /user-accounts/logout/ HTTP/1.1" 404 3592
[2022-11-17 17:14:31,236] - [WARNING] Not Found: /logout/
[2022-11-17 17:14:31,236] - [WARNING] "GET /logout/ HTTP/1.1" 404 3550
[2022-11-17 17:14:34,589] - [WARNING] Not Found: /logout/
[2022-11-17 17:14:34,589] - [WARNING] "GET /logout/ HTTP/1.1" 404 3550
[2022-11-17 17:14:37,165] - [INFO] "GET / HTTP/1.1" 200 7556
[2022-11-17 17:14:38,128] - [INFO] "GET /marketplace/ HTTP/1.1" 200 10765
[2022-11-17 17:14:38,658] - [INFO] "GET /marketplace/product-add/ HTTP/1.1" 200 32938
[2022-11-17 17:14:38,690] - [WARNING] "GET /static/flags/__.gif HTTP/1.1" 404 1795
[2022-11-17 17:14:40,061] - [INFO] "GET /accounts/logout/ HTTP/1.1" 302 0
[2022-11-17 17:14:40,067] - [INFO] "GET / HTTP/1.1" 200 6056
[2022-11-17 17:14:42,133] - [INFO] "GET /accounts/login/ HTTP/1.1" 200 4986
[2022-11-17 17:14:42,836] - [INFO] "GET /accounts/register/ HTTP/1.1" 200 6606
[2022-11-17 17:14:43,301] - [INFO] "GET /accounts/login/ HTTP/1.1" 200 4986
[2022-11-17 17:14:44,694] - [INFO] "GET / HTTP/1.1" 200 5736
[2022-11-18 17:12:01,186] - [INFO] Watching for file changes with StatReloader
[2022-11-18 17:12:06,467] - [INFO] "GET / HTTP/1.1" 200 5736
[2022-11-18 17:12:06,523] - [INFO] "GET /static/css/style.css HTTP/1.1" 304 0
[2022-11-18 17:12:06,534] - [INFO] "GET /static/js/scripts.js HTTP/1.1" 304 0
[2022-11-18 17:12:06,534] - [INFO] "GET /static/img/logo.png HTTP/1.1" 304 0
[2022-11-18 17:12:06,534] - [INFO] "GET /static/img/homepage_circle.png HTTP/1.1" 304 0
[2022-11-18 17:12:12,833] - [INFO] "GET /accounts/login/ HTTP/1.1" 200 4986
[2022-11-18 17:12:14,492] - [INFO] "POST /accounts/login/ HTTP/1.1" 302 0
[2022-11-18 17:12:14,582] - [INFO] "GET /marketplace/ HTTP/1.1" 200 11075
[2022-11-18 17:12:16,482] - [INFO] "GET /posts/all/ HTTP/1.1" 200 5496
[2022-11-18 17:13:39,909] - [INFO] "GET /posts/all/ HTTP/1.1" 200 5496
[2022-11-18 17:13:40,053] - [INFO] "GET /static/img/flaticon.png HTTP/1.1" 304 0
[2022-11-18 17:13:40,589] - [INFO] C:\Users\ebedr\Desktop\erin\agri_trade\agri_trade\posts\views.py changed, reloading.
[2022-11-18 17:13:41,422] - [INFO] Watching for file changes with StatReloader
[2022-11-18 17:13:41,837] - [INFO] "GET / HTTP/1.1" 200 7556
[2022-11-18 17:13:42,778] - [INFO] "GET /marketplace/ HTTP/1.1" 200 10765
[2022-11-18 17:13:43,778] - [INFO] "GET /posts/all/ HTTP/1.1" 200 5496
[2022-11-18 17:13:49,469] - [INFO] "GET /admin/ HTTP/1.1" 200 6272
[2022-11-18 17:13:49,764] - [INFO] "GET /static/admin/css/fonts.css HTTP/1.1" 200 423
[2022-11-18 17:13:49,764] - [INFO] "GET /static/admin/css/dashboard.css HTTP/1.1" 200 380
[2022-11-18 17:13:49,767] - [INFO] "GET /static/admin/js/nav_sidebar.js HTTP/1.1" 200 3763
[2022-11-18 17:13:49,783] - [INFO] "GET /static/admin/img/icon-addlink.svg HTTP/1.1" 200 331
[2022-11-18 17:13:49,783] - [INFO] "GET /static/admin/img/icon-changelink.svg HTTP/1.1" 200 380
[2022-11-18 17:13:49,807] - [INFO] "GET /static/admin/fonts/Roboto-Light-webfont.woff HTTP/1.1" 200 85692
[2022-11-18 17:13:49,807] - [INFO] "GET /static/admin/fonts/Roboto-Bold-webfont.woff HTTP/1.1" 200 86184
[2022-11-18 17:13:49,808] - [INFO] "GET /static/admin/fonts/Roboto-Regular-webfont.woff HTTP/1.1" 200 85876
[2022-11-18 17:13:50,090] - [WARNING] Not Found: /favicon.ico
[2022-11-18 17:13:50,090] - [WARNING] "GET /favicon.ico HTTP/1.1" 404 3562
[2022-11-18 17:13:52,888] - [INFO] "GET /admin/posts/post/add/ HTTP/1.1" 200 11916
[2022-11-18 17:13:52,940] - [INFO] "GET /static/admin/css/forms.css HTTP/1.1" 200 8944
[2022-11-18 17:13:52,946] - [INFO] "GET /static/admin/js/jquery.init.js HTTP/1.1" 200 347
[2022-11-18 17:13:52,951] - [INFO] "GET /static/ckeditor/ckeditor-init.js HTTP/1.1" 200 1526
[2022-11-18 17:13:52,959] - [INFO] "GET /static/admin/js/core.js HTTP/1.1" 200 5698
[2022-11-18 17:13:52,965] - [INFO] "GET /static/admin/js/admin/RelatedObjectLookups.js HTTP/1.1" 200 8985
[2022-11-18 17:13:52,969] - [INFO] "GET /static/admin/js/actions.js HTTP/1.1" 200 7872
[2022-11-18 17:13:52,973] - [INFO] "GET /static/admin/js/urlify.js HTTP/1.1" 200 7902
[2022-11-18 17:13:52,977] - [INFO] "GET /static/admin/css/widgets.css HTTP/1.1" 200 11297
[2022-11-18 17:13:52,982] - [INFO] "GET /static/admin/js/prepopulate.js HTTP/1.1" 200 1531
[2022-11-18 17:13:53,000] - [INFO] "GET /static/admin/js/vendor/jquery/jquery.js HTTP/1.1" 200 288580
[2022-11-18 17:13:53,010] - [INFO] "GET /admin/jsi18n/ HTTP/1.1" 200 3343
[2022-11-18 17:13:53,023] - [INFO] "GET /static/admin/js/vendor/xregexp/xregexp.js HTTP/1.1" 200 232381
[2022-11-18 17:13:53,034] - [INFO] "GET /static/admin/js/prepopulate_init.js HTTP/1.1" 200 586
[2022-11-18 17:13:53,042] - [INFO] "GET /static/admin/img/icon-viewlink.svg HTTP/1.1" 200 581
[2022-11-18 17:13:53,053] - [INFO] "GET /static/admin/js/change_form.js HTTP/1.1" 200 606
[2022-11-18 17:13:53,112] - [INFO] "GET /static/ckeditor/ckeditor/ckeditor.js HTTP/1.1" 200 756028
[2022-11-18 17:13:53,189] - [INFO] "GET /static/ckeditor/ckeditor/config.js?t=M6K9 HTTP/1.1" 200 336
[2022-11-18 17:13:53,216] - [INFO] "GET /static/ckeditor/ckeditor/skins/moono-lisa/editor.css?t=M6K9 HTTP/1.1" 200 48309
[2022-11-18 17:13:53,220] - [INFO] "GET /static/ckeditor/ckeditor/lang/en.js?t=M6K9 HTTP/1.1" 200 17503
[2022-11-18 17:13:53,243] - [INFO] "GET /static/ckeditor/ckeditor/styles.js?t=M6K9 HTTP/1.1" 200 5577
[2022-11-18 17:13:53,260] - [INFO] "GET /static/ckeditor/ckeditor/plugins/scayt/dialogs/dialog.css?t=M6K9 HTTP/1.1" 200 419
[2022-11-18 17:13:53,260] - [INFO] "GET /static/ckeditor/ckeditor/plugins/scayt/skins/moono-lisa/scayt.css?t=M6K9 HTTP/1.1" 200 381
[2022-11-18 17:13:53,260] - [INFO] "GET /static/ckeditor/ckeditor/plugins/tableselection/styles/tableselection.css?t=M6K9 HTTP/1.1" 200 1145
[2022-11-18 17:13:53,261] - [INFO] "GET /static/ckeditor/ckeditor/plugins/dialog/styles/dialog.css?t=M6K9 HTTP/1.1" 200 249
[2022-11-18 17:13:53,269] - [INFO] "GET /static/ckeditor/ckeditor/plugins/copyformatting/styles/copyformatting.css?t=M6K9 HTTP/1.1" 200 1511
[2022-11-18 17:13:53,301] - [INFO] "GET /static/ckeditor/ckeditor/skins/moono-lisa/icons.png?t=445cf24ebd HTTP/1.1" 200 12237
[2022-11-18 17:13:53,354] - [INFO] "GET /static/ckeditor/ckeditor/contents.css?t=M6K9 HTTP/1.1" 200 3092
[2022-11-18 17:14:07,271] - [INFO] "POST /admin/posts/post/add/ HTTP/1.1" 200 12134
[2022-11-18 17:14:07,441] - [INFO] "GET /admin/jsi18n/ HTTP/1.1" 200 3343
[2022-11-18 17:14:10,991] - [INFO] "POST /admin/posts/post/add/ HTTP/1.1" 302 0
[2022-11-18 17:14:11,085] - [INFO] "GET /admin/posts/post/ HTTP/1.1" 200 9032
[2022-11-18 17:14:11,154] - [INFO] "GET /static/admin/js/filters.js HTTP/1.1" 200 966
[2022-11-18 17:14:11,170] - [INFO] "GET /admin/jsi18n/ HTTP/1.1" 200 3343
[2022-11-18 17:14:11,202] - [INFO] "GET /static/admin/img/tooltag-add.svg HTTP/1.1" 200 331
[2022-11-18 17:14:11,203] - [INFO] "GET /static/admin/img/icon-yes.svg HTTP/1.1" 200 436
[2022-11-18 17:14:11,204] - [INFO] "GET /static/admin/img/sorting-icons.svg HTTP/1.1" 200 1097
[2022-11-18 17:14:13,895] - [INFO] "GET / HTTP/1.1" 200 7556
[2022-11-18 17:14:15,025] - [INFO] "GET /posts/all/ HTTP/1.1" 200 6378
[2022-11-18 17:14:15,850] - [INFO] "GET /posts/post/1/ HTTP/1.1" 200 5565
[2022-11-18 17:17:50,161] - [INFO] "GET /posts/post/1/ HTTP/1.1" 200 5565
[2022-11-18 17:17:50,590] - [INFO] C:\Users\ebedr\Desktop\erin\agri_trade\agri_trade\posts\views.py changed, reloading.
[2022-11-18 17:17:51,782] - [INFO] Watching for file changes with StatReloader
[2022-11-18 17:17:52,399] - [INFO] "GET /posts/post/1/comments/ HTTP/1.1" 200 6120
[2022-11-18 17:17:55,765] - [INFO] "POST /posts/post/1/comments/ HTTP/1.1" 302 0
[2022-11-18 17:17:55,824] - [INFO] "GET /posts/post/1/comments/ HTTP/1.1" 200 6926
[2022-11-18 17:17:57,951] - [INFO] "GET /posts/all/ HTTP/1.1" 200 6378
[2022-11-18 17:17:58,729] - [INFO] "GET /posts/post/1/ HTTP/1.1" 200 5565
[2022-11-18 17:18:00,306] - [INFO] "GET /posts/post/1/comments/ HTTP/1.1" 200 6926
[2022-11-18 17:18:01,039] - [INFO] "GET /posts/all/ HTTP/1.1" 200 6378
[2022-11-18 17:18:32,731] - [INFO] C:\Users\ebedr\Desktop\erin\agri_trade\agri_trade\posts\views.py changed, reloading.
[2022-11-18 17:18:33,423] - [INFO] Watching for file changes with StatReloader
[2022-11-18 17:20:01,239] - [INFO] C:\Users\ebedr\Desktop\erin\agri_trade\agri_trade\posts\views.py changed, reloading.
[2022-11-18 17:20:01,879] - [INFO] Watching for file changes with StatReloader
[2022-11-18 17:20:09,497] - [INFO] "GET /posts/post/1/ HTTP/1.1" 200 5565
[2022-11-18 17:20:10,741] - [INFO] "GET /posts/post/1/comments/ HTTP/1.1" 200 6926
[2022-11-18 17:20:14,618] - [INFO] "POST /posts/post/1/comments/ HTTP/1.1" 302 0
[2022-11-18 17:20:14,682] - [INFO] "GET /posts/post/1/comments/ HTTP/1.1" 200 7733
[2022-11-18 17:20:16,993] - [INFO] "GET / HTTP/1.1" 200 7556
[2022-11-18 17:23:44,488] - [INFO] C:\Users\ebedr\Desktop\erin\agri_trade\agri_trade\posts\services.py changed, reloading.
[2022-11-18 17:23:45,143] - [INFO] Watching for file changes with StatReloader
[2022-11-18 17:23:53,609] - [INFO] "GET /posts/all/ HTTP/1.1" 200 6378
[2022-11-18 17:23:54,568] - [INFO] "GET /posts/post/1/ HTTP/1.1" 200 5565
[2022-11-18 17:23:56,278] - [INFO] "GET /posts/post/1/comments/ HTTP/1.1" 200 7733
[2022-11-18 17:23:58,127] - [INFO] "GET / HTTP/1.1" 200 7556
[2022-11-18 22:33:55,110] - [INFO] Watching for file changes with StatReloader
[2022-11-18 22:34:07,443] - [INFO] "GET /posts/all/ HTTP/1.1" 200 6389
[2022-11-18 22:35:18,419] - [INFO] "GET /messages/ HTTP/1.1" 200 6919
[2022-11-18 22:35:18,712] - [INFO] C:\Users\ebedr\Desktop\erin\agri_trade\agri_trade\user_messages\views.py changed, reloading.
[2022-11-18 22:35:20,043] - [INFO] Watching for file changes with StatReloader
[2022-11-18 22:35:20,609] - [INFO] "GET /marketplace/ HTTP/1.1" 200 10765
[2022-11-18 22:35:21,190] - [INFO] "GET /marketplace/ HTTP/1.1" 200 10765
[2022-11-18 22:35:21,752] - [INFO] "GET /marketplace/ HTTP/1.1" 200 10765
[2022-11-18 22:35:22,791] - [INFO] "GET /messages/ HTTP/1.1" 200 6919
[2022-11-18 22:37:52,278] - [INFO] "GET /posts/all/ HTTP/1.1" 200 6389
[2022-11-18 22:37:52,343] - [INFO] C:\Users\ebedr\Desktop\erin\agri_trade\agri_trade\user_messages\services.py changed, reloading.
[2022-11-18 22:37:53,732] - [INFO] Watching for file changes with StatReloader
[2022-11-18 22:37:54,270] - [INFO] "GET /messages/ HTTP/1.1" 200 6919
[2022-11-18 22:37:55,435] - [INFO] "GET /marketplace/product-add/ HTTP/1.1" 200 32938
[2022-11-18 22:37:55,598] - [WARNING] "GET /static/flags/__.gif HTTP/1.1" 404 1795
[2022-11-18 22:37:56,570] - [INFO] "GET /marketplace/ HTTP/1.1" 200 10765
[2022-11-18 22:37:57,858] - [INFO] "GET /marketplace/product-add/ HTTP/1.1" 200 32938
[2022-11-18 22:37:57,929] - [WARNING] "GET /static/flags/__.gif HTTP/1.1" 404 1795
[2022-11-18 22:38:02,344] - [INFO] "GET /accounts/logout/ HTTP/1.1" 302 0
[2022-11-18 22:38:02,364] - [INFO] "GET / HTTP/1.1" 200 6056
[2022-11-18 22:38:03,738] - [INFO] "GET /accounts/login/ HTTP/1.1" 200 4986
[2022-11-18 22:38:09,460] - [INFO] "POST /accounts/login/ HTTP/1.1" 200 5549
[2022-11-18 22:38:11,537] - [INFO] "GET /accounts/login/ HTTP/1.1" 200 4986
[2022-11-18 22:38:14,052] - [INFO] "POST /accounts/login/ HTTP/1.1" 302 0
[2022-11-18 22:38:14,146] - [INFO] "GET /marketplace/ HTTP/1.1" 200 11075
[2022-11-18 22:38:51,051] - [INFO] "GET /marketplace/ HTTP/1.1" 200 11076
[2022-11-18 22:38:52,246] - [INFO] "GET /marketplace/ HTTP/1.1" 200 11076
[2022-11-18 22:38:53,103] - [INFO] "GET /messages/ HTTP/1.1" 200 7820
[2022-11-18 22:38:57,763] - [INFO] "GET /messages/message/1 HTTP/1.1" 200 6098
[2022-11-18 22:38:58,924] - [INFO] "GET /messages/reply-to/1 HTTP/1.1" 200 6499
[2022-11-18 22:39:02,163] - [INFO] "POST /messages/reply-to/1 HTTP/1.1" 302 0
[2022-11-18 22:39:02,245] - [INFO] "GET /messages/ HTTP/1.1" 200 8890
[2022-11-18 22:39:03,812] - [INFO] "GET /messages/ HTTP/1.1" 200 8589
[2022-11-18 22:39:47,092] - [INFO] "GET /messages/ HTTP/1.1" 200 9383
[2022-11-18 22:39:56,126] - [INFO] "GET /messages/ HTTP/1.1" 200 9383
[2022-11-18 22:39:56,535] - [INFO] C:\Users\ebedr\Desktop\erin\agri_trade\agri_trade\user_messages\services.py changed, reloading.
[2022-11-18 22:39:57,782] - [INFO] Watching for file changes with StatReloader
[2022-11-18 22:39:58,376] - [INFO] "GET /messages/ HTTP/1.1" 200 9383
[2022-11-18 22:39:58,664] - [INFO] "GET /messages/ HTTP/1.1" 200 9383
[2022-11-18 22:39:59,300] - [INFO] "GET /messages/ HTTP/1.1" 200 9383
[2022-11-18 22:40:01,281] - [INFO] "GET /messages/ HTTP/1.1" 200 9383
[2022-11-18 22:40:02,038] - [INFO] "GET /messages/ HTTP/1.1" 200 9383
[2022-11-18 22:40:06,077] - [INFO] "GET /messages/message/2 HTTP/1.1" 200 6098
[2022-11-18 22:40:07,103] - [INFO] "GET /messages/reply-to/2 HTTP/1.1" 200 6814
[2022-11-18 22:40:10,551] - [ERROR] Internal Server Error: /messages/reply-to/2
Traceback (most recent call last):
  File "C:\Users\ebedr\Desktop\erin\agri_trade\venv\lib\site-packages\django\db\backends\utils.py", line 89, in _execute
    return self.cursor.execute(sql, params)
psycopg2.errors.UniqueViolation: duplicate key value violates unique constraint "user_messages_message_pkey"
DETAIL:  Key (id)=(3) already exists.


The above exception was the direct cause of the following exception:

Traceback (most recent call last):
  File "C:\Users\ebedr\Desktop\erin\agri_trade\venv\lib\site-packages\django\core\handlers\exception.py", line 55, in inner
    response = get_response(request)
  File "C:\Users\ebedr\Desktop\erin\agri_trade\venv\lib\site-packages\django\core\handlers\base.py", line 197, in _get_response
    response = wrapped_callback(request, *callback_args, **callback_kwargs)
  File "C:\Users\ebedr\Desktop\erin\agri_trade\venv\lib\site-packages\django\contrib\auth\decorators.py", line 23, in _wrapped_view
    return view_func(request, *args, **kwargs)
  File "C:\Users\ebedr\Desktop\erin\agri_trade\agri_trade\user_messages\views.py", line 106, in reply_message
    message.save()
  File "C:\Users\ebedr\Desktop\erin\agri_trade\venv\lib\site-packages\django\db\models\base.py", line 812, in save
    self.save_base(
  File "C:\Users\ebedr\Desktop\erin\agri_trade\venv\lib\site-packages\django\db\models\base.py", line 863, in save_base
    updated = self._save_table(
  File "C:\Users\ebedr\Desktop\erin\agri_trade\venv\lib\site-packages\django\db\models\base.py", line 1006, in _save_table
    results = self._do_insert(
  File "C:\Users\ebedr\Desktop\erin\agri_trade\venv\lib\site-packages\django\db\models\base.py", line 1047, in _do_insert
    return manager._insert(
  File "C:\Users\ebedr\Desktop\erin\agri_trade\venv\lib\site-packages\django\db\models\manager.py", line 85, in manager_method
    return getattr(self.get_queryset(), name)(*args, **kwargs)
  File "C:\Users\ebedr\Desktop\erin\agri_trade\venv\lib\site-packages\django\db\models\query.py", line 1790, in _insert
    return query.get_compiler(using=using).execute_sql(returning_fields)
  File "C:\Users\ebedr\Desktop\erin\agri_trade\venv\lib\site-packages\django\db\models\sql\compiler.py", line 1660, in execute_sql
    cursor.execute(sql, params)
  File "C:\Users\ebedr\Desktop\erin\agri_trade\venv\lib\site-packages\django\db\backends\utils.py", line 103, in execute
    return super().execute(sql, params)
  File "C:\Users\ebedr\Desktop\erin\agri_trade\venv\lib\site-packages\django\db\backends\utils.py", line 67, in execute
    return self._execute_with_wrappers(
  File "C:\Users\ebedr\Desktop\erin\agri_trade\venv\lib\site-packages\django\db\backends\utils.py", line 80, in _execute_with_wrappers
    return executor(sql, params, many, context)
  File "C:\Users\ebedr\Desktop\erin\agri_trade\venv\lib\site-packages\django\db\backends\utils.py", line 89, in _execute
    return self.cursor.execute(sql, params)
  File "C:\Users\ebedr\Desktop\erin\agri_trade\venv\lib\site-packages\django\db\utils.py", line 91, in __exit__
    raise dj_exc_value.with_traceback(traceback) from exc_value
  File "C:\Users\ebedr\Desktop\erin\agri_trade\venv\lib\site-packages\django\db\backends\utils.py", line 89, in _execute
    return self.cursor.execute(sql, params)
django.db.utils.IntegrityError: duplicate key value violates unique constraint "user_messages_message_pkey"
DETAIL:  Key (id)=(3) already exists.

[2022-11-18 22:40:10,556] - [ERROR] "POST /messages/reply-to/2 HTTP/1.1" 500 145617
[2022-11-18 22:40:10,904] - [WARNING] Not Found: /favicon.ico
[2022-11-18 22:40:10,904] - [WARNING] "GET /favicon.ico HTTP/1.1" 404 3562
[2022-11-18 22:40:24,338] - [INFO] "POST /messages/reply-to/2 HTTP/1.1" 302 0
[2022-11-18 22:40:24,433] - [INFO] "GET /messages/ HTTP/1.1" 200 10459
[2022-11-18 22:40:34,599] - [INFO] "GET /messages/ HTTP/1.1" 200 10158
[2022-11-18 22:40:34,646] - [INFO] C:\Users\ebedr\Desktop\erin\agri_trade\agri_trade\user_messages\services.py changed, reloading.
[2022-11-18 22:40:36,232] - [INFO] Watching for file changes with StatReloader
[2022-11-18 22:40:36,691] - [INFO] "GET /messages/ HTTP/1.1" 200 10158
[2022-11-18 22:40:37,038] - [INFO] "GET /messages/ HTTP/1.1" 200 10158
[2022-11-18 22:40:37,503] - [INFO] "GET /messages/ HTTP/1.1" 200 10158
[2022-11-18 22:41:40,316] - [INFO] "GET /messages/message/1 HTTP/1.1" 200 6098
[2022-11-18 22:41:40,394] - [INFO] C:\Users\ebedr\Desktop\erin\agri_trade\agri_trade\user_messages\services.py changed, reloading.
[2022-11-18 22:41:41,540] - [INFO] Watching for file changes with StatReloader
[2022-11-18 22:41:42,579] - [INFO] "GET /messages/message/1 HTTP/1.1" 200 6098
[2022-11-18 22:43:18,002] - [INFO] "GET /messages/ HTTP/1.1" 200 10158
[2022-11-18 22:43:18,421] - [INFO] "GET /messages/ HTTP/1.1" 200 10158
[2022-11-18 22:43:18,482] - [INFO] C:\Users\ebedr\Desktop\erin\agri_trade\agri_trade\user_messages\views.py changed, reloading.
[2022-11-18 22:43:19,990] - [INFO] Watching for file changes with StatReloader
[2022-11-18 22:43:20,566] - [INFO] "GET /marketplace/ HTTP/1.1" 200 11076
[2022-11-18 22:43:21,736] - [INFO] "GET /messages/ HTTP/1.1" 200 10158
[2022-11-18 22:43:22,520] - [INFO] "GET /messages/message/1 HTTP/1.1" 200 6098
[2022-11-18 22:43:23,655] - [INFO] "GET /messages/reply-to/1 HTTP/1.1" 200 6810
[2022-11-18 22:43:25,761] - [INFO] "POST /messages/reply-to/1 HTTP/1.1" 302 0
[2022-11-18 22:43:25,854] - [INFO] "GET /messages/ HTTP/1.1" 200 11259
[2022-11-18 22:46:07,624] - [INFO] "GET /messages/ HTTP/1.1" 200 10958
[2022-11-18 22:46:07,677] - [INFO] C:\Users\ebedr\Desktop\erin\agri_trade\agri_trade\user_messages\views.py changed, reloading.
[2022-11-18 22:46:09,290] - [INFO] Watching for file changes with StatReloader
[2022-11-18 22:46:09,705] - [INFO] "GET /posts/all/ HTTP/1.1" 200 6700
[2022-11-18 22:46:10,947] - [INFO] "GET /messages/ HTTP/1.1" 200 10958
[2022-11-18 22:46:12,217] - [INFO] "GET /messages/message/2 HTTP/1.1" 200 6098
[2022-11-18 22:46:13,888] - [INFO] "GET /messages/reply-to/2 HTTP/1.1" 200 6814
[2022-11-18 22:46:16,092] - [INFO] "POST /messages/reply-to/2 HTTP/1.1" 302 0
[2022-11-18 22:46:16,189] - [INFO] "GET /messages/ HTTP/1.1" 200 12073
[2022-11-18 22:46:20,443] - [INFO] "GET /messages/message/3 HTTP/1.1" 200 6098
[2022-11-18 22:46:22,016] - [INFO] "GET /messages/ HTTP/1.1" 200 11747
[2022-11-18 22:47:48,328] - [INFO] C:\Users\ebedr\Desktop\erin\agri_trade\agri_trade\user_messages\views.py changed, reloading.
[2022-11-18 22:47:49,389] - [INFO] Watching for file changes with StatReloader
[2022-11-18 22:51:45,010] - [INFO] C:\Users\ebedr\Desktop\erin\agri_trade\agri_trade\web\views.py changed, reloading.
[2022-11-18 22:51:46,199] - [INFO] Watching for file changes with StatReloader
[2022-11-18 22:51:46,589] - [INFO] "GET /accounts/account/ HTTP/1.1" 200 11163
[2022-11-18 22:51:48,009] - [INFO] "GET /accounts/account/edit HTTP/1.1" 200 21893
[2022-11-18 22:51:48,082] - [WARNING] "GET /static/flags/de.gif HTTP/1.1" 404 1795
[2022-11-18 22:51:58,973] - [INFO] "POST /accounts/account/edit HTTP/1.1" 302 0
[2022-11-18 22:51:59,048] - [INFO] "GET /accounts/account/ HTTP/1.1" 200 11481
[2022-11-18 22:53:13,417] - [INFO] C:\Users\ebedr\Desktop\erin\agri_trade\agri_trade\accounts\views.py changed, reloading.
[2022-11-18 22:53:14,571] - [INFO] Watching for file changes with StatReloader
[2022-11-18 22:53:15,189] - [INFO] "GET /accounts/account/ HTTP/1.1" 200 11177
[2022-11-18 22:53:17,975] - [INFO] "GET /accounts/account/ HTTP/1.1" 200 11177
[2022-11-18 22:53:19,680] - [INFO] "GET / HTTP/1.1" 200 7867
[2022-11-18 22:53:21,539] - [INFO] "GET /accounts/account/ HTTP/1.1" 200 11177
[2022-11-18 22:57:28,375] - [INFO] C:\Users\ebedr\Desktop\erin\agri_trade\agri_trade\accounts\views.py changed, reloading.
[2022-11-18 22:57:29,424] - [INFO] Watching for file changes with StatReloader
[2022-11-19 11:05:29,049] - [INFO] Watching for file changes with StatReloader
[2022-11-19 11:05:31,848] - [INFO] "GET / HTTP/1.1" 200 7867
[2022-11-19 11:05:32,494] - [INFO] "GET / HTTP/1.1" 200 7867
[2022-11-19 11:05:33,652] - [INFO] "GET /marketplace/ HTTP/1.1" 200 11076
[2022-11-19 11:08:03,929] - [INFO] C:\Users\ebedr\Desktop\erin\agri_trade\agri_trade\marketplace\views.py changed, reloading.
[2022-11-19 11:08:04,788] - [INFO] Watching for file changes with StatReloader
[2022-11-19 11:08:05,340] - [INFO] "GET /marketplace/?q=ebedr HTTP/1.1" 200 11085
[2022-11-19 11:08:05,784] - [INFO] "GET /marketplace/ HTTP/1.1" 200 11076
[2022-11-19 11:08:07,784] - [INFO] "GET /marketplace/?q=asdasdasd HTTP/1.1" 200 11089
[2022-11-19 11:08:09,454] - [INFO] "GET /marketplace/ HTTP/1.1" 200 11076
[2022-11-19 11:08:12,607] - [INFO] "GET /marketplace/product-add/ HTTP/1.1" 200 33249
[2022-11-19 11:08:12,650] - [WARNING] "GET /static/flags/__.gif HTTP/1.1" 404 1795
[2022-11-19 11:08:23,835] - [WARNING] "GET /static/flags/au.gif HTTP/1.1" 404 1795
[2022-11-19 11:08:24,929] - [WARNING] "GET /static/flags/gr.gif HTTP/1.1" 404 1795
[2022-11-19 11:08:26,188] - [INFO] "POST /marketplace/product-add/ HTTP/1.1" 302 0
[2022-11-19 11:08:26,260] - [INFO] "GET /marketplace/ HTTP/1.1" 200 13158
[2022-11-19 11:08:27,341] - [INFO] "GET /marketplace/product-details/2 HTTP/1.1" 200 8156
[2022-11-19 11:08:29,162] - [INFO] "GET /marketplace/ HTTP/1.1" 200 12837
[2022-11-19 11:08:29,483] - [INFO] "GET /marketplace/ HTTP/1.1" 200 12837
[2022-11-19 11:08:31,057] - [INFO] "GET /marketplace/?q=Pulses HTTP/1.1" 200 12847
[2022-11-19 11:08:32,417] - [INFO] "GET /marketplace/?q=Organic HTTP/1.1" 200 12848
[2022-11-19 11:08:33,259] - [INFO] "GET /marketplace/ HTTP/1.1" 200 12837
[2022-11-19 11:08:33,747] - [INFO] "GET /marketplace/?q=ebedr HTTP/1.1" 200 12846
[2022-11-19 11:08:34,327] - [INFO] "GET /marketplace/ HTTP/1.1" 200 12837
[2022-11-19 11:08:36,320] - [INFO] "GET /marketplace/?q=sdfsdfsdf HTTP/1.1" 200 11977
[2022-11-19 11:08:37,446] - [INFO] "GET /marketplace/ HTTP/1.1" 200 12837
[2022-11-19 11:13:28,153] - [INFO] C:\Users\ebedr\Desktop\erin\agri_trade\agri_trade\marketplace\views.py changed, reloading.
[2022-11-19 11:13:29,187] - [INFO] Watching for file changes with StatReloader
[2022-11-19 11:13:29,673] - [INFO] "GET /marketplace/favourites/ HTTP/1.1" 200 10845
[2022-11-19 11:13:31,945] - [INFO] "GET /marketplace/favourites/ HTTP/1.1" 200 10845
[2022-11-19 11:13:32,244] - [INFO] "GET /marketplace/favourites/ HTTP/1.1" 200 10845
[2022-11-19 11:13:34,775] - [INFO] "GET /marketplace/favourites/?q=xycxc HTTP/1.1" 200 10854
[2022-11-19 11:13:35,855] - [INFO] "GET /marketplace/favourites/ HTTP/1.1" 200 10845
[2022-11-19 11:16:38,950] - [INFO] C:\Users\ebedr\Desktop\erin\agri_trade\agri_trade\marketplace\services.py changed, reloading.
[2022-11-19 11:16:39,763] - [INFO] Watching for file changes with StatReloader
[2022-11-19 11:16:40,205] - [INFO] "GET /marketplace/ HTTP/1.1" 200 12837
[2022-11-19 11:16:40,642] - [INFO] "GET /marketplace/ HTTP/1.1" 200 12837
[2022-11-19 11:19:34,661] - [INFO] "GET /marketplace/?q=ebedr HTTP/1.1" 200 12846
[2022-11-19 11:19:35,077] - [INFO] C:\Users\ebedr\Desktop\erin\agri_trade\agri_trade\marketplace\services.py changed, reloading.
[2022-11-19 11:19:35,896] - [INFO] Watching for file changes with StatReloader
[2022-11-19 11:19:36,386] - [INFO] "GET /marketplace/ HTTP/1.1" 200 12837
[2022-11-19 11:19:36,397] - [INFO] - Broken pipe from ('127.0.0.1', 51867)
[2022-11-19 11:19:36,748] - [INFO] "GET /marketplace/?q=ebedr HTTP/1.1" 200 12846
[2022-11-19 11:19:37,334] - [INFO] "GET /marketplace/product-details/2 HTTP/1.1" 200 8156
[2022-11-19 11:19:39,007] - [INFO] "GET /marketplace/ HTTP/1.1" 200 12837
[2022-11-19 11:19:41,426] - [INFO] "GET /marketplace/?q=Australia HTTP/1.1" 200 12850
[2022-11-19 11:19:42,439] - [INFO] "GET /marketplace/?q=ebedr HTTP/1.1" 200 12846
[2022-11-19 11:19:42,952] - [INFO] "GET /marketplace/ HTTP/1.1" 200 12837
[2022-11-19 11:20:51,583] - [INFO] "GET /marketplace/?q=ebedr HTTP/1.1" 200 12846
[2022-11-19 11:20:51,939] - [INFO] "GET /marketplace/?q=ebedr HTTP/1.1" 200 12846
[2022-11-19 11:20:52,333] - [INFO] "GET /marketplace/ HTTP/1.1" 200 12837
[2022-11-19 11:20:52,473] - [INFO] C:\Users\ebedr\Desktop\erin\agri_trade\agri_trade\marketplace\views.py changed, reloading.
[2022-11-19 11:20:53,129] - [INFO] Watching for file changes with StatReloader
[2022-11-19 11:20:53,690] - [INFO] "GET /marketplace/ HTTP/1.1" 200 12837
[2022-11-19 11:20:55,592] - [INFO] "GET /marketplace/ HTTP/1.1" 200 12837
[2022-11-19 11:20:57,077] - [INFO] "GET /marketplace/ HTTP/1.1" 200 12837
[2022-11-19 11:22:18,849] - [INFO] C:\Users\ebedr\Desktop\erin\agri_trade\agri_trade\marketplace\views.py changed, reloading.
[2022-11-19 11:22:19,533] - [INFO] Watching for file changes with StatReloader
[2022-11-19 11:22:52,721] - [INFO] "GET /messages/ HTTP/1.1" 200 11747
[2022-11-19 11:22:54,086] - [INFO] "GET /messages/message/1 HTTP/1.1" 200 6098
[2022-11-19 11:22:55,389] - [INFO] "GET /messages/reply-to/1 HTTP/1.1" 200 6810
[2022-11-19 11:22:57,269] - [INFO] "POST /messages/reply-to/1 HTTP/1.1" 302 0
[2022-11-19 11:22:57,447] - [INFO] "GET /messages/ HTTP/1.1" 200 12850
[2022-11-19 11:23:21,785] - [INFO] "GET / HTTP/1.1" 200 7867
[2022-11-19 11:23:23,332] - [INFO] "GET /marketplace/ HTTP/1.1" 200 12837
[2022-11-19 11:26:53,307] - [INFO] C:\Users\ebedr\Desktop\erin\agri_trade\agri_trade\marketplace\views.py changed, reloading.
[2022-11-19 11:26:54,166] - [INFO] Watching for file changes with StatReloader
[2022-11-19 11:26:54,757] - [INFO] "GET /marketplace/my-products/ HTTP/1.1" 200 8524
[2022-11-19 11:27:30,849] - [INFO] "GET /marketplace/my-products/ HTTP/1.1" 200 8524
[2022-11-19 11:27:34,162] - [INFO] "GET /marketplace/favourites/ HTTP/1.1" 200 10845
[2022-11-19 11:27:36,604] - [INFO] "GET /accounts/account/ HTTP/1.1" 200 11177
[2022-11-19 11:27:38,260] - [INFO] "GET /marketplace/ HTTP/1.1" 200 12837
[2022-11-19 11:28:55,812] - [INFO] "GET /posts/all/ HTTP/1.1" 200 6701
[2022-11-19 11:28:56,749] - [INFO] "GET /posts/post/1/ HTTP/1.1" 200 5888
[2022-11-19 11:28:58,342] - [INFO] "GET /posts/post/1/comments/ HTTP/1.1" 200 8067
[2022-11-19 11:29:05,858] - [INFO] "POST /posts/post/1/comments/ HTTP/1.1" 302 0
[2022-11-19 11:29:05,919] - [INFO] "GET /posts/post/1/comments/ HTTP/1.1" 200 8875
[2022-11-19 11:29:07,592] - [INFO] "GET /marketplace/ HTTP/1.1" 200 12837
[2022-11-19 11:29:09,837] - [INFO] "GET /marketplace/product-details/2 HTTP/1.1" 200 8156
[2022-11-19 11:29:12,219] - [INFO] "GET /marketplace/product-edit/2 HTTP/1.1" 200 33062
[2022-11-19 11:29:12,320] - [WARNING] "GET /static/flags/au.gif HTTP/1.1" 404 1795
[2022-11-19 11:29:12,321] - [WARNING] "GET /static/flags/gr.gif HTTP/1.1" 404 1795
[2022-11-19 11:29:21,778] - [INFO] "POST /marketplace/product-edit/2 HTTP/1.1" 302 0
[2022-11-19 11:29:21,837] - [INFO] "GET /marketplace/ HTTP/1.1" 200 13150
[2022-11-19 11:29:23,258] - [INFO] "GET /marketplace/product-details/2 HTTP/1.1" 200 8124
[2022-11-19 11:29:23,438] - [INFO] "GET /media/produces/sunflower.jpg HTTP/1.1" 200 33040
[2022-11-19 11:29:33,419] - [INFO] "GET /marketplace/ HTTP/1.1" 200 12837
[2022-11-19 11:30:07,729] - [INFO] "GET /terms-and-conditions/ HTTP/1.1" 200 7807
[2022-11-19 11:30:09,548] - [INFO] "GET / HTTP/1.1" 200 7867
[2022-11-19 11:30:16,519] - [INFO] "GET /marketplace/ HTTP/1.1" 200 12837
[2022-11-19 11:30:18,176] - [INFO] "GET / HTTP/1.1" 200 7867
[2022-11-19 11:30:19,613] - [INFO] "GET /accounts/logout/ HTTP/1.1" 302 0
[2022-11-19 11:30:19,621] - [INFO] "GET / HTTP/1.1" 200 6056
[2022-11-19 11:30:21,847] - [INFO] "GET /accounts/register/ HTTP/1.1" 200 6606
[2022-11-19 11:30:24,422] - [INFO] "GET /accounts/login/ HTTP/1.1" 200 4986
[2022-11-19 11:30:25,210] - [INFO] "GET / HTTP/1.1" 200 5736
[2022-11-19 11:30:46,785] - [INFO] "GET /accounts/login/ HTTP/1.1" 200 4986
[2022-11-19 11:30:48,174] - [INFO] "POST /accounts/login/ HTTP/1.1" 302 0
[2022-11-19 11:30:48,341] - [INFO] "GET /marketplace/ HTTP/1.1" 200 13147
[2022-11-19 11:35:34,881] - [INFO] C:\Users\ebedr\Desktop\erin\agri_trade\agri_trade\marketplace\views.py changed, reloading.
[2022-11-19 11:35:35,754] - [INFO] Watching for file changes with StatReloader
[2022-11-19 11:35:36,184] - [INFO] "GET /marketplace/favourites/ HTTP/1.1" 200 10845
[2022-11-19 11:37:38,957] - [INFO] C:\Users\ebedr\Desktop\erin\agri_trade\agri_trade\marketplace\services.py changed, reloading.
[2022-11-19 11:37:39,711] - [INFO] Watching for file changes with StatReloader
[2022-11-19 11:37:40,118] - [INFO] "GET /marketplace/favourites/ HTTP/1.1" 200 10845
[2022-11-19 11:37:42,897] - [INFO] "GET /marketplace/favourites/?q=dfgdfg HTTP/1.1" 200 10855
[2022-11-19 11:37:44,075] - [INFO] "GET /marketplace/favourites/ HTTP/1.1" 200 10845
[2022-11-19 11:38:25,800] - [INFO] "GET /marketplace/favourites/ HTTP/1.1" 200 10845
[2022-11-19 11:38:25,941] - [INFO] "GET /marketplace/favourites/ HTTP/1.1" 200 10845
[2022-11-19 11:38:26,115] - [INFO] "GET /marketplace/favourites/ HTTP/1.1" 200 10845
[2022-11-19 11:42:15,168] - [INFO] C:\Users\ebedr\Desktop\erin\agri_trade\agri_trade\marketplace\services.py changed, reloading.
[2022-11-19 11:42:16,202] - [INFO] Watching for file changes with StatReloader
[2022-11-19 11:42:16,593] - [INFO] "GET /marketplace/favourites/ HTTP/1.1" 200 10845
[2022-11-19 11:42:18,027] - [INFO] "GET /marketplace/favourites/ HTTP/1.1" 200 10845
[2022-11-19 11:42:20,317] - [INFO] "GET /marketplace/my-products/ HTTP/1.1" 200 8524
[2022-11-19 11:42:21,520] - [INFO] "GET /marketplace/ HTTP/1.1" 200 12837
[2022-11-19 11:42:22,108] - [INFO] "GET /marketplace/product-details/2 HTTP/1.1" 200 8124
[2022-11-19 11:42:22,295] - [INFO] "GET /media/produces/sunflower.jpg HTTP/1.1" 200 33040
[2022-11-19 11:42:24,318] - [INFO] "GET /marketplace/product-edit/2 HTTP/1.1" 200 33084
[2022-11-19 11:42:24,362] - [WARNING] "GET /static/flags/gr.gif HTTP/1.1" 404 1795
[2022-11-19 11:42:24,362] - [WARNING] "GET /static/flags/au.gif HTTP/1.1" 404 1795
[2022-11-19 11:42:25,800] - [INFO] "GET /posts/all/ HTTP/1.1" 200 6701
[2022-11-19 11:42:26,336] - [INFO] "GET / HTTP/1.1" 200 7867
[2022-11-19 11:44:31,160] - [INFO] C:\Users\ebedr\Desktop\erin\agri_trade\agri_trade\marketplace\views.py changed, reloading.
[2022-11-19 11:44:31,790] - [INFO] Watching for file changes with StatReloader
[2022-11-19 11:45:46,424] - [INFO] "GET /marketplace/ HTTP/1.1" 200 12837
[2022-11-19 11:45:47,145] - [INFO] C:\Users\ebedr\Desktop\erin\agri_trade\agri_trade\marketplace\views.py changed, reloading.
[2022-11-19 11:45:47,794] - [INFO] Watching for file changes with StatReloader
[2022-11-19 11:45:48,193] - [INFO] "GET /marketplace/product-details/2 HTTP/1.1" 200 8124
[2022-11-19 11:45:48,254] - [INFO] "GET /media/produces/sunflower.jpg HTTP/1.1" 304 0
[2022-11-19 11:45:49,682] - [INFO] "GET /marketplace/product-delete/2 HTTP/1.1" 200 6286
[2022-11-19 11:46:05,489] - [INFO] "POST /marketplace/product-delete/2 HTTP/1.1" 302 0
[2022-11-19 11:46:05,650] - [INFO] "GET /marketplace/ HTTP/1.1" 200 11076
[2022-11-19 11:47:50,691] - [INFO] "GET /marketplace/product-add/ HTTP/1.1" 200 33249
[2022-11-19 11:47:50,766] - [WARNING] "GET /static/flags/__.gif HTTP/1.1" 404 1795
[2022-11-19 11:47:51,134] - [INFO] C:\Users\ebedr\Desktop\erin\agri_trade\agri_trade\marketplace\views.py changed, reloading.
[2022-11-19 11:47:52,156] - [INFO] Watching for file changes with StatReloader
[2022-11-19 11:47:58,820] - [WARNING] "GET /static/flags/az.gif HTTP/1.1" 404 1795
[2022-11-19 11:47:59,768] - [WARNING] "GET /static/flags/dz.gif HTTP/1.1" 404 1795
[2022-11-19 11:48:00,591] - [INFO] "POST /marketplace/product-add/ HTTP/1.1" 302 0
[2022-11-19 11:48:00,672] - [INFO] "GET /marketplace/ HTTP/1.1" 200 13141
[2022-11-19 11:48:02,030] - [INFO] "GET /marketplace/product-details/3 HTTP/1.1" 200 8045
[2022-11-19 11:48:02,856] - [INFO] "GET /marketplace/product-delete/3 HTTP/1.1" 200 6286
[2022-11-19 11:48:03,695] - [INFO] "POST /marketplace/product-delete/3 HTTP/1.1" 302 0
[2022-11-19 11:48:03,763] - [INFO] "GET /marketplace/ HTTP/1.1" 200 11380
[2022-11-19 11:48:07,865] - [INFO] "GET /marketplace/ HTTP/1.1" 200 11076
[2022-11-19 11:48:08,111] - [INFO] "GET /marketplace/ HTTP/1.1" 200 11076
[2022-11-19 11:53:06,231] - [INFO] C:\Users\ebedr\Desktop\erin\agri_trade\agri_trade\accounts\views.py changed, reloading.
[2022-11-19 11:53:07,044] - [INFO] Watching for file changes with StatReloader
[2022-11-19 11:53:07,463] - [INFO] "GET /accounts/logout/ HTTP/1.1" 302 0
[2022-11-19 11:53:07,479] - [INFO] "GET / HTTP/1.1" 200 6056
[2022-11-19 11:53:08,466] - [INFO] "GET /accounts/register/ HTTP/1.1" 200 6606
[2022-11-19 11:53:21,308] - [INFO] "POST /accounts/register/ HTTP/1.1" 200 7160
[2022-11-19 11:53:33,240] - [ERROR] Internal Server Error: /accounts/register/
Traceback (most recent call last):
  File "C:\Users\ebedr\Desktop\erin\agri_trade\venv\lib\site-packages\django\core\handlers\exception.py", line 55, in inner
    response = get_response(request)
  File "C:\Users\ebedr\Desktop\erin\agri_trade\venv\lib\site-packages\django\core\handlers\base.py", line 197, in _get_response
    response = wrapped_callback(request, *callback_args, **callback_kwargs)
  File "C:\Users\ebedr\Desktop\erin\agri_trade\agri_trade\accounts\views.py", line 60, in register_user
    return redirect('web:login')
  File "C:\Users\ebedr\Desktop\erin\agri_trade\venv\lib\site-packages\django\shortcuts.py", line 48, in redirect
    return redirect_class(resolve_url(to, *args, **kwargs))
  File "C:\Users\ebedr\Desktop\erin\agri_trade\venv\lib\site-packages\django\shortcuts.py", line 145, in resolve_url
    return reverse(to, args=args, kwargs=kwargs)
  File "C:\Users\ebedr\Desktop\erin\agri_trade\venv\lib\site-packages\django\urls\base.py", line 88, in reverse
    return resolver._reverse_with_prefix(view, prefix, *args, **kwargs)
  File "C:\Users\ebedr\Desktop\erin\agri_trade\venv\lib\site-packages\django\urls\resolvers.py", line 828, in _reverse_with_prefix
    raise NoReverseMatch(msg)
django.urls.exceptions.NoReverseMatch: Reverse for 'login' not found. 'login' is not a valid view function or pattern name.
[2022-11-19 11:53:33,241] - [ERROR] "POST /accounts/register/ HTTP/1.1" 500 87462
[2022-11-19 11:53:33,406] - [WARNING] Not Found: /favicon.ico
[2022-11-19 11:53:33,407] - [WARNING] "GET /favicon.ico HTTP/1.1" 404 3562
[2022-11-19 11:53:48,011] - [INFO] C:\Users\ebedr\Desktop\erin\agri_trade\agri_trade\accounts\views.py changed, reloading.
[2022-11-19 11:53:48,692] - [INFO] Watching for file changes with StatReloader
[2022-11-19 11:53:48,953] - [INFO] "POST /accounts/register/ HTTP/1.1" 200 7474
[2022-11-19 11:54:07,290] - [INFO] "POST /accounts/register/ HTTP/1.1" 302 0
[2022-11-19 11:54:07,299] - [INFO] "GET /accounts/login/ HTTP/1.1" 200 5300
[2022-11-19 11:54:16,261] - [INFO] "POST /accounts/login/ HTTP/1.1" 302 0
[2022-11-19 11:54:16,322] - [INFO] "GET /marketplace/ HTTP/1.1" 200 11377
[2022-11-19 11:56:16,033] - [INFO] C:\Users\ebedr\Desktop\erin\agri_trade\agri_trade\accounts\views.py changed, reloading.
[2022-11-19 11:56:16,647] - [INFO] Watching for file changes with StatReloader
